[ 2017-04-19T00:29:24+08:00 ] ::1 /
INFO: [ app_init ] --START--
INFO: Run Behavior\BuildLiteBehavior [ RunTime:0.000000s ]
INFO: [ app_init ] --END-- [ RunTime:0.001000s ]
INFO: [ app_begin ] --START--
INFO: Run Behavior\ReadHtmlCacheBehavior [ RunTime:0.001000s ]
INFO: [ app_begin ] --END-- [ RunTime:0.001000s ]
NOTIC: [2] Declaration of Admin\Model\NewsModel::find($id) should be compatible with Think\Model::find($options = Array) C:\xampp\htdocs\cms\Application\Admin\Model\NewsModel.class.php 第 8 行.
SQL: SHOW COLUMNS FROM `cms_news` [ RunTime:0.0050s ]
SQL: SELECT * FROM `cms_news` WHERE `status` = 1 ORDER BY count desc,news_id desc LIMIT 10   [ RunTime:0.0000s ]
NOTIC: [2] Declaration of Admin\Model\PositionContentModel::find($id) should be compatible with Think\Model::find($options = Array) C:\xampp\htdocs\cms\Application\Admin\Model\PositionContentModel.class.php 第 114 行.
SQL: SHOW COLUMNS FROM `cms_position_content` [ RunTime:0.0020s ]
SQL: SELECT * FROM `cms_position_content` WHERE `status` = 1 AND `position_id` = 3 ORDER BY listorder desc, id desc LIMIT 0,1   [ RunTime:0.0000s ]
SQL: SELECT * FROM `cms_position_content` WHERE `status` = 1 AND `position_id` = 4 ORDER BY listorder desc, id desc LIMIT 0,3   [ RunTime:0.0010s ]
SQL: SELECT * FROM `cms_news` WHERE `status` <> -1 AND `thumb` <> '' ORDER BY listorder desc ,news_id desc LIMIT 0,30   [ RunTime:0.0000s ]

[ 2017-04-19T00:39:05+08:00 ] ::1 /
INFO: [ app_init ] --START--
INFO: Run Behavior\BuildLiteBehavior [ RunTime:0.000000s ]
INFO: [ app_init ] --END-- [ RunTime:0.000000s ]
INFO: [ app_begin ] --START--
INFO: Run Behavior\ReadHtmlCacheBehavior [ RunTime:0.001000s ]
INFO: [ app_begin ] --END-- [ RunTime:0.001000s ]
NOTIC: [2] Declaration of Admin\Model\NewsModel::find($id) should be compatible with Think\Model::find($options = Array) C:\xampp\htdocs\cms\Application\Admin\Model\NewsModel.class.php 第 8 行.
SQL: SHOW COLUMNS FROM `cms_news` [ RunTime:0.0030s ]
SQL: SELECT * FROM `cms_news` WHERE `status` = 1 ORDER BY count desc,news_id desc LIMIT 10   [ RunTime:0.0010s ]
NOTIC: [2] Declaration of Admin\Model\PositionContentModel::find($id) should be compatible with Think\Model::find($options = Array) C:\xampp\htdocs\cms\Application\Admin\Model\PositionContentModel.class.php 第 114 行.
SQL: SHOW COLUMNS FROM `cms_position_content` [ RunTime:0.0030s ]
SQL: SELECT * FROM `cms_position_content` WHERE `status` = 1 AND `position_id` = 3 ORDER BY listorder desc, id desc LIMIT 0,1   [ RunTime:0.0000s ]
SQL: SELECT * FROM `cms_position_content` WHERE `status` = 1 AND `position_id` = 4 ORDER BY listorder desc, id desc LIMIT 0,3   [ RunTime:0.0010s ]
SQL: SELECT * FROM `cms_news` WHERE `status` <> -1 AND `thumb` <> '' ORDER BY listorder desc ,news_id desc LIMIT 0,30   [ RunTime:0.0000s ]
INFO: [ view_parse ] --START--
INFO: [ template_filter ] --START--
INFO: Run Behavior\ContentReplaceBehavior [ RunTime:0.000000s ]
INFO: [ template_filter ] --END-- [ RunTime:0.001000s ]
NOTIC: [2] Declaration of Admin\Model\BasicModel::save($data = Array) should be compatible with Think\Model::save($data = '', $options = Array) C:\xampp\htdocs\cms\Application\Admin\Model\BasicModel.class.php 第 21 行.
NOTIC: [2] Declaration of Admin\Model\BasicModel::select() should be compatible with Think\Model::select($options = Array) C:\xampp\htdocs\cms\Application\Admin\Model\BasicModel.class.php 第 21 行.
NOTIC: [2] Declaration of Admin\Model\MenuModel::find($id) should be compatible with Think\Model::find($options = Array) C:\xampp\htdocs\cms\Application\Admin\Model\MenuModel.class.php 第 110 行.
SQL: SHOW COLUMNS FROM `cms_menu` [ RunTime:0.0030s ]
SQL: SELECT * FROM `cms_menu` WHERE `status` = 1 AND `type` = 0 ORDER BY listorder desc,menu_id desc  [ RunTime:0.0010s ]
NOTIC: [8] Undefined index: catId C:\xampp\htdocs\cms\Application\Runtime\Cache\Home\2a94b8bda04ff446dcedd42276fc99ee.php 第 22 行.
NOTIC: [8] Undefined index: catId C:\xampp\htdocs\cms\Application\Runtime\Cache\Home\2a94b8bda04ff446dcedd42276fc99ee.php 第 24 行.
NOTIC: [8] Undefined index: catId C:\xampp\htdocs\cms\Application\Runtime\Cache\Home\2a94b8bda04ff446dcedd42276fc99ee.php 第 24 行.
NOTIC: [8] Undefined index: catId C:\xampp\htdocs\cms\Application\Runtime\Cache\Home\2a94b8bda04ff446dcedd42276fc99ee.php 第 24 行.
INFO: Run Behavior\ParseTemplateBehavior [ RunTime:0.019001s ]
INFO: [ view_parse ] --END-- [ RunTime:0.019001s ]
INFO: [ view_filter ] --START--
INFO: Run Behavior\WriteHtmlCacheBehavior [ RunTime:0.001000s ]
INFO: [ view_filter ] --END-- [ RunTime:0.001000s ]
INFO: [ app_end ] --START--
INFO: Run Behavior\ShowPageTraceBehavior [ RunTime:0.002000s ]
INFO: [ app_end ] --END-- [ RunTime:0.002000s ]

[ 2017-04-19T00:41:51+08:00 ] ::1 /
INFO: [ app_init ] --START--
INFO: Run Behavior\BuildLiteBehavior [ RunTime:0.000000s ]
INFO: [ app_init ] --END-- [ RunTime:0.000000s ]
INFO: [ app_begin ] --START--
INFO: Run Behavior\ReadHtmlCacheBehavior [ RunTime:0.000000s ]
INFO: [ app_begin ] --END-- [ RunTime:0.000000s ]
NOTIC: [2] Declaration of Admin\Model\NewsModel::find($id) should be compatible with Think\Model::find($options = Array) C:\xampp\htdocs\cms\Application\Admin\Model\NewsModel.class.php 第 8 行.
SQL: SHOW COLUMNS FROM `cms_news` [ RunTime:0.0060s ]
SQL: SELECT * FROM `cms_news` WHERE `status` = 1 ORDER BY count desc,news_id desc LIMIT 10   [ RunTime:0.0010s ]
NOTIC: [2] Declaration of Admin\Model\PositionContentModel::find($id) should be compatible with Think\Model::find($options = Array) C:\xampp\htdocs\cms\Application\Admin\Model\PositionContentModel.class.php 第 114 行.
SQL: SHOW COLUMNS FROM `cms_position_content` [ RunTime:0.0060s ]
SQL: SELECT * FROM `cms_position_content` WHERE `status` = 1 AND `position_id` = 3 ORDER BY listorder desc, id desc LIMIT 0,1   [ RunTime:0.0000s ]
SQL: SELECT * FROM `cms_position_content` WHERE `status` = 1 AND `position_id` = 4 ORDER BY listorder desc, id desc LIMIT 0,3   [ RunTime:0.0000s ]
SQL: SELECT * FROM `cms_news` WHERE `status` <> -1 AND `thumb` <> '' ORDER BY listorder desc ,news_id desc LIMIT 0,30   [ RunTime:0.0000s ]
INFO: [ view_parse ] --START--
INFO: [ template_filter ] --START--
INFO: Run Behavior\ContentReplaceBehavior [ RunTime:0.000000s ]
INFO: [ template_filter ] --END-- [ RunTime:0.000000s ]
NOTIC: [2] Declaration of Admin\Model\BasicModel::save($data = Array) should be compatible with Think\Model::save($data = '', $options = Array) C:\xampp\htdocs\cms\Application\Admin\Model\BasicModel.class.php 第 21 行.
NOTIC: [2] Declaration of Admin\Model\BasicModel::select() should be compatible with Think\Model::select($options = Array) C:\xampp\htdocs\cms\Application\Admin\Model\BasicModel.class.php 第 21 行.
NOTIC: [2] Declaration of Admin\Model\MenuModel::find($id) should be compatible with Think\Model::find($options = Array) C:\xampp\htdocs\cms\Application\Admin\Model\MenuModel.class.php 第 110 行.
SQL: SHOW COLUMNS FROM `cms_menu` [ RunTime:0.0040s ]
SQL: SELECT * FROM `cms_menu` WHERE `status` = 1 AND `type` = 0 ORDER BY listorder desc,menu_id desc  [ RunTime:0.0010s ]
NOTIC: [8] Undefined index: catId C:\xampp\htdocs\cms\Application\Runtime\Cache\Home\2a94b8bda04ff446dcedd42276fc99ee.php 第 22 行.
NOTIC: [8] Undefined index: catId C:\xampp\htdocs\cms\Application\Runtime\Cache\Home\2a94b8bda04ff446dcedd42276fc99ee.php 第 24 行.
NOTIC: [8] Undefined index: catId C:\xampp\htdocs\cms\Application\Runtime\Cache\Home\2a94b8bda04ff446dcedd42276fc99ee.php 第 24 行.
NOTIC: [8] Undefined index: catId C:\xampp\htdocs\cms\Application\Runtime\Cache\Home\2a94b8bda04ff446dcedd42276fc99ee.php 第 24 行.
INFO: Run Behavior\ParseTemplateBehavior [ RunTime:0.019001s ]
INFO: [ view_parse ] --END-- [ RunTime:0.019001s ]
INFO: [ view_filter ] --START--
INFO: Run Behavior\WriteHtmlCacheBehavior [ RunTime:0.001000s ]
INFO: [ view_filter ] --END-- [ RunTime:0.001000s ]
INFO: [ app_end ] --START--
INFO: Run Behavior\ShowPageTraceBehavior [ RunTime:0.001000s ]
INFO: [ app_end ] --END-- [ RunTime:0.001000s ]

[ 2017-04-19T00:44:03+08:00 ] ::1 /
INFO: [ app_init ] --START--
INFO: Run Behavior\BuildLiteBehavior [ RunTime:0.000000s ]
INFO: [ app_init ] --END-- [ RunTime:0.002000s ]
INFO: [ app_begin ] --START--
INFO: Run Behavior\ReadHtmlCacheBehavior [ RunTime:0.001000s ]
INFO: [ app_begin ] --END-- [ RunTime:0.001000s ]
NOTIC: [2] Declaration of Admin\Model\NewsModel::find($id) should be compatible with Think\Model::find($options = Array) C:\xampp\htdocs\cms\Application\Admin\Model\NewsModel.class.php 第 8 行.
SQL: SHOW COLUMNS FROM `cms_news` [ RunTime:0.0030s ]
SQL: SELECT * FROM `cms_news` WHERE `status` = 1 ORDER BY count desc,news_id desc LIMIT 10   [ RunTime:0.0010s ]
NOTIC: [2] Declaration of Admin\Model\PositionContentModel::find($id) should be compatible with Think\Model::find($options = Array) C:\xampp\htdocs\cms\Application\Admin\Model\PositionContentModel.class.php 第 114 行.
SQL: SHOW COLUMNS FROM `cms_position_content` [ RunTime:0.0030s ]
SQL: SELECT * FROM `cms_position_content` WHERE `status` = 1 AND `position_id` = 3 ORDER BY listorder desc, id desc LIMIT 0,1   [ RunTime:0.0000s ]
SQL: SELECT * FROM `cms_position_content` WHERE `status` = 1 AND `position_id` = 4 ORDER BY listorder desc, id desc LIMIT 0,3   [ RunTime:0.0010s ]
SQL: SELECT * FROM `cms_news` WHERE `status` <> -1 AND `thumb` <> '' ORDER BY listorder desc ,news_id desc LIMIT 0,30   [ RunTime:0.0000s ]
INFO: [ view_parse ] --START--
INFO: [ template_filter ] --START--
INFO: Run Behavior\ContentReplaceBehavior [ RunTime:0.001000s ]
INFO: [ template_filter ] --END-- [ RunTime:0.001000s ]
NOTIC: [2] Declaration of Admin\Model\BasicModel::save($data = Array) should be compatible with Think\Model::save($data = '', $options = Array) C:\xampp\htdocs\cms\Application\Admin\Model\BasicModel.class.php 第 21 行.
NOTIC: [2] Declaration of Admin\Model\BasicModel::select() should be compatible with Think\Model::select($options = Array) C:\xampp\htdocs\cms\Application\Admin\Model\BasicModel.class.php 第 21 行.
NOTIC: [2] Declaration of Admin\Model\MenuModel::find($id) should be compatible with Think\Model::find($options = Array) C:\xampp\htdocs\cms\Application\Admin\Model\MenuModel.class.php 第 110 行.
SQL: SHOW COLUMNS FROM `cms_menu` [ RunTime:0.0030s ]
SQL: SELECT * FROM `cms_menu` WHERE `status` = 1 AND `type` = 0 ORDER BY listorder desc,menu_id desc  [ RunTime:0.0010s ]
NOTIC: [8] Undefined index: catId C:\xampp\htdocs\cms\Application\Runtime\Cache\Home\2a94b8bda04ff446dcedd42276fc99ee.php 第 22 行.
NOTIC: [8] Undefined index: catId C:\xampp\htdocs\cms\Application\Runtime\Cache\Home\2a94b8bda04ff446dcedd42276fc99ee.php 第 24 行.
NOTIC: [8] Undefined index: catId C:\xampp\htdocs\cms\Application\Runtime\Cache\Home\2a94b8bda04ff446dcedd42276fc99ee.php 第 24 行.
NOTIC: [8] Undefined index: catId C:\xampp\htdocs\cms\Application\Runtime\Cache\Home\2a94b8bda04ff446dcedd42276fc99ee.php 第 24 行.
INFO: Run Behavior\ParseTemplateBehavior [ RunTime:0.015001s ]
INFO: [ view_parse ] --END-- [ RunTime:0.015001s ]
INFO: [ view_filter ] --START--
INFO: Run Behavior\WriteHtmlCacheBehavior [ RunTime:0.000000s ]
INFO: [ view_filter ] --END-- [ RunTime:0.001000s ]
INFO: [ app_end ] --START--
INFO: Run Behavior\ShowPageTraceBehavior [ RunTime:0.000000s ]
INFO: [ app_end ] --END-- [ RunTime:0.000000s ]

[ 2017-04-19T00:45:51+08:00 ] ::1 /
INFO: [ app_init ] --START--
INFO: Run Behavior\BuildLiteBehavior [ RunTime:0.000000s ]
INFO: [ app_init ] --END-- [ RunTime:0.001000s ]
INFO: [ app_begin ] --START--
INFO: Run Behavior\ReadHtmlCacheBehavior [ RunTime:0.002000s ]
INFO: [ app_begin ] --END-- [ RunTime:0.002000s ]
NOTIC: [2] Declaration of Admin\Model\NewsModel::find($id) should be compatible with Think\Model::find($options = Array) C:\xampp\htdocs\cms\Application\Admin\Model\NewsModel.class.php 第 8 行.
SQL: SHOW COLUMNS FROM `cms_news` [ RunTime:0.0060s ]
SQL: SELECT * FROM `cms_news` WHERE `status` = 1 ORDER BY count desc,news_id desc LIMIT 10   [ RunTime:0.0010s ]
NOTIC: [2] Declaration of Admin\Model\PositionContentModel::find($id) should be compatible with Think\Model::find($options = Array) C:\xampp\htdocs\cms\Application\Admin\Model\PositionContentModel.class.php 第 114 行.
SQL: SHOW COLUMNS FROM `cms_position_content` [ RunTime:0.0030s ]
SQL: SELECT * FROM `cms_position_content` WHERE `status` = 1 AND `position_id` = 3 ORDER BY listorder desc, id desc LIMIT 0,1   [ RunTime:0.0000s ]
SQL: SELECT * FROM `cms_position_content` WHERE `status` = 1 AND `position_id` = 4 ORDER BY listorder desc, id desc LIMIT 0,3   [ RunTime:0.0000s ]
SQL: SELECT * FROM `cms_news` WHERE `status` <> -1 AND `thumb` <> '' ORDER BY listorder desc ,news_id desc LIMIT 0,30   [ RunTime:0.0000s ]
INFO: [ view_parse ] --START--
INFO: [ template_filter ] --START--
INFO: Run Behavior\ContentReplaceBehavior [ RunTime:0.000000s ]
INFO: [ template_filter ] --END-- [ RunTime:0.000000s ]
NOTIC: [2] Declaration of Admin\Model\BasicModel::save($data = Array) should be compatible with Think\Model::save($data = '', $options = Array) C:\xampp\htdocs\cms\Application\Admin\Model\BasicModel.class.php 第 21 行.
NOTIC: [2] Declaration of Admin\Model\BasicModel::select() should be compatible with Think\Model::select($options = Array) C:\xampp\htdocs\cms\Application\Admin\Model\BasicModel.class.php 第 21 行.
NOTIC: [2] Declaration of Admin\Model\MenuModel::find($id) should be compatible with Think\Model::find($options = Array) C:\xampp\htdocs\cms\Application\Admin\Model\MenuModel.class.php 第 110 行.
SQL: SHOW COLUMNS FROM `cms_menu` [ RunTime:0.0040s ]
SQL: SELECT * FROM `cms_menu` WHERE `status` = 1 AND `type` = 0 ORDER BY listorder desc,menu_id desc  [ RunTime:0.0000s ]
NOTIC: [8] Undefined index: catId C:\xampp\htdocs\cms\Application\Runtime\Cache\Home\2a94b8bda04ff446dcedd42276fc99ee.php 第 22 行.
NOTIC: [8] Undefined index: catId C:\xampp\htdocs\cms\Application\Runtime\Cache\Home\2a94b8bda04ff446dcedd42276fc99ee.php 第 24 行.
NOTIC: [8] Undefined index: catId C:\xampp\htdocs\cms\Application\Runtime\Cache\Home\2a94b8bda04ff446dcedd42276fc99ee.php 第 24 行.
NOTIC: [8] Undefined index: catId C:\xampp\htdocs\cms\Application\Runtime\Cache\Home\2a94b8bda04ff446dcedd42276fc99ee.php 第 24 行.
INFO: Run Behavior\ParseTemplateBehavior [ RunTime:0.021001s ]
INFO: [ view_parse ] --END-- [ RunTime:0.021001s ]
INFO: [ view_filter ] --START--
INFO: Run Behavior\WriteHtmlCacheBehavior [ RunTime:0.001000s ]
INFO: [ view_filter ] --END-- [ RunTime:0.001000s ]
INFO: [ app_end ] --START--
INFO: Run Behavior\ShowPageTraceBehavior [ RunTime:0.001000s ]
INFO: [ app_end ] --END-- [ RunTime:0.001000s ]

[ 2017-04-19T00:54:11+08:00 ] ::1 /
INFO: [ app_init ] --START--
INFO: Run Behavior\BuildLiteBehavior [ RunTime:0.000000s ]
INFO: [ app_init ] --END-- [ RunTime:0.000000s ]
INFO: [ app_begin ] --START--
INFO: Run Behavior\ReadHtmlCacheBehavior [ RunTime:0.001000s ]
INFO: [ app_begin ] --END-- [ RunTime:0.001000s ]
NOTIC: [2] Declaration of Admin\Model\NewsModel::find($id) should be compatible with Think\Model::find($options = Array) C:\xampp\htdocs\cms\Application\Admin\Model\NewsModel.class.php 第 8 行.
SQL: SHOW COLUMNS FROM `cms_news` [ RunTime:0.0050s ]
SQL: SELECT * FROM `cms_news` WHERE `status` = 1 ORDER BY count desc,news_id desc LIMIT 10   [ RunTime:0.0000s ]
NOTIC: [2] Declaration of Admin\Model\PositionContentModel::find($id) should be compatible with Think\Model::find($options = Array) C:\xampp\htdocs\cms\Application\Admin\Model\PositionContentModel.class.php 第 114 行.
SQL: SHOW COLUMNS FROM `cms_position_content` [ RunTime:0.0030s ]
SQL: SELECT * FROM `cms_position_content` WHERE `status` = 1 AND `position_id` = 5 ORDER BY listorder desc, id desc LIMIT 0,5   [ RunTime:0.0010s ]
SQL: SELECT * FROM `cms_position_content` WHERE `status` = 1 AND `position_id` = 3 ORDER BY listorder desc, id desc LIMIT 0,1   [ RunTime:0.0000s ]
SQL: SELECT * FROM `cms_position_content` WHERE `status` = 1 AND `position_id` = 4 ORDER BY listorder desc, id desc LIMIT 0,3   [ RunTime:0.0010s ]
SQL: SELECT * FROM `cms_news` WHERE `status` <> -1 AND `thumb` <> '' ORDER BY listorder desc ,news_id desc LIMIT 0,30   [ RunTime:0.0010s ]

[ 2017-04-19T00:54:34+08:00 ] ::1 /
INFO: [ app_init ] --START--
INFO: Run Behavior\BuildLiteBehavior [ RunTime:0.000000s ]
INFO: [ app_init ] --END-- [ RunTime:0.000000s ]
INFO: [ app_begin ] --START--
INFO: Run Behavior\ReadHtmlCacheBehavior [ RunTime:0.001000s ]
INFO: [ app_begin ] --END-- [ RunTime:0.001000s ]
NOTIC: [2] Declaration of Admin\Model\NewsModel::find($id) should be compatible with Think\Model::find($options = Array) C:\xampp\htdocs\cms\Application\Admin\Model\NewsModel.class.php 第 8 行.
SQL: SHOW COLUMNS FROM `cms_news` [ RunTime:0.0050s ]
SQL: SELECT * FROM `cms_news` WHERE `status` = 1 ORDER BY count desc,news_id desc LIMIT 10   [ RunTime:0.0010s ]
NOTIC: [2] Declaration of Admin\Model\PositionContentModel::find($id) should be compatible with Think\Model::find($options = Array) C:\xampp\htdocs\cms\Application\Admin\Model\PositionContentModel.class.php 第 114 行.
SQL: SHOW COLUMNS FROM `cms_position_content` [ RunTime:0.0040s ]
SQL: SELECT * FROM `cms_position_content` WHERE `status` = 1 AND `position_id` = 5 ORDER BY listorder desc, id desc LIMIT 0,5   [ RunTime:0.0000s ]
SQL: SELECT * FROM `cms_position_content` WHERE `status` = 1 AND `position_id` = 3 ORDER BY listorder desc, id desc LIMIT 0,1   [ RunTime:0.0000s ]
SQL: SELECT * FROM `cms_position_content` WHERE `status` = 1 AND `position_id` = 4 ORDER BY listorder desc, id desc LIMIT 0,3   [ RunTime:0.0010s ]
SQL: SELECT * FROM `cms_news` WHERE `status` <> -1 AND `thumb` <> '' ORDER BY listorder desc ,news_id desc LIMIT 0,30   [ RunTime:0.0000s ]

[ 2017-04-19T00:56:32+08:00 ] ::1 /
INFO: [ app_init ] --START--
INFO: Run Behavior\BuildLiteBehavior [ RunTime:0.000000s ]
INFO: [ app_init ] --END-- [ RunTime:0.001000s ]
INFO: [ app_begin ] --START--
INFO: Run Behavior\ReadHtmlCacheBehavior [ RunTime:0.001000s ]
INFO: [ app_begin ] --END-- [ RunTime:0.001000s ]
NOTIC: [2] Declaration of Admin\Model\NewsModel::find($id) should be compatible with Think\Model::find($options = Array) C:\xampp\htdocs\cms\Application\Admin\Model\NewsModel.class.php 第 8 行.
SQL: SHOW COLUMNS FROM `cms_news` [ RunTime:0.0050s ]
SQL: SELECT * FROM `cms_news` WHERE `status` = 1 ORDER BY count desc,news_id desc LIMIT 10   [ RunTime:0.0030s ]
NOTIC: [2] Declaration of Admin\Model\PositionContentModel::find($id) should be compatible with Think\Model::find($options = Array) C:\xampp\htdocs\cms\Application\Admin\Model\PositionContentModel.class.php 第 114 行.
SQL: SHOW COLUMNS FROM `cms_position_content` [ RunTime:0.0050s ]
SQL: SELECT * FROM `cms_position_content` WHERE `status` = 1 AND `position_id` = 5 ORDER BY listorder desc, id desc LIMIT 0,5   [ RunTime:0.0000s ]
SQL: SELECT * FROM `cms_position_content` WHERE `status` = 1 AND `position_id` = 3 ORDER BY listorder desc, id desc LIMIT 0,1   [ RunTime:0.0000s ]
SQL: SELECT * FROM `cms_position_content` WHERE `status` = 1 AND `position_id` = 4 ORDER BY listorder desc, id desc LIMIT 0,3   [ RunTime:0.0000s ]
SQL: SELECT * FROM `cms_news` WHERE `status` <> -1 AND `thumb` <> '' ORDER BY listorder desc ,news_id desc LIMIT 0,30   [ RunTime:0.0000s ]
INFO: [ view_parse ] --START--
INFO: [ template_filter ] --START--
INFO: Run Behavior\ContentReplaceBehavior [ RunTime:0.000000s ]
INFO: [ template_filter ] --END-- [ RunTime:0.000000s ]
NOTIC: [2] Declaration of Admin\Model\BasicModel::save($data = Array) should be compatible with Think\Model::save($data = '', $options = Array) C:\xampp\htdocs\cms\Application\Admin\Model\BasicModel.class.php 第 21 行.
NOTIC: [2] Declaration of Admin\Model\BasicModel::select() should be compatible with Think\Model::select($options = Array) C:\xampp\htdocs\cms\Application\Admin\Model\BasicModel.class.php 第 21 行.
NOTIC: [2] Declaration of Admin\Model\MenuModel::find($id) should be compatible with Think\Model::find($options = Array) C:\xampp\htdocs\cms\Application\Admin\Model\MenuModel.class.php 第 110 行.
SQL: SHOW COLUMNS FROM `cms_menu` [ RunTime:0.0090s ]
SQL: SELECT * FROM `cms_menu` WHERE `status` = 1 AND `type` = 0 ORDER BY listorder desc,menu_id desc  [ RunTime:0.0010s ]
NOTIC: [8] Undefined index: catId C:\xampp\htdocs\cms\Application\Runtime\Cache\Home\2a94b8bda04ff446dcedd42276fc99ee.php 第 22 行.
NOTIC: [8] Undefined index: catId C:\xampp\htdocs\cms\Application\Runtime\Cache\Home\2a94b8bda04ff446dcedd42276fc99ee.php 第 24 行.
NOTIC: [8] Undefined index: catId C:\xampp\htdocs\cms\Application\Runtime\Cache\Home\2a94b8bda04ff446dcedd42276fc99ee.php 第 24 行.
NOTIC: [8] Undefined index: catId C:\xampp\htdocs\cms\Application\Runtime\Cache\Home\2a94b8bda04ff446dcedd42276fc99ee.php 第 24 行.
INFO: Run Behavior\ParseTemplateBehavior [ RunTime:0.112007s ]
INFO: [ view_parse ] --END-- [ RunTime:0.112007s ]
INFO: [ view_filter ] --START--
INFO: Run Behavior\WriteHtmlCacheBehavior [ RunTime:0.001000s ]
INFO: [ view_filter ] --END-- [ RunTime:0.001000s ]
INFO: [ app_end ] --START--
INFO: Run Behavior\ShowPageTraceBehavior [ RunTime:0.002000s ]
INFO: [ app_end ] --END-- [ RunTime:0.002000s ]

[ 2017-04-19T00:57:56+08:00 ] ::1 /
INFO: [ app_init ] --START--
INFO: Run Behavior\BuildLiteBehavior [ RunTime:0.000000s ]
INFO: [ app_init ] --END-- [ RunTime:0.001000s ]
INFO: [ app_begin ] --START--
INFO: Run Behavior\ReadHtmlCacheBehavior [ RunTime:0.001000s ]
INFO: [ app_begin ] --END-- [ RunTime:0.002000s ]
NOTIC: [2] Declaration of Admin\Model\NewsModel::find($id) should be compatible with Think\Model::find($options = Array) C:\xampp\htdocs\cms\Application\Admin\Model\NewsModel.class.php 第 8 行.
SQL: SHOW COLUMNS FROM `cms_news` [ RunTime:0.0030s ]
SQL: SELECT * FROM `cms_news` WHERE `status` = 1 ORDER BY count desc,news_id desc LIMIT 5   [ RunTime:0.0010s ]
NOTIC: [2] Declaration of Admin\Model\PositionContentModel::find($id) should be compatible with Think\Model::find($options = Array) C:\xampp\htdocs\cms\Application\Admin\Model\PositionContentModel.class.php 第 114 行.
SQL: SHOW COLUMNS FROM `cms_position_content` [ RunTime:0.0040s ]
SQL: SELECT * FROM `cms_position_content` WHERE `status` = 1 AND `position_id` = 5 ORDER BY listorder desc, id desc LIMIT 0,5   [ RunTime:0.0010s ]
SQL: SELECT * FROM `cms_position_content` WHERE `status` = 1 AND `position_id` = 3 ORDER BY listorder desc, id desc LIMIT 0,1   [ RunTime:0.0000s ]
SQL: SELECT * FROM `cms_position_content` WHERE `status` = 1 AND `position_id` = 4 ORDER BY listorder desc, id desc LIMIT 0,3   [ RunTime:0.0010s ]
SQL: SELECT * FROM `cms_news` WHERE `status` <> -1 AND `thumb` <> '' ORDER BY listorder desc ,news_id desc LIMIT 0,30   [ RunTime:0.0000s ]
INFO: [ view_parse ] --START--
INFO: [ template_filter ] --START--
INFO: Run Behavior\ContentReplaceBehavior [ RunTime:0.000000s ]
INFO: [ template_filter ] --END-- [ RunTime:0.000000s ]
NOTIC: [2] Declaration of Admin\Model\BasicModel::save($data = Array) should be compatible with Think\Model::save($data = '', $options = Array) C:\xampp\htdocs\cms\Application\Admin\Model\BasicModel.class.php 第 21 行.
NOTIC: [2] Declaration of Admin\Model\BasicModel::select() should be compatible with Think\Model::select($options = Array) C:\xampp\htdocs\cms\Application\Admin\Model\BasicModel.class.php 第 21 行.
NOTIC: [2] Declaration of Admin\Model\MenuModel::find($id) should be compatible with Think\Model::find($options = Array) C:\xampp\htdocs\cms\Application\Admin\Model\MenuModel.class.php 第 110 行.
SQL: SHOW COLUMNS FROM `cms_menu` [ RunTime:0.0030s ]
SQL: SELECT * FROM `cms_menu` WHERE `status` = 1 AND `type` = 0 ORDER BY listorder desc,menu_id desc  [ RunTime:0.0000s ]
NOTIC: [8] Undefined index: catId C:\xampp\htdocs\cms\Application\Runtime\Cache\Home\2a94b8bda04ff446dcedd42276fc99ee.php 第 22 行.
NOTIC: [8] Undefined index: catId C:\xampp\htdocs\cms\Application\Runtime\Cache\Home\2a94b8bda04ff446dcedd42276fc99ee.php 第 24 行.
NOTIC: [8] Undefined index: catId C:\xampp\htdocs\cms\Application\Runtime\Cache\Home\2a94b8bda04ff446dcedd42276fc99ee.php 第 24 行.
NOTIC: [8] Undefined index: catId C:\xampp\htdocs\cms\Application\Runtime\Cache\Home\2a94b8bda04ff446dcedd42276fc99ee.php 第 24 行.
INFO: Run Behavior\ParseTemplateBehavior [ RunTime:0.017001s ]
INFO: [ view_parse ] --END-- [ RunTime:0.017001s ]
INFO: [ view_filter ] --START--
INFO: Run Behavior\WriteHtmlCacheBehavior [ RunTime:0.001000s ]
INFO: [ view_filter ] --END-- [ RunTime:0.001000s ]
INFO: [ app_end ] --START--
INFO: Run Behavior\ShowPageTraceBehavior [ RunTime:0.001000s ]
INFO: [ app_end ] --END-- [ RunTime:0.001000s ]

[ 2017-04-19T00:58:06+08:00 ] ::1 /
INFO: [ app_init ] --START--
INFO: Run Behavior\BuildLiteBehavior [ RunTime:0.000000s ]
INFO: [ app_init ] --END-- [ RunTime:0.000000s ]
INFO: [ app_begin ] --START--
INFO: Run Behavior\ReadHtmlCacheBehavior [ RunTime:0.001001s ]
INFO: [ app_begin ] --END-- [ RunTime:0.001001s ]
NOTIC: [2] Declaration of Admin\Model\NewsModel::find($id) should be compatible with Think\Model::find($options = Array) C:\xampp\htdocs\cms\Application\Admin\Model\NewsModel.class.php 第 8 行.
SQL: SHOW COLUMNS FROM `cms_news` [ RunTime:0.0060s ]
SQL: SELECT * FROM `cms_news` WHERE `status` = 1 ORDER BY count desc,news_id desc LIMIT 5   [ RunTime:0.0010s ]
NOTIC: [2] Declaration of Admin\Model\PositionContentModel::find($id) should be compatible with Think\Model::find($options = Array) C:\xampp\htdocs\cms\Application\Admin\Model\PositionContentModel.class.php 第 114 行.
SQL: SHOW COLUMNS FROM `cms_position_content` [ RunTime:0.0050s ]
SQL: SELECT * FROM `cms_position_content` WHERE `status` = 1 AND `position_id` = 5 ORDER BY listorder desc, id desc LIMIT 0,5   [ RunTime:0.0030s ]
SQL: SELECT * FROM `cms_position_content` WHERE `status` = 1 AND `position_id` = 3 ORDER BY listorder desc, id desc LIMIT 0,1   [ RunTime:0.0010s ]
SQL: SELECT * FROM `cms_position_content` WHERE `status` = 1 AND `position_id` = 4 ORDER BY listorder desc, id desc LIMIT 0,3   [ RunTime:0.0010s ]
SQL: SELECT * FROM `cms_news` WHERE `status` <> -1 AND `thumb` <> '' ORDER BY listorder desc ,news_id desc LIMIT 0,30   [ RunTime:0.0010s ]
INFO: [ view_parse ] --START--
INFO: [ template_filter ] --START--
INFO: Run Behavior\ContentReplaceBehavior [ RunTime:0.000000s ]
INFO: [ template_filter ] --END-- [ RunTime:0.000000s ]
NOTIC: [2] Declaration of Admin\Model\BasicModel::save($data = Array) should be compatible with Think\Model::save($data = '', $options = Array) C:\xampp\htdocs\cms\Application\Admin\Model\BasicModel.class.php 第 21 行.
NOTIC: [2] Declaration of Admin\Model\BasicModel::select() should be compatible with Think\Model::select($options = Array) C:\xampp\htdocs\cms\Application\Admin\Model\BasicModel.class.php 第 21 行.
NOTIC: [2] Declaration of Admin\Model\MenuModel::find($id) should be compatible with Think\Model::find($options = Array) C:\xampp\htdocs\cms\Application\Admin\Model\MenuModel.class.php 第 110 行.
SQL: SHOW COLUMNS FROM `cms_menu` [ RunTime:0.0030s ]
SQL: SELECT * FROM `cms_menu` WHERE `status` = 1 AND `type` = 0 ORDER BY listorder desc,menu_id desc  [ RunTime:0.0000s ]
NOTIC: [8] Undefined index: catId C:\xampp\htdocs\cms\Application\Runtime\Cache\Home\2a94b8bda04ff446dcedd42276fc99ee.php 第 22 行.
NOTIC: [8] Undefined index: catId C:\xampp\htdocs\cms\Application\Runtime\Cache\Home\2a94b8bda04ff446dcedd42276fc99ee.php 第 24 行.
NOTIC: [8] Undefined index: catId C:\xampp\htdocs\cms\Application\Runtime\Cache\Home\2a94b8bda04ff446dcedd42276fc99ee.php 第 24 行.
NOTIC: [8] Undefined index: catId C:\xampp\htdocs\cms\Application\Runtime\Cache\Home\2a94b8bda04ff446dcedd42276fc99ee.php 第 24 行.
INFO: Run Behavior\ParseTemplateBehavior [ RunTime:0.018001s ]
INFO: [ view_parse ] --END-- [ RunTime:0.018001s ]
INFO: [ view_filter ] --START--
INFO: Run Behavior\WriteHtmlCacheBehavior [ RunTime:0.000000s ]
INFO: [ view_filter ] --END-- [ RunTime:0.000000s ]
INFO: [ app_end ] --START--
INFO: Run Behavior\ShowPageTraceBehavior [ RunTime:0.001000s ]
INFO: [ app_end ] --END-- [ RunTime:0.001000s ]

[ 2017-04-19T00:58:25+08:00 ] ::1 /
INFO: [ app_init ] --START--
INFO: Run Behavior\BuildLiteBehavior [ RunTime:0.000000s ]
INFO: [ app_init ] --END-- [ RunTime:0.001000s ]
INFO: [ app_begin ] --START--
INFO: Run Behavior\ReadHtmlCacheBehavior [ RunTime:0.001000s ]
INFO: [ app_begin ] --END-- [ RunTime:0.001000s ]
NOTIC: [2] Declaration of Admin\Model\NewsModel::find($id) should be compatible with Think\Model::find($options = Array) C:\xampp\htdocs\cms\Application\Admin\Model\NewsModel.class.php 第 8 行.
SQL: SHOW COLUMNS FROM `cms_news` [ RunTime:0.0040s ]
SQL: SELECT * FROM `cms_news` WHERE `status` = 1 ORDER BY count desc,news_id desc LIMIT 5   [ RunTime:0.0000s ]
NOTIC: [2] Declaration of Admin\Model\PositionContentModel::find($id) should be compatible with Think\Model::find($options = Array) C:\xampp\htdocs\cms\Application\Admin\Model\PositionContentModel.class.php 第 114 行.
SQL: SHOW COLUMNS FROM `cms_position_content` [ RunTime:0.0040s ]
SQL: SELECT * FROM `cms_position_content` WHERE `status` = 1 AND `position_id` = 5 ORDER BY listorder desc, id desc LIMIT 0,5   [ RunTime:0.0010s ]
SQL: SELECT * FROM `cms_position_content` WHERE `status` = 1 AND `position_id` = 3 ORDER BY listorder desc, id desc LIMIT 0,1   [ RunTime:0.0010s ]
SQL: SELECT * FROM `cms_position_content` WHERE `status` = 1 AND `position_id` = 4 ORDER BY listorder desc, id desc LIMIT 0,3   [ RunTime:0.0000s ]
SQL: SELECT * FROM `cms_news` WHERE `status` <> -1 AND `thumb` <> '' ORDER BY listorder desc ,news_id desc LIMIT 0,30   [ RunTime:0.0010s ]
INFO: [ view_parse ] --START--
INFO: [ template_filter ] --START--
INFO: Run Behavior\ContentReplaceBehavior [ RunTime:0.000000s ]
INFO: [ template_filter ] --END-- [ RunTime:0.000000s ]
NOTIC: [2] Declaration of Admin\Model\BasicModel::save($data = Array) should be compatible with Think\Model::save($data = '', $options = Array) C:\xampp\htdocs\cms\Application\Admin\Model\BasicModel.class.php 第 21 行.
NOTIC: [2] Declaration of Admin\Model\BasicModel::select() should be compatible with Think\Model::select($options = Array) C:\xampp\htdocs\cms\Application\Admin\Model\BasicModel.class.php 第 21 行.
NOTIC: [2] Declaration of Admin\Model\MenuModel::find($id) should be compatible with Think\Model::find($options = Array) C:\xampp\htdocs\cms\Application\Admin\Model\MenuModel.class.php 第 110 行.
SQL: SHOW COLUMNS FROM `cms_menu` [ RunTime:0.0030s ]
SQL: SELECT * FROM `cms_menu` WHERE `status` = 1 AND `type` = 0 ORDER BY listorder desc,menu_id desc  [ RunTime:0.0010s ]
NOTIC: [8] Undefined index: catId C:\xampp\htdocs\cms\Application\Runtime\Cache\Home\2a94b8bda04ff446dcedd42276fc99ee.php 第 22 行.
NOTIC: [8] Undefined index: catId C:\xampp\htdocs\cms\Application\Runtime\Cache\Home\2a94b8bda04ff446dcedd42276fc99ee.php 第 24 行.
NOTIC: [8] Undefined index: catId C:\xampp\htdocs\cms\Application\Runtime\Cache\Home\2a94b8bda04ff446dcedd42276fc99ee.php 第 24 行.
NOTIC: [8] Undefined index: catId C:\xampp\htdocs\cms\Application\Runtime\Cache\Home\2a94b8bda04ff446dcedd42276fc99ee.php 第 24 行.
INFO: Run Behavior\ParseTemplateBehavior [ RunTime:0.023001s ]
INFO: [ view_parse ] --END-- [ RunTime:0.023001s ]
INFO: [ view_filter ] --START--
INFO: Run Behavior\WriteHtmlCacheBehavior [ RunTime:0.002000s ]
INFO: [ view_filter ] --END-- [ RunTime:0.002000s ]
INFO: [ app_end ] --START--
INFO: Run Behavior\ShowPageTraceBehavior [ RunTime:0.004001s ]
INFO: [ app_end ] --END-- [ RunTime:0.004001s ]

[ 2017-04-19T00:58:36+08:00 ] ::1 /
INFO: [ app_init ] --START--
INFO: Run Behavior\BuildLiteBehavior [ RunTime:0.000000s ]
INFO: [ app_init ] --END-- [ RunTime:0.002000s ]
INFO: [ app_begin ] --START--
INFO: Run Behavior\ReadHtmlCacheBehavior [ RunTime:0.001001s ]
INFO: [ app_begin ] --END-- [ RunTime:0.001001s ]
NOTIC: [2] Declaration of Admin\Model\NewsModel::find($id) should be compatible with Think\Model::find($options = Array) C:\xampp\htdocs\cms\Application\Admin\Model\NewsModel.class.php 第 8 行.
SQL: SHOW COLUMNS FROM `cms_news` [ RunTime:0.0030s ]
SQL: SELECT * FROM `cms_news` WHERE `status` = 1 ORDER BY count desc,news_id desc LIMIT 5   [ RunTime:0.0010s ]
NOTIC: [2] Declaration of Admin\Model\PositionContentModel::find($id) should be compatible with Think\Model::find($options = Array) C:\xampp\htdocs\cms\Application\Admin\Model\PositionContentModel.class.php 第 114 行.
SQL: SHOW COLUMNS FROM `cms_position_content` [ RunTime:0.0030s ]
SQL: SELECT * FROM `cms_position_content` WHERE `status` = 1 AND `position_id` = 5 ORDER BY listorder desc, id desc LIMIT 0,5   [ RunTime:0.0010s ]
SQL: SELECT * FROM `cms_position_content` WHERE `status` = 1 AND `position_id` = 3 ORDER BY listorder desc, id desc LIMIT 0,1   [ RunTime:0.0000s ]
SQL: SELECT * FROM `cms_position_content` WHERE `status` = 1 AND `position_id` = 4 ORDER BY listorder desc, id desc LIMIT 0,3   [ RunTime:0.0010s ]
SQL: SELECT * FROM `cms_news` WHERE `status` <> -1 AND `thumb` <> '' ORDER BY listorder desc ,news_id desc LIMIT 0,30   [ RunTime:0.0000s ]
INFO: [ view_parse ] --START--
INFO: [ template_filter ] --START--
INFO: Run Behavior\ContentReplaceBehavior [ RunTime:0.000000s ]
INFO: [ template_filter ] --END-- [ RunTime:0.000000s ]
NOTIC: [2] Declaration of Admin\Model\BasicModel::save($data = Array) should be compatible with Think\Model::save($data = '', $options = Array) C:\xampp\htdocs\cms\Application\Admin\Model\BasicModel.class.php 第 21 行.
NOTIC: [2] Declaration of Admin\Model\BasicModel::select() should be compatible with Think\Model::select($options = Array) C:\xampp\htdocs\cms\Application\Admin\Model\BasicModel.class.php 第 21 行.
NOTIC: [2] Declaration of Admin\Model\MenuModel::find($id) should be compatible with Think\Model::find($options = Array) C:\xampp\htdocs\cms\Application\Admin\Model\MenuModel.class.php 第 110 行.
SQL: SHOW COLUMNS FROM `cms_menu` [ RunTime:0.0030s ]
SQL: SELECT * FROM `cms_menu` WHERE `status` = 1 AND `type` = 0 ORDER BY listorder desc,menu_id desc  [ RunTime:0.0010s ]
NOTIC: [8] Undefined index: catId C:\xampp\htdocs\cms\Application\Runtime\Cache\Home\2a94b8bda04ff446dcedd42276fc99ee.php 第 22 行.
NOTIC: [8] Undefined index: catId C:\xampp\htdocs\cms\Application\Runtime\Cache\Home\2a94b8bda04ff446dcedd42276fc99ee.php 第 24 行.
NOTIC: [8] Undefined index: catId C:\xampp\htdocs\cms\Application\Runtime\Cache\Home\2a94b8bda04ff446dcedd42276fc99ee.php 第 24 行.
NOTIC: [8] Undefined index: catId C:\xampp\htdocs\cms\Application\Runtime\Cache\Home\2a94b8bda04ff446dcedd42276fc99ee.php 第 24 行.
INFO: Run Behavior\ParseTemplateBehavior [ RunTime:0.021002s ]
INFO: [ view_parse ] --END-- [ RunTime:0.021002s ]
INFO: [ view_filter ] --START--
INFO: Run Behavior\WriteHtmlCacheBehavior [ RunTime:0.002000s ]
INFO: [ view_filter ] --END-- [ RunTime:0.002000s ]
INFO: [ app_end ] --START--
INFO: Run Behavior\ShowPageTraceBehavior [ RunTime:0.002000s ]
INFO: [ app_end ] --END-- [ RunTime:0.002000s ]

[ 2017-04-19T00:58:47+08:00 ] ::1 /
INFO: [ app_init ] --START--
INFO: Run Behavior\BuildLiteBehavior [ RunTime:0.000000s ]
INFO: [ app_init ] --END-- [ RunTime:0.001000s ]
INFO: [ app_begin ] --START--
INFO: Run Behavior\ReadHtmlCacheBehavior [ RunTime:0.002000s ]
INFO: [ app_begin ] --END-- [ RunTime:0.002000s ]
NOTIC: [2] Declaration of Admin\Model\NewsModel::find($id) should be compatible with Think\Model::find($options = Array) C:\xampp\htdocs\cms\Application\Admin\Model\NewsModel.class.php 第 8 行.
SQL: SHOW COLUMNS FROM `cms_news` [ RunTime:0.0030s ]
SQL: SELECT * FROM `cms_news` WHERE `status` = 1 ORDER BY count desc,news_id desc LIMIT 5   [ RunTime:0.0010s ]
NOTIC: [2] Declaration of Admin\Model\PositionContentModel::find($id) should be compatible with Think\Model::find($options = Array) C:\xampp\htdocs\cms\Application\Admin\Model\PositionContentModel.class.php 第 114 行.
SQL: SHOW COLUMNS FROM `cms_position_content` [ RunTime:0.0040s ]
SQL: SELECT * FROM `cms_position_content` WHERE `status` = 1 AND `position_id` = 5 ORDER BY listorder desc, id desc LIMIT 0,5   [ RunTime:0.0000s ]
SQL: SELECT * FROM `cms_position_content` WHERE `status` = 1 AND `position_id` = 3 ORDER BY listorder desc, id desc LIMIT 0,1   [ RunTime:0.0010s ]
SQL: SELECT * FROM `cms_position_content` WHERE `status` = 1 AND `position_id` = 4 ORDER BY listorder desc, id desc LIMIT 0,3   [ RunTime:0.0000s ]
SQL: SELECT * FROM `cms_news` WHERE `status` <> -1 AND `thumb` <> '' ORDER BY listorder desc ,news_id desc LIMIT 0,30   [ RunTime:0.0010s ]
INFO: [ view_parse ] --START--
INFO: [ template_filter ] --START--
INFO: Run Behavior\ContentReplaceBehavior [ RunTime:0.000000s ]
INFO: [ template_filter ] --END-- [ RunTime:0.001000s ]
NOTIC: [2] Declaration of Admin\Model\BasicModel::save($data = Array) should be compatible with Think\Model::save($data = '', $options = Array) C:\xampp\htdocs\cms\Application\Admin\Model\BasicModel.class.php 第 21 行.
NOTIC: [2] Declaration of Admin\Model\BasicModel::select() should be compatible with Think\Model::select($options = Array) C:\xampp\htdocs\cms\Application\Admin\Model\BasicModel.class.php 第 21 行.
NOTIC: [2] Declaration of Admin\Model\MenuModel::find($id) should be compatible with Think\Model::find($options = Array) C:\xampp\htdocs\cms\Application\Admin\Model\MenuModel.class.php 第 110 行.
SQL: SHOW COLUMNS FROM `cms_menu` [ RunTime:0.0030s ]
SQL: SELECT * FROM `cms_menu` WHERE `status` = 1 AND `type` = 0 ORDER BY listorder desc,menu_id desc  [ RunTime:0.0010s ]
NOTIC: [8] Undefined index: catId C:\xampp\htdocs\cms\Application\Runtime\Cache\Home\2a94b8bda04ff446dcedd42276fc99ee.php 第 22 行.
NOTIC: [8] Undefined index: catId C:\xampp\htdocs\cms\Application\Runtime\Cache\Home\2a94b8bda04ff446dcedd42276fc99ee.php 第 24 行.
NOTIC: [8] Undefined index: catId C:\xampp\htdocs\cms\Application\Runtime\Cache\Home\2a94b8bda04ff446dcedd42276fc99ee.php 第 24 行.
NOTIC: [8] Undefined index: catId C:\xampp\htdocs\cms\Application\Runtime\Cache\Home\2a94b8bda04ff446dcedd42276fc99ee.php 第 24 行.
INFO: Run Behavior\ParseTemplateBehavior [ RunTime:0.022001s ]
INFO: [ view_parse ] --END-- [ RunTime:0.022001s ]
INFO: [ view_filter ] --START--
INFO: Run Behavior\WriteHtmlCacheBehavior [ RunTime:0.002000s ]
INFO: [ view_filter ] --END-- [ RunTime:0.002000s ]
INFO: [ app_end ] --START--
INFO: Run Behavior\ShowPageTraceBehavior [ RunTime:0.003000s ]
INFO: [ app_end ] --END-- [ RunTime:0.003000s ]

[ 2017-04-19T00:59:22+08:00 ] ::1 /
INFO: [ app_init ] --START--
INFO: Run Behavior\BuildLiteBehavior [ RunTime:0.000000s ]
INFO: [ app_init ] --END-- [ RunTime:0.001000s ]
INFO: [ app_begin ] --START--
INFO: Run Behavior\ReadHtmlCacheBehavior [ RunTime:0.004001s ]
INFO: [ app_begin ] --END-- [ RunTime:0.004001s ]
NOTIC: [2] Declaration of Admin\Model\NewsModel::find($id) should be compatible with Think\Model::find($options = Array) C:\xampp\htdocs\cms\Application\Admin\Model\NewsModel.class.php 第 8 行.
SQL: SHOW COLUMNS FROM `cms_news` [ RunTime:0.0030s ]
SQL: SELECT * FROM `cms_news` WHERE `status` = 1 ORDER BY count desc,news_id desc LIMIT 5   [ RunTime:0.0010s ]
NOTIC: [2] Declaration of Admin\Model\PositionContentModel::find($id) should be compatible with Think\Model::find($options = Array) C:\xampp\htdocs\cms\Application\Admin\Model\PositionContentModel.class.php 第 114 行.
SQL: SHOW COLUMNS FROM `cms_position_content` [ RunTime:0.0040s ]
SQL: SELECT * FROM `cms_position_content` WHERE `status` = 1 AND `position_id` = 5 ORDER BY listorder desc, id desc LIMIT 0,5   [ RunTime:0.0000s ]
SQL: SELECT * FROM `cms_position_content` WHERE `status` = 1 AND `position_id` = 3 ORDER BY listorder desc, id desc LIMIT 0,1   [ RunTime:0.0010s ]
SQL: SELECT * FROM `cms_position_content` WHERE `status` = 1 AND `position_id` = 4 ORDER BY listorder desc, id desc LIMIT 0,3   [ RunTime:0.0000s ]
SQL: SELECT * FROM `cms_news` WHERE `status` <> -1 AND `thumb` <> '' ORDER BY listorder desc ,news_id desc LIMIT 0,30   [ RunTime:0.0000s ]
INFO: [ view_parse ] --START--
INFO: [ template_filter ] --START--
INFO: Run Behavior\ContentReplaceBehavior [ RunTime:0.000000s ]
INFO: [ template_filter ] --END-- [ RunTime:0.000000s ]
NOTIC: [2] Declaration of Admin\Model\BasicModel::save($data = Array) should be compatible with Think\Model::save($data = '', $options = Array) C:\xampp\htdocs\cms\Application\Admin\Model\BasicModel.class.php 第 21 行.
NOTIC: [2] Declaration of Admin\Model\BasicModel::select() should be compatible with Think\Model::select($options = Array) C:\xampp\htdocs\cms\Application\Admin\Model\BasicModel.class.php 第 21 行.
NOTIC: [2] Declaration of Admin\Model\MenuModel::find($id) should be compatible with Think\Model::find($options = Array) C:\xampp\htdocs\cms\Application\Admin\Model\MenuModel.class.php 第 110 行.
SQL: SHOW COLUMNS FROM `cms_menu` [ RunTime:0.0040s ]
SQL: SELECT * FROM `cms_menu` WHERE `status` = 1 AND `type` = 0 ORDER BY listorder desc,menu_id desc  [ RunTime:0.0000s ]
NOTIC: [8] Undefined index: catId C:\xampp\htdocs\cms\Application\Runtime\Cache\Home\2a94b8bda04ff446dcedd42276fc99ee.php 第 22 行.
NOTIC: [8] Undefined index: catId C:\xampp\htdocs\cms\Application\Runtime\Cache\Home\2a94b8bda04ff446dcedd42276fc99ee.php 第 24 行.
NOTIC: [8] Undefined index: catId C:\xampp\htdocs\cms\Application\Runtime\Cache\Home\2a94b8bda04ff446dcedd42276fc99ee.php 第 24 行.
NOTIC: [8] Undefined index: catId C:\xampp\htdocs\cms\Application\Runtime\Cache\Home\2a94b8bda04ff446dcedd42276fc99ee.php 第 24 行.
INFO: Run Behavior\ParseTemplateBehavior [ RunTime:0.030002s ]
INFO: [ view_parse ] --END-- [ RunTime:0.030002s ]
INFO: [ view_filter ] --START--
INFO: Run Behavior\WriteHtmlCacheBehavior [ RunTime:0.003000s ]
INFO: [ view_filter ] --END-- [ RunTime:0.003000s ]
INFO: [ app_end ] --START--
INFO: Run Behavior\ShowPageTraceBehavior [ RunTime:0.003000s ]
INFO: [ app_end ] --END-- [ RunTime:0.003000s ]

[ 2017-04-19T23:42:07+08:00 ] ::1 /index.php?c=cat&id=14
INFO: [ app_init ] --START--
INFO: Run Behavior\BuildLiteBehavior [ RunTime:0.000000s ]
INFO: [ app_init ] --END-- [ RunTime:0.001000s ]
INFO: [ app_begin ] --START--
INFO: Run Behavior\ReadHtmlCacheBehavior [ RunTime:0.001000s ]
INFO: [ app_begin ] --END-- [ RunTime:0.001000s ]
NOTIC: [2] Declaration of Home\Controller\CommonController::error($message = '') should be compatible with Think\Controller::error($message = '', $jumpUrl = '', $ajax = false) C:\xampp\htdocs\cms\Application\Home\Controller\CommonController.class.php 第 27 行.
INFO: [ app_end ] --START--
INFO: Run Behavior\ShowPageTraceBehavior [ RunTime:0.001000s ]
INFO: [ app_end ] --END-- [ RunTime:0.002000s ]

[ 2017-04-19T23:42:10+08:00 ] ::1 /index.php?c=cat&id=%E6%98%AF%E6%89%93%E5%8F%91
INFO: [ app_init ] --START--
INFO: Run Behavior\BuildLiteBehavior [ RunTime:0.000000s ]
INFO: [ app_init ] --END-- [ RunTime:0.001000s ]
INFO: [ app_begin ] --START--
INFO: Run Behavior\ReadHtmlCacheBehavior [ RunTime:0.001000s ]
INFO: [ app_begin ] --END-- [ RunTime:0.001000s ]
NOTIC: [2] Declaration of Home\Controller\CommonController::error($message = '') should be compatible with Think\Controller::error($message = '', $jumpUrl = '', $ajax = false) C:\xampp\htdocs\cms\Application\Home\Controller\CommonController.class.php 第 27 行.
ERR: Think\Controller:errro方法不存在！

[ 2017-04-19T23:42:21+08:00 ] ::1 /index.php?c=cat&id=%E6%98%AF%E6%89%93%E5%8F%91
INFO: [ app_init ] --START--
INFO: Run Behavior\BuildLiteBehavior [ RunTime:0.000000s ]
INFO: [ app_init ] --END-- [ RunTime:0.000000s ]
INFO: [ app_begin ] --START--
INFO: Run Behavior\ReadHtmlCacheBehavior [ RunTime:0.001000s ]
INFO: [ app_begin ] --END-- [ RunTime:0.001000s ]
NOTIC: [2] Declaration of Home\Controller\CommonController::error($message = '') should be compatible with Think\Controller::error($message = '', $jumpUrl = '', $ajax = false) C:\xampp\htdocs\cms\Application\Home\Controller\CommonController.class.php 第 27 行.
ERR: Think\Controller:errro方法不存在！

[ 2017-04-19T23:42:23+08:00 ] ::1 /index.php?c=cat&id=%E6%98%AF%E6%89%93%E5%8F%91
INFO: [ app_init ] --START--
INFO: Run Behavior\BuildLiteBehavior [ RunTime:0.000000s ]
INFO: [ app_init ] --END-- [ RunTime:0.001000s ]
INFO: [ app_begin ] --START--
INFO: Run Behavior\ReadHtmlCacheBehavior [ RunTime:0.001001s ]
INFO: [ app_begin ] --END-- [ RunTime:0.001001s ]
NOTIC: [2] Declaration of Home\Controller\CommonController::error($message = '') should be compatible with Think\Controller::error($message = '', $jumpUrl = '', $ajax = false) C:\xampp\htdocs\cms\Application\Home\Controller\CommonController.class.php 第 27 行.
ERR: Think\Controller:errro方法不存在！

[ 2017-04-19T23:42:39+08:00 ] ::1 /index.php?c=cat&id=%E6%98%AF%E6%89%93%E5%8F%91
INFO: [ app_init ] --START--
INFO: Run Behavior\BuildLiteBehavior [ RunTime:0.000000s ]
INFO: [ app_init ] --END-- [ RunTime:0.000000s ]
INFO: [ app_begin ] --START--
INFO: Run Behavior\ReadHtmlCacheBehavior [ RunTime:0.000000s ]
INFO: [ app_begin ] --END-- [ RunTime:0.000000s ]
NOTIC: [2] Declaration of Home\Controller\CommonController::error($message = '') should be compatible with Think\Controller::error($message = '', $jumpUrl = '', $ajax = false) C:\xampp\htdocs\cms\Application\Home\Controller\CommonController.class.php 第 27 行.
INFO: [ view_parse ] --START--
INFO: [ template_filter ] --START--
INFO: Run Behavior\ContentReplaceBehavior [ RunTime:0.000000s ]
INFO: [ template_filter ] --END-- [ RunTime:0.000000s ]
NOTIC: [2] Declaration of Admin\Model\BasicModel::save($data = Array) should be compatible with Think\Model::save($data = '', $options = Array) C:\xampp\htdocs\cms\Application\Admin\Model\BasicModel.class.php 第 6 行.
NOTIC: [2] Declaration of Admin\Model\BasicModel::select() should be compatible with Think\Model::select($options = Array) C:\xampp\htdocs\cms\Application\Admin\Model\BasicModel.class.php 第 6 行.
NOTIC: [2] Declaration of Admin\Model\MenuModel::find($id) should be compatible with Think\Model::find($options = Array) C:\xampp\htdocs\cms\Application\Admin\Model\MenuModel.class.php 第 110 行.
SQL: SHOW COLUMNS FROM `cms_menu` [ RunTime:0.0060s ]
SQL: SELECT * FROM `cms_menu` WHERE `status` = 1 AND `type` = 0 ORDER BY listorder desc,menu_id desc  [ RunTime:0.0010s ]
NOTIC: [8] Undefined variable: result C:\xampp\htdocs\cms\Application\Runtime\Cache\Home\9e03bccc44c1f457e70232be6abc4e68.php 第 22 行.
NOTIC: [8] Undefined variable: result C:\xampp\htdocs\cms\Application\Runtime\Cache\Home\9e03bccc44c1f457e70232be6abc4e68.php 第 24 行.
NOTIC: [8] Undefined variable: result C:\xampp\htdocs\cms\Application\Runtime\Cache\Home\9e03bccc44c1f457e70232be6abc4e68.php 第 24 行.
NOTIC: [8] Undefined variable: result C:\xampp\htdocs\cms\Application\Runtime\Cache\Home\9e03bccc44c1f457e70232be6abc4e68.php 第 24 行.
INFO: Run Behavior\ParseTemplateBehavior [ RunTime:0.036002s ]
INFO: [ view_parse ] --END-- [ RunTime:0.036002s ]
INFO: [ view_filter ] --START--
INFO: Run Behavior\WriteHtmlCacheBehavior [ RunTime:0.001000s ]
INFO: [ view_filter ] --END-- [ RunTime:0.001000s ]
INFO: [ app_end ] --START--
INFO: Run Behavior\ShowPageTraceBehavior [ RunTime:0.001000s ]
INFO: [ app_end ] --END-- [ RunTime:0.001000s ]

[ 2017-04-19T23:42:43+08:00 ] ::1 /
INFO: [ app_init ] --START--
INFO: Run Behavior\BuildLiteBehavior [ RunTime:0.000000s ]
INFO: [ app_init ] --END-- [ RunTime:0.000000s ]
INFO: [ app_begin ] --START--
INFO: Run Behavior\ReadHtmlCacheBehavior [ RunTime:0.001000s ]
INFO: [ app_begin ] --END-- [ RunTime:0.001000s ]
ERR: syntax error, unexpected ''catId'' (T_CONSTANT_ENCAPSED_STRING), expecting ')'

[ 2017-04-19T23:43:04+08:00 ] ::1 /
INFO: [ app_init ] --START--
INFO: Run Behavior\BuildLiteBehavior [ RunTime:0.000000s ]
INFO: [ app_init ] --END-- [ RunTime:0.001000s ]
INFO: [ app_begin ] --START--
INFO: Run Behavior\ReadHtmlCacheBehavior [ RunTime:0.001000s ]
INFO: [ app_begin ] --END-- [ RunTime:0.001000s ]
NOTIC: [2] Declaration of Home\Controller\CommonController::error($message = '') should be compatible with Think\Controller::error($message = '', $jumpUrl = '', $ajax = false) C:\xampp\htdocs\cms\Application\Home\Controller\CommonController.class.php 第 27 行.
NOTIC: [2] Declaration of Admin\Model\NewsModel::find($id) should be compatible with Think\Model::find($options = Array) C:\xampp\htdocs\cms\Application\Admin\Model\NewsModel.class.php 第 8 行.
SQL: SHOW COLUMNS FROM `cms_news` [ RunTime:0.0060s ]
SQL: SELECT * FROM `cms_news` WHERE `status` = 1 ORDER BY count desc,news_id desc LIMIT 5   [ RunTime:0.0010s ]
NOTIC: [2] Declaration of Admin\Model\PositionContentModel::find($id) should be compatible with Think\Model::find($options = Array) C:\xampp\htdocs\cms\Application\Admin\Model\PositionContentModel.class.php 第 114 行.
SQL: SHOW COLUMNS FROM `cms_position_content` [ RunTime:0.0030s ]
SQL: SELECT * FROM `cms_position_content` WHERE `status` = 1 AND `position_id` = 5 ORDER BY listorder desc, id desc LIMIT 0,5   [ RunTime:0.0000s ]
SQL: SELECT * FROM `cms_position_content` WHERE `status` = 1 AND `position_id` = 3 ORDER BY listorder desc, id desc LIMIT 0,1   [ RunTime:0.0010s ]
SQL: SELECT * FROM `cms_position_content` WHERE `status` = 1 AND `position_id` = 4 ORDER BY listorder desc, id desc LIMIT 0,3   [ RunTime:0.0010s ]
SQL: SELECT * FROM `cms_news` WHERE `status` <> -1 AND `thumb` <> '' ORDER BY listorder desc ,news_id desc LIMIT 0,30   [ RunTime:0.0000s ]
INFO: [ view_parse ] --START--
INFO: [ template_filter ] --START--
INFO: Run Behavior\ContentReplaceBehavior [ RunTime:0.000000s ]
INFO: [ template_filter ] --END-- [ RunTime:0.000000s ]
NOTIC: [2] Declaration of Admin\Model\BasicModel::save($data = Array) should be compatible with Think\Model::save($data = '', $options = Array) C:\xampp\htdocs\cms\Application\Admin\Model\BasicModel.class.php 第 21 行.
NOTIC: [2] Declaration of Admin\Model\BasicModel::select() should be compatible with Think\Model::select($options = Array) C:\xampp\htdocs\cms\Application\Admin\Model\BasicModel.class.php 第 21 行.
NOTIC: [2] Declaration of Admin\Model\MenuModel::find($id) should be compatible with Think\Model::find($options = Array) C:\xampp\htdocs\cms\Application\Admin\Model\MenuModel.class.php 第 110 行.
SQL: SHOW COLUMNS FROM `cms_menu` [ RunTime:0.0040s ]
SQL: SELECT * FROM `cms_menu` WHERE `status` = 1 AND `type` = 0 ORDER BY listorder desc,menu_id desc  [ RunTime:0.0010s ]
INFO: Run Behavior\ParseTemplateBehavior [ RunTime:0.021001s ]
INFO: [ view_parse ] --END-- [ RunTime:0.021001s ]
INFO: [ view_filter ] --START--
INFO: Run Behavior\WriteHtmlCacheBehavior [ RunTime:0.001000s ]
INFO: [ view_filter ] --END-- [ RunTime:0.001000s ]
INFO: [ app_end ] --START--
INFO: Run Behavior\ShowPageTraceBehavior [ RunTime:0.002000s ]
INFO: [ app_end ] --END-- [ RunTime:0.002000s ]

[ 2017-04-19T23:43:06+08:00 ] ::1 /index.php?c=cat&id=14
INFO: [ app_init ] --START--
INFO: Run Behavior\BuildLiteBehavior [ RunTime:0.000000s ]
INFO: [ app_init ] --END-- [ RunTime:0.000000s ]
INFO: [ app_begin ] --START--
INFO: Run Behavior\ReadHtmlCacheBehavior [ RunTime:0.001000s ]
INFO: [ app_begin ] --END-- [ RunTime:0.001000s ]
NOTIC: [2] Declaration of Home\Controller\CommonController::error($message = '') should be compatible with Think\Controller::error($message = '', $jumpUrl = '', $ajax = false) C:\xampp\htdocs\cms\Application\Home\Controller\CommonController.class.php 第 27 行.
INFO: [ app_end ] --START--
INFO: Run Behavior\ShowPageTraceBehavior [ RunTime:0.001000s ]
INFO: [ app_end ] --END-- [ RunTime:0.001000s ]

[ 2017-04-19T23:43:09+08:00 ] ::1 /index.php?c=cat&id=%E9%A1%BA%E4%B8%B0%E5%88%B0%E4%BB%98
INFO: [ app_init ] --START--
INFO: Run Behavior\BuildLiteBehavior [ RunTime:0.000000s ]
INFO: [ app_init ] --END-- [ RunTime:0.001000s ]
INFO: [ app_begin ] --START--
INFO: Run Behavior\ReadHtmlCacheBehavior [ RunTime:0.000000s ]
INFO: [ app_begin ] --END-- [ RunTime:0.000000s ]
NOTIC: [2] Declaration of Home\Controller\CommonController::error($message = '') should be compatible with Think\Controller::error($message = '', $jumpUrl = '', $ajax = false) C:\xampp\htdocs\cms\Application\Home\Controller\CommonController.class.php 第 27 行.
INFO: [ view_parse ] --START--
INFO: [ template_filter ] --START--
INFO: Run Behavior\ContentReplaceBehavior [ RunTime:0.000000s ]
INFO: [ template_filter ] --END-- [ RunTime:0.000000s ]
NOTIC: [2] Declaration of Admin\Model\BasicModel::save($data = Array) should be compatible with Think\Model::save($data = '', $options = Array) C:\xampp\htdocs\cms\Application\Admin\Model\BasicModel.class.php 第 6 行.
NOTIC: [2] Declaration of Admin\Model\BasicModel::select() should be compatible with Think\Model::select($options = Array) C:\xampp\htdocs\cms\Application\Admin\Model\BasicModel.class.php 第 6 行.
NOTIC: [2] Declaration of Admin\Model\MenuModel::find($id) should be compatible with Think\Model::find($options = Array) C:\xampp\htdocs\cms\Application\Admin\Model\MenuModel.class.php 第 110 行.
SQL: SHOW COLUMNS FROM `cms_menu` [ RunTime:0.0040s ]
SQL: SELECT * FROM `cms_menu` WHERE `status` = 1 AND `type` = 0 ORDER BY listorder desc,menu_id desc  [ RunTime:0.0000s ]
NOTIC: [8] Undefined variable: result C:\xampp\htdocs\cms\Application\Runtime\Cache\Home\9e03bccc44c1f457e70232be6abc4e68.php 第 22 行.
NOTIC: [8] Undefined variable: result C:\xampp\htdocs\cms\Application\Runtime\Cache\Home\9e03bccc44c1f457e70232be6abc4e68.php 第 24 行.
NOTIC: [8] Undefined variable: result C:\xampp\htdocs\cms\Application\Runtime\Cache\Home\9e03bccc44c1f457e70232be6abc4e68.php 第 24 行.
NOTIC: [8] Undefined variable: result C:\xampp\htdocs\cms\Application\Runtime\Cache\Home\9e03bccc44c1f457e70232be6abc4e68.php 第 24 行.
INFO: Run Behavior\ParseTemplateBehavior [ RunTime:0.035002s ]
INFO: [ view_parse ] --END-- [ RunTime:0.035002s ]
INFO: [ view_filter ] --START--
INFO: Run Behavior\WriteHtmlCacheBehavior [ RunTime:0.001000s ]
INFO: [ view_filter ] --END-- [ RunTime:0.001000s ]
INFO: [ app_end ] --START--
INFO: Run Behavior\ShowPageTraceBehavior [ RunTime:0.001000s ]
INFO: [ app_end ] --END-- [ RunTime:0.001000s ]

[ 2017-04-19T23:43:13+08:00 ] ::1 /
INFO: [ app_init ] --START--
INFO: Run Behavior\BuildLiteBehavior [ RunTime:0.000000s ]
INFO: [ app_init ] --END-- [ RunTime:0.001000s ]
INFO: [ app_begin ] --START--
INFO: Run Behavior\ReadHtmlCacheBehavior [ RunTime:0.001000s ]
INFO: [ app_begin ] --END-- [ RunTime:0.001000s ]
NOTIC: [2] Declaration of Home\Controller\CommonController::error($message = '') should be compatible with Think\Controller::error($message = '', $jumpUrl = '', $ajax = false) C:\xampp\htdocs\cms\Application\Home\Controller\CommonController.class.php 第 27 行.
NOTIC: [2] Declaration of Admin\Model\NewsModel::find($id) should be compatible with Think\Model::find($options = Array) C:\xampp\htdocs\cms\Application\Admin\Model\NewsModel.class.php 第 8 行.
SQL: SHOW COLUMNS FROM `cms_news` [ RunTime:0.0150s ]
SQL: SELECT * FROM `cms_news` WHERE `status` = 1 ORDER BY count desc,news_id desc LIMIT 5   [ RunTime:0.0010s ]
NOTIC: [2] Declaration of Admin\Model\PositionContentModel::find($id) should be compatible with Think\Model::find($options = Array) C:\xampp\htdocs\cms\Application\Admin\Model\PositionContentModel.class.php 第 114 行.
SQL: SHOW COLUMNS FROM `cms_position_content` [ RunTime:0.0030s ]
SQL: SELECT * FROM `cms_position_content` WHERE `status` = 1 AND `position_id` = 5 ORDER BY listorder desc, id desc LIMIT 0,5   [ RunTime:0.0010s ]
SQL: SELECT * FROM `cms_position_content` WHERE `status` = 1 AND `position_id` = 3 ORDER BY listorder desc, id desc LIMIT 0,1   [ RunTime:0.0000s ]
SQL: SELECT * FROM `cms_position_content` WHERE `status` = 1 AND `position_id` = 4 ORDER BY listorder desc, id desc LIMIT 0,3   [ RunTime:0.0010s ]
SQL: SELECT * FROM `cms_news` WHERE `status` <> -1 AND `thumb` <> '' ORDER BY listorder desc ,news_id desc LIMIT 0,30   [ RunTime:0.0010s ]
INFO: [ view_parse ] --START--
INFO: [ template_filter ] --START--
INFO: Run Behavior\ContentReplaceBehavior [ RunTime:0.001000s ]
INFO: [ template_filter ] --END-- [ RunTime:0.001000s ]
NOTIC: [2] Declaration of Admin\Model\BasicModel::save($data = Array) should be compatible with Think\Model::save($data = '', $options = Array) C:\xampp\htdocs\cms\Application\Admin\Model\BasicModel.class.php 第 21 行.
NOTIC: [2] Declaration of Admin\Model\BasicModel::select() should be compatible with Think\Model::select($options = Array) C:\xampp\htdocs\cms\Application\Admin\Model\BasicModel.class.php 第 21 行.
NOTIC: [2] Declaration of Admin\Model\MenuModel::find($id) should be compatible with Think\Model::find($options = Array) C:\xampp\htdocs\cms\Application\Admin\Model\MenuModel.class.php 第 110 行.
SQL: SHOW COLUMNS FROM `cms_menu` [ RunTime:0.0030s ]
SQL: SELECT * FROM `cms_menu` WHERE `status` = 1 AND `type` = 0 ORDER BY listorder desc,menu_id desc  [ RunTime:0.0000s ]
INFO: Run Behavior\ParseTemplateBehavior [ RunTime:0.015001s ]
INFO: [ view_parse ] --END-- [ RunTime:0.015001s ]
INFO: [ view_filter ] --START--
INFO: Run Behavior\WriteHtmlCacheBehavior [ RunTime:0.000000s ]
INFO: [ view_filter ] --END-- [ RunTime:0.000000s ]
INFO: [ app_end ] --START--
INFO: Run Behavior\ShowPageTraceBehavior [ RunTime:0.001000s ]
INFO: [ app_end ] --END-- [ RunTime:0.001000s ]

[ 2017-04-19T23:43:17+08:00 ] ::1 /index.php?c=cat&id=14
INFO: [ app_init ] --START--
INFO: Run Behavior\BuildLiteBehavior [ RunTime:0.000000s ]
INFO: [ app_init ] --END-- [ RunTime:0.000000s ]
INFO: [ app_begin ] --START--
INFO: Run Behavior\ReadHtmlCacheBehavior [ RunTime:0.000000s ]
INFO: [ app_begin ] --END-- [ RunTime:0.000000s ]
NOTIC: [2] Declaration of Home\Controller\CommonController::error($message = '') should be compatible with Think\Controller::error($message = '', $jumpUrl = '', $ajax = false) C:\xampp\htdocs\cms\Application\Home\Controller\CommonController.class.php 第 27 行.
INFO: [ app_end ] --START--
INFO: Run Behavior\ShowPageTraceBehavior [ RunTime:0.001000s ]
INFO: [ app_end ] --END-- [ RunTime:0.001000s ]

[ 2017-04-19T23:56:36+08:00 ] ::1 /index.php?c=cat&id=14
INFO: [ app_init ] --START--
INFO: Run Behavior\BuildLiteBehavior [ RunTime:0.000000s ]
INFO: [ app_init ] --END-- [ RunTime:0.001000s ]
INFO: [ app_begin ] --START--
INFO: Run Behavior\ReadHtmlCacheBehavior [ RunTime:0.001000s ]
INFO: [ app_begin ] --END-- [ RunTime:0.001000s ]
NOTIC: [2] Declaration of Home\Controller\CommonController::error($message = '') should be compatible with Think\Controller::error($message = '', $jumpUrl = '', $ajax = false) C:\xampp\htdocs\cms\Application\Home\Controller\CommonController.class.php 第 27 行.
ERR: 1146:Table 'cms.cms_admin\_menu' doesn't exist
 [ SQL语句 ] : SHOW COLUMNS FROM `cms_admin\_menu`
ERR: 1146:Table 'cms.cms_admin\_menu' doesn't exist
 [ SQL语句 ] : SHOW COLUMNS FROM `cms_admin\_menu`

[ 2017-04-19T23:56:48+08:00 ] ::1 /index.php?c=cat&id=14
INFO: [ app_init ] --START--
INFO: Run Behavior\BuildLiteBehavior [ RunTime:0.000000s ]
INFO: [ app_init ] --END-- [ RunTime:0.000000s ]
INFO: [ app_begin ] --START--
INFO: Run Behavior\ReadHtmlCacheBehavior [ RunTime:0.001000s ]
INFO: [ app_begin ] --END-- [ RunTime:0.001000s ]
NOTIC: [2] Declaration of Home\Controller\CommonController::error($message = '') should be compatible with Think\Controller::error($message = '', $jumpUrl = '', $ajax = false) C:\xampp\htdocs\cms\Application\Home\Controller\CommonController.class.php 第 27 行.
ERR: 1146:Table 'cms.cms_admin\_menu' doesn't exist
 [ SQL语句 ] : SHOW COLUMNS FROM `cms_admin\_menu`
ERR: 1146:Table 'cms.cms_admin\_menu' doesn't exist
 [ SQL语句 ] : SHOW COLUMNS FROM `cms_admin\_menu`

[ 2017-04-19T23:56:50+08:00 ] ::1 /index.php?c=cat&id=14
INFO: [ app_init ] --START--
INFO: Run Behavior\BuildLiteBehavior [ RunTime:0.000000s ]
INFO: [ app_init ] --END-- [ RunTime:0.000000s ]
INFO: [ app_begin ] --START--
INFO: Run Behavior\ReadHtmlCacheBehavior [ RunTime:0.000000s ]
INFO: [ app_begin ] --END-- [ RunTime:0.000000s ]
NOTIC: [2] Declaration of Home\Controller\CommonController::error($message = '') should be compatible with Think\Controller::error($message = '', $jumpUrl = '', $ajax = false) C:\xampp\htdocs\cms\Application\Home\Controller\CommonController.class.php 第 27 行.
ERR: 1146:Table 'cms.cms_admin\_menu' doesn't exist
 [ SQL语句 ] : SHOW COLUMNS FROM `cms_admin\_menu`
ERR: 1146:Table 'cms.cms_admin\_menu' doesn't exist
 [ SQL语句 ] : SHOW COLUMNS FROM `cms_admin\_menu`

[ 2017-04-19T23:57:15+08:00 ] ::1 /index.php?c=cat&id=14
INFO: [ app_init ] --START--
INFO: Run Behavior\BuildLiteBehavior [ RunTime:0.000000s ]
INFO: [ app_init ] --END-- [ RunTime:0.000000s ]
INFO: [ app_begin ] --START--
INFO: Run Behavior\ReadHtmlCacheBehavior [ RunTime:0.001000s ]
INFO: [ app_begin ] --END-- [ RunTime:0.001000s ]
NOTIC: [2] Declaration of Home\Controller\CommonController::error($message = '') should be compatible with Think\Controller::error($message = '', $jumpUrl = '', $ajax = false) C:\xampp\htdocs\cms\Application\Home\Controller\CommonController.class.php 第 27 行.
NOTIC: [2] Declaration of Admin\Model\MenuModel::find($id) should be compatible with Think\Model::find($options = Array) C:\xampp\htdocs\cms\Application\Admin\Model\MenuModel.class.php 第 5 行.
SQL: SHOW COLUMNS FROM `cms_menu` [ RunTime:0.0250s ]
SQL: SELECT * FROM `cms_menu` WHERE ( menu_id=14 ) LIMIT 1   [ RunTime:0.0010s ]
NOTIC: [2] Declaration of Admin\Model\PositionContentModel::find($id) should be compatible with Think\Model::find($options = Array) C:\xampp\htdocs\cms\Application\Admin\Model\PositionContentModel.class.php 第 114 行.
SQL: SHOW COLUMNS FROM `cms_position_content` [ RunTime:0.0050s ]
NOTIC: [8] Undefined index: title C:\xampp\htdocs\cms\Application\Admin\Model\PositionContentModel.class.php 第 25 行.
SQL: SELECT * FROM `cms_position_content` WHERE `status` = 1 AND `position_id` = 5 ORDER BY listorder desc ,id desc LIMIT 2   [ RunTime:0.0000s ]
NOTIC: [2] Declaration of Admin\Model\NewsModel::find($id) should be compatible with Think\Model::find($options = Array) C:\xampp\htdocs\cms\Application\Admin\Model\NewsModel.class.php 第 119 行.
SQL: SHOW COLUMNS FROM `cms_news` [ RunTime:0.0040s ]
SQL: SELECT * FROM `cms_news` WHERE `status` = 1 ORDER BY count desc,news_id desc LIMIT 5   [ RunTime:0.0010s ]
NOTIC: [8] Undefined index: p C:\xampp\htdocs\cms\Application\Home\Controller\CatController.class.php 第 19 行.
INFO: [ app_end ] --START--
INFO: Run Behavior\ShowPageTraceBehavior [ RunTime:0.001000s ]
INFO: [ app_end ] --END-- [ RunTime:0.001000s ]

