[ 2017-04-17T22:06:38+08:00 ] ::1 /index.php?c=index&a=build_html
INFO: [ app_init ] --START--
INFO: Run Behavior\BuildLiteBehavior [ RunTime:0.000000s ]
INFO: [ app_init ] --END-- [ RunTime:0.001000s ]
INFO: [ app_begin ] --START--
INFO: Run Behavior\ReadHtmlCacheBehavior [ RunTime:0.000000s ]
INFO: [ app_begin ] --END-- [ RunTime:0.000000s ]
ERR: 非法操作:build_html

[ 2017-04-17T22:20:46+08:00 ] ::1 /
INFO: [ app_init ] --START--
INFO: Run Behavior\BuildLiteBehavior [ RunTime:0.000000s ]
INFO: [ app_init ] --END-- [ RunTime:0.002000s ]
INFO: [ app_begin ] --START--
INFO: Run Behavior\ReadHtmlCacheBehavior [ RunTime:0.001001s ]
INFO: [ app_begin ] --END-- [ RunTime:0.001001s ]
INFO: [ view_parse ] --START--
INFO: [ template_filter ] --START--
INFO: Run Behavior\ContentReplaceBehavior [ RunTime:0.000000s ]
INFO: [ template_filter ] --END-- [ RunTime:0.000000s ]
ERR: 1146:Table 'cms.cms_basic' doesn't exist
 [ SQL语句 ] : SHOW COLUMNS FROM `cms_basic`
ERR: 1146:Table 'cms.cms_basic' doesn't exist
 [ SQL语句 ] : SHOW COLUMNS FROM `cms_basic`

[ 2017-04-17T22:22:21+08:00 ] ::1 /
INFO: [ app_init ] --START--
INFO: Run Behavior\BuildLiteBehavior [ RunTime:0.000000s ]
INFO: [ app_init ] --END-- [ RunTime:0.001000s ]
INFO: [ app_begin ] --START--
INFO: Run Behavior\ReadHtmlCacheBehavior [ RunTime:0.001000s ]
INFO: [ app_begin ] --END-- [ RunTime:0.001000s ]
INFO: [ view_parse ] --START--
INFO: [ template_filter ] --START--
INFO: Run Behavior\ContentReplaceBehavior [ RunTime:0.000000s ]
INFO: [ template_filter ] --END-- [ RunTime:0.000000s ]
ERR: 1146:Table 'cms.cms_basic' doesn't exist
 [ SQL语句 ] : SHOW COLUMNS FROM `cms_basic`
ERR: 1146:Table 'cms.cms_basic' doesn't exist
 [ SQL语句 ] : SHOW COLUMNS FROM `cms_basic`

[ 2017-04-17T22:26:27+08:00 ] ::1 /
INFO: [ app_init ] --START--
INFO: Run Behavior\BuildLiteBehavior [ RunTime:0.000000s ]
INFO: [ app_init ] --END-- [ RunTime:0.000000s ]
INFO: [ app_begin ] --START--
INFO: Run Behavior\ReadHtmlCacheBehavior [ RunTime:0.001000s ]
INFO: [ app_begin ] --END-- [ RunTime:0.001000s ]
INFO: [ view_parse ] --START--
INFO: [ template_filter ] --START--
INFO: Run Behavior\ContentReplaceBehavior [ RunTime:0.000000s ]
INFO: [ template_filter ] --END-- [ RunTime:0.000000s ]
ERR: 1146:Table 'cms.cms_basic' doesn't exist
 [ SQL语句 ] : SHOW COLUMNS FROM `cms_basic`
ERR: 1146:Table 'cms.cms_basic' doesn't exist
 [ SQL语句 ] : SHOW COLUMNS FROM `cms_basic`

[ 2017-04-17T22:33:50+08:00 ] ::1 /
INFO: [ app_init ] --START--
INFO: Run Behavior\BuildLiteBehavior [ RunTime:0.000000s ]
INFO: [ app_init ] --END-- [ RunTime:0.001000s ]
INFO: [ app_begin ] --START--
INFO: Run Behavior\ReadHtmlCacheBehavior [ RunTime:0.001000s ]
INFO: [ app_begin ] --END-- [ RunTime:0.001000s ]
INFO: [ view_parse ] --START--
INFO: [ template_filter ] --START--
INFO: Run Behavior\ContentReplaceBehavior [ RunTime:0.000000s ]
INFO: [ template_filter ] --END-- [ RunTime:0.001000s ]
ERR: 1146:Table 'cms.cms_basic' doesn't exist
 [ SQL语句 ] : SHOW COLUMNS FROM `cms_basic`
ERR: 1146:Table 'cms.cms_basic' doesn't exist
 [ SQL语句 ] : SHOW COLUMNS FROM `cms_basic`

[ 2017-04-17T22:33:52+08:00 ] ::1 /
INFO: [ app_init ] --START--
INFO: Run Behavior\BuildLiteBehavior [ RunTime:0.000000s ]
INFO: [ app_init ] --END-- [ RunTime:0.001000s ]
INFO: [ app_begin ] --START--
INFO: Run Behavior\ReadHtmlCacheBehavior [ RunTime:0.001000s ]
INFO: [ app_begin ] --END-- [ RunTime:0.001000s ]
INFO: [ view_parse ] --START--
INFO: [ template_filter ] --START--
INFO: Run Behavior\ContentReplaceBehavior [ RunTime:0.001000s ]
INFO: [ template_filter ] --END-- [ RunTime:0.001000s ]
ERR: 1146:Table 'cms.cms_basic' doesn't exist
 [ SQL语句 ] : SHOW COLUMNS FROM `cms_basic`
ERR: 1146:Table 'cms.cms_basic' doesn't exist
 [ SQL语句 ] : SHOW COLUMNS FROM `cms_basic`

[ 2017-04-17T22:35:36+08:00 ] ::1 /
INFO: [ app_init ] --START--
INFO: Run Behavior\BuildLiteBehavior [ RunTime:0.000000s ]
INFO: [ app_init ] --END-- [ RunTime:0.001001s ]
INFO: [ app_begin ] --START--
INFO: Run Behavior\ReadHtmlCacheBehavior [ RunTime:0.001000s ]
INFO: [ app_begin ] --END-- [ RunTime:0.001000s ]
INFO: [ view_parse ] --START--
INFO: [ template_filter ] --START--
INFO: Run Behavior\ContentReplaceBehavior [ RunTime:0.000000s ]
INFO: [ template_filter ] --END-- [ RunTime:0.000000s ]
ERR: 1146:Table 'cms.cms_basic' doesn't exist
 [ SQL语句 ] : SHOW COLUMNS FROM `cms_basic`
ERR: 1146:Table 'cms.cms_basic' doesn't exist
 [ SQL语句 ] : SHOW COLUMNS FROM `cms_basic`

[ 2017-04-17T22:36:48+08:00 ] ::1 /
INFO: [ app_init ] --START--
INFO: Run Behavior\BuildLiteBehavior [ RunTime:0.000000s ]
INFO: [ app_init ] --END-- [ RunTime:0.001000s ]
INFO: [ app_begin ] --START--
INFO: Run Behavior\ReadHtmlCacheBehavior [ RunTime:0.000000s ]
INFO: [ app_begin ] --END-- [ RunTime:0.000000s ]
INFO: [ view_parse ] --START--
INFO: [ template_filter ] --START--
INFO: Run Behavior\ContentReplaceBehavior [ RunTime:0.000000s ]
INFO: [ template_filter ] --END-- [ RunTime:0.000000s ]
ERR: 1146:Table 'cms.cms_basic' doesn't exist
 [ SQL语句 ] : SHOW COLUMNS FROM `cms_basic`
ERR: 1146:Table 'cms.cms_basic' doesn't exist
 [ SQL语句 ] : SHOW COLUMNS FROM `cms_basic`

[ 2017-04-17T22:38:42+08:00 ] ::1 /
INFO: [ app_init ] --START--
INFO: Run Behavior\BuildLiteBehavior [ RunTime:0.000000s ]
INFO: [ app_init ] --END-- [ RunTime:0.001000s ]
INFO: [ app_begin ] --START--
INFO: Run Behavior\ReadHtmlCacheBehavior [ RunTime:0.001000s ]
INFO: [ app_begin ] --END-- [ RunTime:0.001000s ]
ERR: Think\Controller:getRank方法不存在！

[ 2017-04-17T22:39:20+08:00 ] ::1 /
INFO: [ app_init ] --START--
INFO: Run Behavior\BuildLiteBehavior [ RunTime:0.000000s ]
INFO: [ app_init ] --END-- [ RunTime:0.000000s ]
INFO: [ app_begin ] --START--
INFO: Run Behavior\ReadHtmlCacheBehavior [ RunTime:0.001000s ]
INFO: [ app_begin ] --END-- [ RunTime:0.001000s ]
ERR: Think\Controller:getRank方法不存在！

[ 2017-04-17T22:39:21+08:00 ] ::1 /
INFO: [ app_init ] --START--
INFO: Run Behavior\BuildLiteBehavior [ RunTime:0.000000s ]
INFO: [ app_init ] --END-- [ RunTime:0.000000s ]
INFO: [ app_begin ] --START--
INFO: Run Behavior\ReadHtmlCacheBehavior [ RunTime:0.001000s ]
INFO: [ app_begin ] --END-- [ RunTime:0.001000s ]
ERR: Think\Controller:getRank方法不存在！

[ 2017-04-17T22:46:18+08:00 ] ::1 /
INFO: [ app_init ] --START--
INFO: Run Behavior\BuildLiteBehavior [ RunTime:0.000000s ]
INFO: [ app_init ] --END-- [ RunTime:0.002001s ]
INFO: [ app_begin ] --START--
INFO: Run Behavior\ReadHtmlCacheBehavior [ RunTime:0.002000s ]
INFO: [ app_begin ] --END-- [ RunTime:0.002000s ]
ERR: Think\Controller:getRank方法不存在！

[ 2017-04-17T22:46:19+08:00 ] ::1 /
INFO: [ app_init ] --START--
INFO: Run Behavior\BuildLiteBehavior [ RunTime:0.000000s ]
INFO: [ app_init ] --END-- [ RunTime:0.001000s ]
INFO: [ app_begin ] --START--
INFO: Run Behavior\ReadHtmlCacheBehavior [ RunTime:0.000000s ]
INFO: [ app_begin ] --END-- [ RunTime:0.000000s ]
ERR: Think\Controller:getRank方法不存在！

[ 2017-04-17T22:46:37+08:00 ] ::1 /
INFO: [ app_init ] --START--
INFO: Run Behavior\BuildLiteBehavior [ RunTime:0.000000s ]
INFO: [ app_init ] --END-- [ RunTime:0.000000s ]
INFO: [ app_begin ] --START--
INFO: Run Behavior\ReadHtmlCacheBehavior [ RunTime:0.000000s ]
INFO: [ app_begin ] --END-- [ RunTime:0.001000s ]
SQL: SHOW COLUMNS FROM `cms_position_content` [ RunTime:0.0050s ]
SQL: SELECT * FROM `cms_position_content`  [ RunTime:0.0010s ]
SQL: SELECT * FROM `cms_position_content`  [ RunTime:0.0000s ]
SQL: SHOW COLUMNS FROM `cms_news` [ RunTime:0.0030s ]
SQL: SELECT * FROM `cms_news`  [ RunTime:0.0010s ]
SQL: SELECT * FROM `cms_position_content`  [ RunTime:0.0000s ]
NOTIC: [8] Undefined variable: rankNews C:\xampp\htdocs\cms\Application\Home\Controller\IndexController.class.php 第 21 行.
INFO: [ view_parse ] --START--
INFO: [ template_filter ] --START--
INFO: Run Behavior\ContentReplaceBehavior [ RunTime:0.000000s ]
INFO: [ template_filter ] --END-- [ RunTime:0.000000s ]
ERR: 1146:Table 'cms.cms_basic' doesn't exist
 [ SQL语句 ] : SHOW COLUMNS FROM `cms_basic`
ERR: 1146:Table 'cms.cms_basic' doesn't exist
 [ SQL语句 ] : SHOW COLUMNS FROM `cms_basic`

[ 2017-04-17T22:47:06+08:00 ] ::1 /
INFO: [ app_init ] --START--
INFO: Run Behavior\BuildLiteBehavior [ RunTime:0.000000s ]
INFO: [ app_init ] --END-- [ RunTime:0.000000s ]
INFO: [ app_begin ] --START--
INFO: Run Behavior\ReadHtmlCacheBehavior [ RunTime:0.001000s ]
INFO: [ app_begin ] --END-- [ RunTime:0.001000s ]
SQL: SHOW COLUMNS FROM `cms_position_content` [ RunTime:0.0030s ]
SQL: SELECT * FROM `cms_position_content`  [ RunTime:0.0010s ]
SQL: SELECT * FROM `cms_position_content`  [ RunTime:0.0000s ]
SQL: SHOW COLUMNS FROM `cms_news` [ RunTime:0.0040s ]
SQL: SELECT * FROM `cms_news`  [ RunTime:0.0000s ]
SQL: SELECT * FROM `cms_position_content`  [ RunTime:0.0010s ]
NOTIC: [8] Undefined variable: rankNews C:\xampp\htdocs\cms\Application\Home\Controller\IndexController.class.php 第 21 行.
INFO: [ view_parse ] --START--
INFO: [ template_filter ] --START--
INFO: Run Behavior\ContentReplaceBehavior [ RunTime:0.000000s ]
INFO: [ template_filter ] --END-- [ RunTime:0.000000s ]
ERR: 1146:Table 'cms.cms_basic' doesn't exist
 [ SQL语句 ] : SHOW COLUMNS FROM `cms_basic`
ERR: 1146:Table 'cms.cms_basic' doesn't exist
 [ SQL语句 ] : SHOW COLUMNS FROM `cms_basic`

[ 2017-04-17T22:47:16+08:00 ] ::1 /
INFO: [ app_init ] --START--
INFO: Run Behavior\BuildLiteBehavior [ RunTime:0.000000s ]
INFO: [ app_init ] --END-- [ RunTime:0.001000s ]
INFO: [ app_begin ] --START--
INFO: Run Behavior\ReadHtmlCacheBehavior [ RunTime:0.001000s ]
INFO: [ app_begin ] --END-- [ RunTime:0.001000s ]
INFO: [ view_parse ] --START--
INFO: [ template_filter ] --START--
INFO: Run Behavior\ContentReplaceBehavior [ RunTime:0.001001s ]
INFO: [ template_filter ] --END-- [ RunTime:0.001001s ]
ERR: 1146:Table 'cms.cms_basic' doesn't exist
 [ SQL语句 ] : SHOW COLUMNS FROM `cms_basic`
ERR: 1146:Table 'cms.cms_basic' doesn't exist
 [ SQL语句 ] : SHOW COLUMNS FROM `cms_basic`

[ 2017-04-17T22:47:36+08:00 ] ::1 /index.php
INFO: [ app_init ] --START--
INFO: Run Behavior\BuildLiteBehavior [ RunTime:0.000000s ]
INFO: [ app_init ] --END-- [ RunTime:0.001000s ]
INFO: [ app_begin ] --START--
INFO: Run Behavior\ReadHtmlCacheBehavior [ RunTime:0.000000s ]
INFO: [ app_begin ] --END-- [ RunTime:0.000000s ]
INFO: [ view_parse ] --START--
INFO: [ template_filter ] --START--
INFO: Run Behavior\ContentReplaceBehavior [ RunTime:0.000000s ]
INFO: [ template_filter ] --END-- [ RunTime:0.000000s ]
ERR: 1146:Table 'cms.cms_basic' doesn't exist
 [ SQL语句 ] : SHOW COLUMNS FROM `cms_basic`
ERR: 1146:Table 'cms.cms_basic' doesn't exist
 [ SQL语句 ] : SHOW COLUMNS FROM `cms_basic`

[ 2017-04-17T22:49:22+08:00 ] ::1 /
INFO: [ app_init ] --START--
INFO: Run Behavior\BuildLiteBehavior [ RunTime:0.000000s ]
INFO: [ app_init ] --END-- [ RunTime:0.001000s ]
INFO: [ app_begin ] --START--
INFO: Run Behavior\ReadHtmlCacheBehavior [ RunTime:0.001000s ]
INFO: [ app_begin ] --END-- [ RunTime:0.001000s ]
INFO: [ view_parse ] --START--
INFO: [ template_filter ] --START--
INFO: Run Behavior\ContentReplaceBehavior [ RunTime:0.000000s ]
INFO: [ template_filter ] --END-- [ RunTime:0.000000s ]
ERR: 1146:Table 'cms.cms_basic' doesn't exist
 [ SQL语句 ] : SHOW COLUMNS FROM `cms_basic`
ERR: 1146:Table 'cms.cms_basic' doesn't exist
 [ SQL语句 ] : SHOW COLUMNS FROM `cms_basic`

[ 2017-04-17T22:49:23+08:00 ] ::1 /
INFO: [ app_init ] --START--
INFO: Run Behavior\BuildLiteBehavior [ RunTime:0.000000s ]
INFO: [ app_init ] --END-- [ RunTime:0.000000s ]
INFO: [ app_begin ] --START--
INFO: Run Behavior\ReadHtmlCacheBehavior [ RunTime:0.001000s ]
INFO: [ app_begin ] --END-- [ RunTime:0.001000s ]
INFO: [ view_parse ] --START--
INFO: [ template_filter ] --START--
INFO: Run Behavior\ContentReplaceBehavior [ RunTime:0.000000s ]
INFO: [ template_filter ] --END-- [ RunTime:0.000000s ]
ERR: 1146:Table 'cms.cms_basic' doesn't exist
 [ SQL语句 ] : SHOW COLUMNS FROM `cms_basic`
ERR: 1146:Table 'cms.cms_basic' doesn't exist
 [ SQL语句 ] : SHOW COLUMNS FROM `cms_basic`

[ 2017-04-17T22:49:23+08:00 ] ::1 /
INFO: [ app_init ] --START--
INFO: Run Behavior\BuildLiteBehavior [ RunTime:0.000000s ]
INFO: [ app_init ] --END-- [ RunTime:0.001000s ]
INFO: [ app_begin ] --START--
INFO: Run Behavior\ReadHtmlCacheBehavior [ RunTime:0.002000s ]
INFO: [ app_begin ] --END-- [ RunTime:0.002000s ]
INFO: [ view_parse ] --START--
INFO: [ template_filter ] --START--
INFO: Run Behavior\ContentReplaceBehavior [ RunTime:0.000000s ]
INFO: [ template_filter ] --END-- [ RunTime:0.000000s ]
ERR: 1146:Table 'cms.cms_basic' doesn't exist
 [ SQL语句 ] : SHOW COLUMNS FROM `cms_basic`
ERR: 1146:Table 'cms.cms_basic' doesn't exist
 [ SQL语句 ] : SHOW COLUMNS FROM `cms_basic`

[ 2017-04-17T22:50:49+08:00 ] ::1 /
INFO: [ app_init ] --START--
INFO: Run Behavior\BuildLiteBehavior [ RunTime:0.000000s ]
INFO: [ app_init ] --END-- [ RunTime:0.002000s ]
INFO: [ app_begin ] --START--
INFO: Run Behavior\ReadHtmlCacheBehavior [ RunTime:0.001000s ]
INFO: [ app_begin ] --END-- [ RunTime:0.001000s ]
INFO: [ view_parse ] --START--
INFO: [ template_filter ] --START--
INFO: Run Behavior\ContentReplaceBehavior [ RunTime:0.000000s ]
INFO: [ template_filter ] --END-- [ RunTime:0.000000s ]
ERR: 1146:Table 'cms.cms_basic' doesn't exist
 [ SQL语句 ] : SHOW COLUMNS FROM `cms_basic`
ERR: 1146:Table 'cms.cms_basic' doesn't exist
 [ SQL语句 ] : SHOW COLUMNS FROM `cms_basic`

[ 2017-04-17T22:50:49+08:00 ] ::1 /
INFO: [ app_init ] --START--
INFO: Run Behavior\BuildLiteBehavior [ RunTime:0.000000s ]
INFO: [ app_init ] --END-- [ RunTime:0.001000s ]
INFO: [ app_begin ] --START--
INFO: Run Behavior\ReadHtmlCacheBehavior [ RunTime:0.001001s ]
INFO: [ app_begin ] --END-- [ RunTime:0.001001s ]
INFO: [ view_parse ] --START--
INFO: [ template_filter ] --START--
INFO: Run Behavior\ContentReplaceBehavior [ RunTime:0.000000s ]
INFO: [ template_filter ] --END-- [ RunTime:0.001000s ]
ERR: 1146:Table 'cms.cms_basic' doesn't exist
 [ SQL语句 ] : SHOW COLUMNS FROM `cms_basic`
ERR: 1146:Table 'cms.cms_basic' doesn't exist
 [ SQL语句 ] : SHOW COLUMNS FROM `cms_basic`

[ 2017-04-17T22:50:50+08:00 ] ::1 /
INFO: [ app_init ] --START--
INFO: Run Behavior\BuildLiteBehavior [ RunTime:0.000000s ]
INFO: [ app_init ] --END-- [ RunTime:0.001000s ]
INFO: [ app_begin ] --START--
INFO: Run Behavior\ReadHtmlCacheBehavior [ RunTime:0.001000s ]
INFO: [ app_begin ] --END-- [ RunTime:0.001000s ]
INFO: [ view_parse ] --START--
INFO: [ template_filter ] --START--
INFO: Run Behavior\ContentReplaceBehavior [ RunTime:0.000000s ]
INFO: [ template_filter ] --END-- [ RunTime:0.000000s ]
ERR: 1146:Table 'cms.cms_basic' doesn't exist
 [ SQL语句 ] : SHOW COLUMNS FROM `cms_basic`
ERR: 1146:Table 'cms.cms_basic' doesn't exist
 [ SQL语句 ] : SHOW COLUMNS FROM `cms_basic`

[ 2017-04-17T22:50:52+08:00 ] ::1 /index.php
INFO: [ app_init ] --START--
INFO: Run Behavior\BuildLiteBehavior [ RunTime:0.000000s ]
INFO: [ app_init ] --END-- [ RunTime:0.000000s ]
INFO: [ app_begin ] --START--
INFO: Run Behavior\ReadHtmlCacheBehavior [ RunTime:0.001000s ]
INFO: [ app_begin ] --END-- [ RunTime:0.001000s ]
INFO: [ view_parse ] --START--
INFO: [ template_filter ] --START--
INFO: Run Behavior\ContentReplaceBehavior [ RunTime:0.000000s ]
INFO: [ template_filter ] --END-- [ RunTime:0.000000s ]
ERR: 1146:Table 'cms.cms_basic' doesn't exist
 [ SQL语句 ] : SHOW COLUMNS FROM `cms_basic`
ERR: 1146:Table 'cms.cms_basic' doesn't exist
 [ SQL语句 ] : SHOW COLUMNS FROM `cms_basic`

[ 2017-04-17T22:52:25+08:00 ] ::1 /index.php
INFO: [ app_init ] --START--
INFO: Run Behavior\BuildLiteBehavior [ RunTime:0.000000s ]
INFO: [ app_init ] --END-- [ RunTime:0.000000s ]
INFO: [ app_begin ] --START--
INFO: Run Behavior\ReadHtmlCacheBehavior [ RunTime:0.001000s ]
INFO: [ app_begin ] --END-- [ RunTime:0.001000s ]
INFO: [ view_parse ] --START--
INFO: [ template_filter ] --START--
INFO: Run Behavior\ContentReplaceBehavior [ RunTime:0.000000s ]
INFO: [ template_filter ] --END-- [ RunTime:0.000000s ]
ERR: 1146:Table 'cms.cms_basic' doesn't exist
 [ SQL语句 ] : SHOW COLUMNS FROM `cms_basic`
ERR: 1146:Table 'cms.cms_basic' doesn't exist
 [ SQL语句 ] : SHOW COLUMNS FROM `cms_basic`

[ 2017-04-17T22:54:57+08:00 ] ::1 /index.php
INFO: [ app_init ] --START--
INFO: Run Behavior\BuildLiteBehavior [ RunTime:0.000000s ]
INFO: [ app_init ] --END-- [ RunTime:0.001000s ]
INFO: [ app_begin ] --START--
INFO: Run Behavior\ReadHtmlCacheBehavior [ RunTime:0.003000s ]
INFO: [ app_begin ] --END-- [ RunTime:0.003000s ]
INFO: [ view_parse ] --START--
INFO: [ template_filter ] --START--
INFO: Run Behavior\ContentReplaceBehavior [ RunTime:0.000000s ]
INFO: [ template_filter ] --END-- [ RunTime:0.001000s ]
ERR: 1146:Table 'cms.cms_basic' doesn't exist
 [ SQL语句 ] : SHOW COLUMNS FROM `cms_basic`
ERR: 1146:Table 'cms.cms_basic' doesn't exist
 [ SQL语句 ] : SHOW COLUMNS FROM `cms_basic`

[ 2017-04-17T22:59:49+08:00 ] ::1 /index.php
INFO: [ app_init ] --START--
INFO: Run Behavior\BuildLiteBehavior [ RunTime:0.000000s ]
INFO: [ app_init ] --END-- [ RunTime:0.000000s ]
INFO: [ app_begin ] --START--
INFO: Run Behavior\ReadHtmlCacheBehavior [ RunTime:0.001000s ]
INFO: [ app_begin ] --END-- [ RunTime:0.001000s ]
INFO: [ view_parse ] --START--
INFO: [ template_filter ] --START--
INFO: Run Behavior\ContentReplaceBehavior [ RunTime:0.000000s ]
INFO: [ template_filter ] --END-- [ RunTime:0.000000s ]
ERR: 1146:Table 'cms.cms_basic' doesn't exist
 [ SQL语句 ] : SHOW COLUMNS FROM `cms_basic`
ERR: 1146:Table 'cms.cms_basic' doesn't exist
 [ SQL语句 ] : SHOW COLUMNS FROM `cms_basic`

[ 2017-04-17T23:01:44+08:00 ] ::1 /index.php
INFO: [ app_init ] --START--
INFO: Run Behavior\BuildLiteBehavior [ RunTime:0.000000s ]
INFO: [ app_init ] --END-- [ RunTime:0.004001s ]
INFO: [ app_begin ] --START--
INFO: Run Behavior\ReadHtmlCacheBehavior [ RunTime:0.001000s ]
INFO: [ app_begin ] --END-- [ RunTime:0.001000s ]
INFO: [ view_parse ] --START--
INFO: [ template_filter ] --START--
INFO: Run Behavior\ContentReplaceBehavior [ RunTime:0.000000s ]
INFO: [ template_filter ] --END-- [ RunTime:0.000000s ]
ERR: 1146:Table 'cms.cms_basic' doesn't exist
 [ SQL语句 ] : SHOW COLUMNS FROM `cms_basic`
ERR: 1146:Table 'cms.cms_basic' doesn't exist
 [ SQL语句 ] : SHOW COLUMNS FROM `cms_basic`

[ 2017-04-17T23:15:01+08:00 ] ::1 /index.php
INFO: [ app_init ] --START--
INFO: Run Behavior\BuildLiteBehavior [ RunTime:0.000000s ]
INFO: [ app_init ] --END-- [ RunTime:0.001000s ]
INFO: [ app_begin ] --START--
INFO: Run Behavior\ReadHtmlCacheBehavior [ RunTime:0.002000s ]
INFO: [ app_begin ] --END-- [ RunTime:0.002000s ]
INFO: [ view_parse ] --START--
INFO: [ template_filter ] --START--
INFO: Run Behavior\ContentReplaceBehavior [ RunTime:0.000000s ]
INFO: [ template_filter ] --END-- [ RunTime:0.001000s ]
ERR: 1146:Table 'cms.cms_basic' doesn't exist
 [ SQL语句 ] : SHOW COLUMNS FROM `cms_basic`
ERR: 1146:Table 'cms.cms_basic' doesn't exist
 [ SQL语句 ] : SHOW COLUMNS FROM `cms_basic`

[ 2017-04-17T23:15:03+08:00 ] ::1 /index.php
INFO: [ app_init ] --START--
INFO: Run Behavior\BuildLiteBehavior [ RunTime:0.000000s ]
INFO: [ app_init ] --END-- [ RunTime:0.001000s ]
INFO: [ app_begin ] --START--
INFO: Run Behavior\ReadHtmlCacheBehavior [ RunTime:0.001000s ]
INFO: [ app_begin ] --END-- [ RunTime:0.001000s ]
INFO: [ view_parse ] --START--
INFO: [ template_filter ] --START--
INFO: Run Behavior\ContentReplaceBehavior [ RunTime:0.001001s ]
INFO: [ template_filter ] --END-- [ RunTime:0.001001s ]
ERR: 1146:Table 'cms.cms_basic' doesn't exist
 [ SQL语句 ] : SHOW COLUMNS FROM `cms_basic`
ERR: 1146:Table 'cms.cms_basic' doesn't exist
 [ SQL语句 ] : SHOW COLUMNS FROM `cms_basic`

[ 2017-04-17T23:16:11+08:00 ] ::1 /Index.php?m=Home&c=index&a=index
INFO: [ app_init ] --START--
INFO: Run Behavior\BuildLiteBehavior [ RunTime:0.000000s ]
INFO: [ app_init ] --END-- [ RunTime:0.001000s ]
INFO: [ app_begin ] --START--
INFO: Run Behavior\ReadHtmlCacheBehavior [ RunTime:0.001000s ]
INFO: [ app_begin ] --END-- [ RunTime:0.001000s ]
INFO: [ view_parse ] --START--
INFO: [ template_filter ] --START--
INFO: Run Behavior\ContentReplaceBehavior [ RunTime:0.000000s ]
INFO: [ template_filter ] --END-- [ RunTime:0.000000s ]
ERR: 1146:Table 'cms.cms_basic' doesn't exist
 [ SQL语句 ] : SHOW COLUMNS FROM `cms_basic`
ERR: 1146:Table 'cms.cms_basic' doesn't exist
 [ SQL语句 ] : SHOW COLUMNS FROM `cms_basic`

[ 2017-04-17T23:18:07+08:00 ] ::1 /Index.php?m=Home&c=index&a=index
INFO: [ app_init ] --START--
INFO: Run Behavior\BuildLiteBehavior [ RunTime:0.000000s ]
INFO: [ app_init ] --END-- [ RunTime:0.001001s ]
INFO: [ app_begin ] --START--
INFO: Run Behavior\ReadHtmlCacheBehavior [ RunTime:0.001000s ]
INFO: [ app_begin ] --END-- [ RunTime:0.001000s ]
INFO: [ view_parse ] --START--
INFO: [ template_filter ] --START--
INFO: Run Behavior\ContentReplaceBehavior [ RunTime:0.000000s ]
INFO: [ template_filter ] --END-- [ RunTime:0.000000s ]
ERR: 1146:Table 'cms.cms_basic' doesn't exist
 [ SQL语句 ] : SHOW COLUMNS FROM `cms_basic`
ERR: 1146:Table 'cms.cms_basic' doesn't exist
 [ SQL语句 ] : SHOW COLUMNS FROM `cms_basic`

[ 2017-04-17T23:19:24+08:00 ] ::1 /Index.php?m=Home&c=index&a=index
INFO: [ app_init ] --START--
INFO: Run Behavior\BuildLiteBehavior [ RunTime:0.000000s ]
INFO: [ app_init ] --END-- [ RunTime:0.000000s ]
INFO: [ app_begin ] --START--
INFO: Run Behavior\ReadHtmlCacheBehavior [ RunTime:0.001000s ]
INFO: [ app_begin ] --END-- [ RunTime:0.001000s ]
INFO: [ view_parse ] --START--
INFO: [ template_filter ] --START--
INFO: Run Behavior\ContentReplaceBehavior [ RunTime:0.000000s ]
INFO: [ template_filter ] --END-- [ RunTime:0.000000s ]
ERR: 1146:Table 'cms.cms_basic' doesn't exist
 [ SQL语句 ] : SHOW COLUMNS FROM `cms_basic`
ERR: 1146:Table 'cms.cms_basic' doesn't exist
 [ SQL语句 ] : SHOW COLUMNS FROM `cms_basic`

[ 2017-04-17T23:26:38+08:00 ] ::1 /Index.php?m=Home&c=index&a=index
INFO: [ app_init ] --START--
INFO: Run Behavior\BuildLiteBehavior [ RunTime:0.000000s ]
INFO: [ app_init ] --END-- [ RunTime:0.000000s ]
INFO: [ app_begin ] --START--
INFO: Run Behavior\ReadHtmlCacheBehavior [ RunTime:0.001000s ]
INFO: [ app_begin ] --END-- [ RunTime:0.001000s ]
INFO: [ view_parse ] --START--
INFO: [ template_filter ] --START--
INFO: Run Behavior\ContentReplaceBehavior [ RunTime:0.000000s ]
INFO: [ template_filter ] --END-- [ RunTime:0.000000s ]
ERR: 1146:Table 'cms.cms_basic' doesn't exist
 [ SQL语句 ] : SHOW COLUMNS FROM `cms_basic`
ERR: 1146:Table 'cms.cms_basic' doesn't exist
 [ SQL语句 ] : SHOW COLUMNS FROM `cms_basic`

[ 2017-04-17T23:26:38+08:00 ] ::1 /Index.php?m=Home&c=index&a=index
INFO: [ app_init ] --START--
INFO: Run Behavior\BuildLiteBehavior [ RunTime:0.000000s ]
INFO: [ app_init ] --END-- [ RunTime:0.001000s ]
INFO: [ app_begin ] --START--
INFO: Run Behavior\ReadHtmlCacheBehavior [ RunTime:0.000000s ]
INFO: [ app_begin ] --END-- [ RunTime:0.000000s ]
INFO: [ view_parse ] --START--
INFO: [ template_filter ] --START--
INFO: Run Behavior\ContentReplaceBehavior [ RunTime:0.000000s ]
INFO: [ template_filter ] --END-- [ RunTime:0.000000s ]
ERR: 1146:Table 'cms.cms_basic' doesn't exist
 [ SQL语句 ] : SHOW COLUMNS FROM `cms_basic`
ERR: 1146:Table 'cms.cms_basic' doesn't exist
 [ SQL语句 ] : SHOW COLUMNS FROM `cms_basic`

[ 2017-04-17T23:35:39+08:00 ] ::1 /
INFO: [ app_init ] --START--
INFO: Run Behavior\BuildLiteBehavior [ RunTime:0.000000s ]
INFO: [ app_init ] --END-- [ RunTime:0.001000s ]
INFO: [ app_begin ] --START--
INFO: Run Behavior\ReadHtmlCacheBehavior [ RunTime:0.001000s ]
INFO: [ app_begin ] --END-- [ RunTime:0.001000s ]
INFO: [ view_parse ] --START--
INFO: [ template_filter ] --START--
INFO: Run Behavior\ContentReplaceBehavior [ RunTime:0.000000s ]
INFO: [ template_filter ] --END-- [ RunTime:0.000000s ]
ERR: 1146:Table 'cms.cms_basic' doesn't exist
 [ SQL语句 ] : SHOW COLUMNS FROM `cms_basic`
ERR: 1146:Table 'cms.cms_basic' doesn't exist
 [ SQL语句 ] : SHOW COLUMNS FROM `cms_basic`

[ 2017-04-17T23:40:21+08:00 ] ::1 /
INFO: [ app_init ] --START--
INFO: Run Behavior\BuildLiteBehavior [ RunTime:0.000000s ]
INFO: [ app_init ] --END-- [ RunTime:0.001000s ]
INFO: [ app_begin ] --START--
INFO: Run Behavior\ReadHtmlCacheBehavior [ RunTime:0.001001s ]
INFO: [ app_begin ] --END-- [ RunTime:0.001001s ]
INFO: [ view_parse ] --START--
INFO: [ template_filter ] --START--
INFO: Run Behavior\ContentReplaceBehavior [ RunTime:0.000000s ]
INFO: [ template_filter ] --END-- [ RunTime:0.000000s ]
ERR: 1146:Table 'cms.cms_basic' doesn't exist
 [ SQL语句 ] : SHOW COLUMNS FROM `cms_basic`
ERR: 1146:Table 'cms.cms_basic' doesn't exist
 [ SQL语句 ] : SHOW COLUMNS FROM `cms_basic`

[ 2017-04-17T23:44:34+08:00 ] ::1 /Index.php?m=Home&c=index&a=index
INFO: [ app_init ] --START--
INFO: Run Behavior\BuildLiteBehavior [ RunTime:0.000000s ]
INFO: [ app_init ] --END-- [ RunTime:0.000000s ]
INFO: [ app_begin ] --START--
INFO: Run Behavior\ReadHtmlCacheBehavior [ RunTime:0.001000s ]
INFO: [ app_begin ] --END-- [ RunTime:0.001000s ]
INFO: [ view_parse ] --START--
INFO: [ template_filter ] --START--
INFO: Run Behavior\ContentReplaceBehavior [ RunTime:0.000000s ]
INFO: [ template_filter ] --END-- [ RunTime:0.000000s ]
INFO: Run Behavior\ParseTemplateBehavior [ RunTime:0.009001s ]
INFO: [ view_parse ] --END-- [ RunTime:0.009001s ]
INFO: [ view_filter ] --START--
INFO: Run Behavior\WriteHtmlCacheBehavior [ RunTime:0.001000s ]
INFO: [ view_filter ] --END-- [ RunTime:0.001000s ]
INFO: [ app_end ] --START--
INFO: Run Behavior\ShowPageTraceBehavior [ RunTime:0.002000s ]
INFO: [ app_end ] --END-- [ RunTime:0.002000s ]

