[ 2017-04-21T00:03:07+08:00 ] ::1 /index.php?c=index&a=build_html
INFO: [ app_init ] --START--
INFO: Run Behavior\BuildLiteBehavior [ RunTime:0.000000s ]
INFO: [ app_init ] --END-- [ RunTime:0.000000s ]
INFO: [ app_begin ] --START--
INFO: Run Behavior\ReadHtmlCacheBehavior [ RunTime:0.002000s ]
INFO: [ app_begin ] --END-- [ RunTime:0.002000s ]
NOTIC: [2] Declaration of Home\Controller\CommonController::error($message = '') should be compatible with Think\Controller::error($message = '', $jumpUrl = '', $ajax = false) C:\xampp\htdocs\cms\Application\Home\Controller\CommonController.class.php 第 27 行.
NOTIC: [2] Declaration of Admin\Model\NewsModel::find($id) should be compatible with Think\Model::find($options = Array) C:\xampp\htdocs\cms\Application\Admin\Model\NewsModel.class.php 第 8 行.
SQL: SHOW COLUMNS FROM `cms_news` [ RunTime:0.0040s ]
SQL: SELECT * FROM `cms_news` WHERE `status` = 1 ORDER BY count desc,news_id desc LIMIT 5   [ RunTime:0.0000s ]
NOTIC: [2] Declaration of Admin\Model\PositionContentModel::find($id) should be compatible with Think\Model::find($options = Array) C:\xampp\htdocs\cms\Application\Admin\Model\PositionContentModel.class.php 第 114 行.
SQL: SHOW COLUMNS FROM `cms_position_content` [ RunTime:0.0030s ]
SQL: SELECT * FROM `cms_position_content` WHERE `status` = 1 AND `position_id` = 5 ORDER BY listorder desc, id desc LIMIT 0,5   [ RunTime:0.0010s ]
SQL: SELECT * FROM `cms_position_content` WHERE `status` = 1 AND `position_id` = 3 ORDER BY listorder desc, id desc LIMIT 0,1   [ RunTime:0.0000s ]
SQL: SELECT * FROM `cms_position_content` WHERE `status` = 1 AND `position_id` = 4 ORDER BY listorder desc, id desc LIMIT 0,3   [ RunTime:0.0010s ]
SQL: SELECT * FROM `cms_news` WHERE `status` <> -1 AND `thumb` <> '' ORDER BY listorder desc ,news_id desc LIMIT 0,30   [ RunTime:0.0000s ]
INFO: [ view_parse ] --START--
INFO: [ template_filter ] --START--
INFO: Run Behavior\ContentReplaceBehavior [ RunTime:0.000000s ]
INFO: [ template_filter ] --END-- [ RunTime:0.000000s ]
NOTIC: [2] Declaration of Admin\Model\BasicModel::save($data = Array) should be compatible with Think\Model::save($data = '', $options = Array) C:\xampp\htdocs\cms\Application\Admin\Model\BasicModel.class.php 第 21 行.
NOTIC: [2] Declaration of Admin\Model\BasicModel::select() should be compatible with Think\Model::select($options = Array) C:\xampp\htdocs\cms\Application\Admin\Model\BasicModel.class.php 第 21 行.
NOTIC: [2] Declaration of Admin\Model\MenuModel::find($id) should be compatible with Think\Model::find($options = Array) C:\xampp\htdocs\cms\Application\Admin\Model\MenuModel.class.php 第 110 行.
SQL: SHOW COLUMNS FROM `cms_menu` [ RunTime:0.0030s ]
SQL: SELECT * FROM `cms_menu` WHERE `status` = 1 AND `type` = 0 ORDER BY listorder desc,menu_id desc  [ RunTime:0.0010s ]
INFO: Run Behavior\ParseTemplateBehavior [ RunTime:0.016001s ]
INFO: [ view_parse ] --END-- [ RunTime:0.016001s ]
INFO: [ view_filter ] --START--
INFO: Run Behavior\WriteHtmlCacheBehavior [ RunTime:0.001000s ]
INFO: [ view_filter ] --END-- [ RunTime:0.001000s ]

