[ 2017-04-21T00:03:08+08:00 ] ::1 /admin.php?c=basic&a=cache
INFO: [ app_init ] --START--
INFO: Run Behavior\BuildLiteBehavior [ RunTime:0.000000s ]
INFO: [ app_init ] --END-- [ RunTime:0.000000s ]
INFO: [ app_begin ] --START--
INFO: Run Behavior\ReadHtmlCacheBehavior [ RunTime:0.002000s ]
INFO: [ app_begin ] --END-- [ RunTime:0.003000s ]
INFO: [ view_parse ] --START--
INFO: [ template_filter ] --START--
INFO: Run Behavior\ContentReplaceBehavior [ RunTime:0.000000s ]
INFO: [ template_filter ] --END-- [ RunTime:0.000000s ]
NOTIC: [2] Declaration of Admin\Model\MenuModel::find($id) should be compatible with Think\Model::find($options = Array) C:\xampp\htdocs\cms\Application\Admin\Model\MenuModel.class.php 第 5 行.
SQL: SHOW COLUMNS FROM `cms_menu` [ RunTime:0.0060s ]
SQL: SELECT * FROM `cms_menu` WHERE `status` <> -1 AND `type` = 1 ORDER BY listorder desc,menu_id desc  [ RunTime:0.0000s ]
NOTIC: [8] Undefined index: a C:\xampp\htdocs\cms\Application\Common\Common\function.php 第 41 行.
NOTIC: [8] Undefined index: a C:\xampp\htdocs\cms\Application\Common\Common\function.php 第 41 行.
NOTIC: [8] Undefined index: a C:\xampp\htdocs\cms\Application\Common\Common\function.php 第 41 行.
NOTIC: [8] Undefined index: a C:\xampp\htdocs\cms\Application\Common\Common\function.php 第 41 行.
NOTIC: [8] Undefined index: a C:\xampp\htdocs\cms\Application\Common\Common\function.php 第 41 行.
NOTIC: [8] Undefined index: a C:\xampp\htdocs\cms\Application\Common\Common\function.php 第 41 行.
INFO: Run Behavior\ParseTemplateBehavior [ RunTime:0.049003s ]
INFO: [ view_parse ] --END-- [ RunTime:0.049003s ]
INFO: [ view_filter ] --START--
INFO: Run Behavior\WriteHtmlCacheBehavior [ RunTime:0.001000s ]
INFO: [ view_filter ] --END-- [ RunTime:0.001000s ]
INFO: [ app_end ] --START--
INFO: Run Behavior\ShowPageTraceBehavior [ RunTime:0.002000s ]
INFO: [ app_end ] --END-- [ RunTime:0.002000s ]

[ 2017-04-21T00:03:18+08:00 ] ::1 /admin.php?c=basic
INFO: [ app_init ] --START--
INFO: Run Behavior\BuildLiteBehavior [ RunTime:0.000000s ]
INFO: [ app_init ] --END-- [ RunTime:0.001000s ]
INFO: [ app_begin ] --START--
INFO: Run Behavior\ReadHtmlCacheBehavior [ RunTime:0.001000s ]
INFO: [ app_begin ] --END-- [ RunTime:0.001000s ]
NOTIC: [2] Declaration of Admin\Model\BasicModel::save($data = Array) should be compatible with Think\Model::save($data = '', $options = Array) C:\xampp\htdocs\cms\Application\Admin\Model\BasicModel.class.php 第 6 行.
NOTIC: [2] Declaration of Admin\Model\BasicModel::select() should be compatible with Think\Model::select($options = Array) C:\xampp\htdocs\cms\Application\Admin\Model\BasicModel.class.php 第 6 行.
INFO: [ view_parse ] --START--
INFO: [ template_filter ] --START--
INFO: Run Behavior\ContentReplaceBehavior [ RunTime:0.000000s ]
INFO: [ template_filter ] --END-- [ RunTime:0.000000s ]
NOTIC: [2] Declaration of Admin\Model\MenuModel::find($id) should be compatible with Think\Model::find($options = Array) C:\xampp\htdocs\cms\Application\Admin\Model\MenuModel.class.php 第 110 行.
SQL: SHOW COLUMNS FROM `cms_menu` [ RunTime:0.0170s ]
SQL: SELECT * FROM `cms_menu` WHERE `status` <> -1 AND `type` = 1 ORDER BY listorder desc,menu_id desc  [ RunTime:0.0000s ]
NOTIC: [8] Undefined index: a C:\xampp\htdocs\cms\Application\Common\Common\function.php 第 41 行.
NOTIC: [8] Undefined index: a C:\xampp\htdocs\cms\Application\Common\Common\function.php 第 41 行.
NOTIC: [8] Undefined index: a C:\xampp\htdocs\cms\Application\Common\Common\function.php 第 41 行.
NOTIC: [8] Undefined index: a C:\xampp\htdocs\cms\Application\Common\Common\function.php 第 41 行.
NOTIC: [8] Undefined index: a C:\xampp\htdocs\cms\Application\Common\Common\function.php 第 41 行.
NOTIC: [8] Undefined index: a C:\xampp\htdocs\cms\Application\Common\Common\function.php 第 41 行.
INFO: Run Behavior\ParseTemplateBehavior [ RunTime:0.054004s ]
INFO: [ view_parse ] --END-- [ RunTime:0.054004s ]
INFO: [ view_filter ] --START--
INFO: Run Behavior\WriteHtmlCacheBehavior [ RunTime:0.001000s ]
INFO: [ view_filter ] --END-- [ RunTime:0.001000s ]
INFO: [ app_end ] --START--
INFO: Run Behavior\ShowPageTraceBehavior [ RunTime:0.001000s ]
INFO: [ app_end ] --END-- [ RunTime:0.001000s ]

[ 2017-04-21T00:10:53+08:00 ] ::1 /admin.php?c=basic&a=add
INFO: [ app_init ] --START--
INFO: Run Behavior\BuildLiteBehavior [ RunTime:0.000000s ]
INFO: [ app_init ] --END-- [ RunTime:0.000000s ]
INFO: [ app_begin ] --START--
INFO: Run Behavior\ReadHtmlCacheBehavior [ RunTime:0.001000s ]
INFO: [ app_begin ] --END-- [ RunTime:0.001000s ]
NOTIC: [2] Declaration of Admin\Model\BasicModel::save($data = Array) should be compatible with Think\Model::save($data = '', $options = Array) C:\xampp\htdocs\cms\Application\Admin\Model\BasicModel.class.php 第 6 行.
NOTIC: [2] Declaration of Admin\Model\BasicModel::select() should be compatible with Think\Model::select($options = Array) C:\xampp\htdocs\cms\Application\Admin\Model\BasicModel.class.php 第 6 行.

[ 2017-04-21T00:10:54+08:00 ] ::1 /admin.php?c=basic
INFO: [ app_init ] --START--
INFO: Run Behavior\BuildLiteBehavior [ RunTime:0.000000s ]
INFO: [ app_init ] --END-- [ RunTime:0.002000s ]
INFO: [ app_begin ] --START--
INFO: Run Behavior\ReadHtmlCacheBehavior [ RunTime:0.003001s ]
INFO: [ app_begin ] --END-- [ RunTime:0.003001s ]
NOTIC: [2] Declaration of Admin\Model\BasicModel::save($data = Array) should be compatible with Think\Model::save($data = '', $options = Array) C:\xampp\htdocs\cms\Application\Admin\Model\BasicModel.class.php 第 6 行.
NOTIC: [2] Declaration of Admin\Model\BasicModel::select() should be compatible with Think\Model::select($options = Array) C:\xampp\htdocs\cms\Application\Admin\Model\BasicModel.class.php 第 6 行.
INFO: [ view_parse ] --START--
INFO: [ template_filter ] --START--
INFO: Run Behavior\ContentReplaceBehavior [ RunTime:0.000000s ]
INFO: [ template_filter ] --END-- [ RunTime:0.000000s ]
NOTIC: [2] Declaration of Admin\Model\MenuModel::find($id) should be compatible with Think\Model::find($options = Array) C:\xampp\htdocs\cms\Application\Admin\Model\MenuModel.class.php 第 110 行.
SQL: SHOW COLUMNS FROM `cms_menu` [ RunTime:0.0050s ]
SQL: SELECT * FROM `cms_menu` WHERE `status` <> -1 AND `type` = 1 ORDER BY listorder desc,menu_id desc  [ RunTime:0.0010s ]
NOTIC: [8] Undefined index: a C:\xampp\htdocs\cms\Application\Common\Common\function.php 第 41 行.
NOTIC: [8] Undefined index: a C:\xampp\htdocs\cms\Application\Common\Common\function.php 第 41 行.
NOTIC: [8] Undefined index: a C:\xampp\htdocs\cms\Application\Common\Common\function.php 第 41 行.
NOTIC: [8] Undefined index: a C:\xampp\htdocs\cms\Application\Common\Common\function.php 第 41 行.
NOTIC: [8] Undefined index: a C:\xampp\htdocs\cms\Application\Common\Common\function.php 第 41 行.
NOTIC: [8] Undefined index: a C:\xampp\htdocs\cms\Application\Common\Common\function.php 第 41 行.
INFO: Run Behavior\ParseTemplateBehavior [ RunTime:0.033002s ]
INFO: [ view_parse ] --END-- [ RunTime:0.033002s ]
INFO: [ view_filter ] --START--
INFO: Run Behavior\WriteHtmlCacheBehavior [ RunTime:0.001000s ]
INFO: [ view_filter ] --END-- [ RunTime:0.001000s ]
INFO: [ app_end ] --START--
INFO: Run Behavior\ShowPageTraceBehavior [ RunTime:0.000000s ]
INFO: [ app_end ] --END-- [ RunTime:0.000000s ]

