[ 2017-04-19T00:43:28+08:00 ] ::1 /admin.php?c=position
INFO: [ app_init ] --START--
INFO: Run Behavior\BuildLiteBehavior [ RunTime:0.000000s ]
INFO: [ app_init ] --END-- [ RunTime:0.000000s ]
INFO: [ app_begin ] --START--
INFO: Run Behavior\ReadHtmlCacheBehavior [ RunTime:0.001000s ]
INFO: [ app_begin ] --END-- [ RunTime:0.001000s ]
NOTIC: [2] Declaration of Admin\Controller\PositionController::setStatus() should be compatible with Admin\Controller\CommonController::setStatus($data, $models) C:\xampp\htdocs\cms\Application\Admin\Controller\PositionController.class.php 第 5 行.
NOTIC: [2] Declaration of Admin\Model\PositionModel::find($id) should be compatible with Think\Model::find($options = Array) C:\xampp\htdocs\cms\Application\Admin\Model\PositionModel.class.php 第 5 行.
SQL: SHOW COLUMNS FROM `cms_position` [ RunTime:0.0050s ]
SQL: SELECT * FROM `cms_position` WHERE `status` <> -1 ORDER BY id  [ RunTime:0.0010s ]
INFO: [ view_parse ] --START--
INFO: [ template_filter ] --START--
INFO: Run Behavior\ContentReplaceBehavior [ RunTime:0.000000s ]
INFO: [ template_filter ] --END-- [ RunTime:0.000000s ]
NOTIC: [2] Declaration of Admin\Model\MenuModel::find($id) should be compatible with Think\Model::find($options = Array) C:\xampp\htdocs\cms\Application\Admin\Model\MenuModel.class.php 第 110 行.
SQL: SHOW COLUMNS FROM `cms_menu` [ RunTime:0.0030s ]
SQL: SELECT * FROM `cms_menu` WHERE `status` <> -1 AND `type` = 1 ORDER BY listorder desc,menu_id desc  [ RunTime:0.0000s ]
NOTIC: [8] Undefined index: a C:\xampp\htdocs\cms\Application\Common\Common\function.php 第 41 行.
NOTIC: [8] Undefined index: a C:\xampp\htdocs\cms\Application\Common\Common\function.php 第 41 行.
NOTIC: [8] Undefined index: a C:\xampp\htdocs\cms\Application\Common\Common\function.php 第 41 行.
NOTIC: [8] Undefined index: a C:\xampp\htdocs\cms\Application\Common\Common\function.php 第 41 行.
NOTIC: [8] Undefined index: a C:\xampp\htdocs\cms\Application\Common\Common\function.php 第 41 行.
NOTIC: [8] Undefined index: a C:\xampp\htdocs\cms\Application\Common\Common\function.php 第 41 行.
NOTIC: [8] Undefined variable: nav C:\xampp\htdocs\cms\Application\Runtime\Cache\Admin\3a437f75b5b60a521a3ad0fc93a5ab5f.php 第 99 行.
INFO: Run Behavior\ParseTemplateBehavior [ RunTime:0.018001s ]
INFO: [ view_parse ] --END-- [ RunTime:0.018001s ]
INFO: [ view_filter ] --START--
INFO: Run Behavior\WriteHtmlCacheBehavior [ RunTime:0.000000s ]
INFO: [ view_filter ] --END-- [ RunTime:0.000000s ]
INFO: [ app_end ] --START--
INFO: Run Behavior\ShowPageTraceBehavior [ RunTime:0.001000s ]
INFO: [ app_end ] --END-- [ RunTime:0.001000s ]

[ 2017-04-19T00:43:33+08:00 ] ::1 /admin.php?c=position&a=edit&id=5
INFO: [ app_init ] --START--
INFO: Run Behavior\BuildLiteBehavior [ RunTime:0.000000s ]
INFO: [ app_init ] --END-- [ RunTime:0.000000s ]
INFO: [ app_begin ] --START--
INFO: Run Behavior\ReadHtmlCacheBehavior [ RunTime:0.000000s ]
INFO: [ app_begin ] --END-- [ RunTime:0.000000s ]
NOTIC: [2] Declaration of Admin\Controller\PositionController::setStatus() should be compatible with Admin\Controller\CommonController::setStatus($data, $models) C:\xampp\htdocs\cms\Application\Admin\Controller\PositionController.class.php 第 5 行.
NOTIC: [2] Declaration of Admin\Model\PositionModel::find($id) should be compatible with Think\Model::find($options = Array) C:\xampp\htdocs\cms\Application\Admin\Model\PositionModel.class.php 第 5 行.
SQL: SHOW COLUMNS FROM `cms_position` [ RunTime:0.0040s ]
SQL: SELECT * FROM `cms_position` WHERE `status` <> -1 AND `id` = '5' LIMIT 1   [ RunTime:0.0000s ]
INFO: [ view_parse ] --START--
INFO: [ template_filter ] --START--
INFO: Run Behavior\ContentReplaceBehavior [ RunTime:0.000000s ]
INFO: [ template_filter ] --END-- [ RunTime:0.000000s ]
NOTIC: [2] Declaration of Admin\Model\MenuModel::find($id) should be compatible with Think\Model::find($options = Array) C:\xampp\htdocs\cms\Application\Admin\Model\MenuModel.class.php 第 110 行.
SQL: SHOW COLUMNS FROM `cms_menu` [ RunTime:0.0030s ]
SQL: SELECT * FROM `cms_menu` WHERE `status` <> -1 AND `type` = 1 ORDER BY listorder desc,menu_id desc  [ RunTime:0.0000s ]
NOTIC: [8] Undefined index: a C:\xampp\htdocs\cms\Application\Common\Common\function.php 第 41 行.
NOTIC: [8] Undefined index: a C:\xampp\htdocs\cms\Application\Common\Common\function.php 第 41 行.
NOTIC: [8] Undefined index: a C:\xampp\htdocs\cms\Application\Common\Common\function.php 第 41 行.
NOTIC: [8] Undefined index: a C:\xampp\htdocs\cms\Application\Common\Common\function.php 第 41 行.
NOTIC: [8] Undefined index: a C:\xampp\htdocs\cms\Application\Common\Common\function.php 第 41 行.
NOTIC: [8] Undefined index: a C:\xampp\htdocs\cms\Application\Common\Common\function.php 第 41 行.
INFO: Run Behavior\ParseTemplateBehavior [ RunTime:0.015001s ]
INFO: [ view_parse ] --END-- [ RunTime:0.015001s ]
INFO: [ view_filter ] --START--
INFO: Run Behavior\WriteHtmlCacheBehavior [ RunTime:0.001000s ]
INFO: [ view_filter ] --END-- [ RunTime:0.001000s ]
INFO: [ app_end ] --START--
INFO: Run Behavior\ShowPageTraceBehavior [ RunTime:0.002000s ]
INFO: [ app_end ] --END-- [ RunTime:0.002000s ]

[ 2017-04-19T00:43:57+08:00 ] ::1 /admin.php?c=position&a=add
INFO: [ app_init ] --START--
INFO: Run Behavior\BuildLiteBehavior [ RunTime:0.000000s ]
INFO: [ app_init ] --END-- [ RunTime:0.001000s ]
INFO: [ app_begin ] --START--
INFO: Run Behavior\ReadHtmlCacheBehavior [ RunTime:0.005001s ]
INFO: [ app_begin ] --END-- [ RunTime:0.005001s ]
NOTIC: [2] Declaration of Admin\Controller\PositionController::setStatus() should be compatible with Admin\Controller\CommonController::setStatus($data, $models) C:\xampp\htdocs\cms\Application\Admin\Controller\PositionController.class.php 第 5 行.
NOTIC: [2] Declaration of Admin\Model\PositionModel::find($id) should be compatible with Think\Model::find($options = Array) C:\xampp\htdocs\cms\Application\Admin\Model\PositionModel.class.php 第 5 行.
SQL: SHOW COLUMNS FROM `cms_position` [ RunTime:0.0030s ]
SQL: UPDATE `cms_position` SET `name`='广告位',`description`='广告信息',`update_time`='1492533837' WHERE ( id=5 ) [ RunTime:0.0000s ]

[ 2017-04-19T00:43:58+08:00 ] ::1 /admin.php?c=position
INFO: [ app_init ] --START--
INFO: Run Behavior\BuildLiteBehavior [ RunTime:0.000000s ]
INFO: [ app_init ] --END-- [ RunTime:0.001000s ]
INFO: [ app_begin ] --START--
INFO: Run Behavior\ReadHtmlCacheBehavior [ RunTime:0.001000s ]
INFO: [ app_begin ] --END-- [ RunTime:0.001000s ]
NOTIC: [2] Declaration of Admin\Controller\PositionController::setStatus() should be compatible with Admin\Controller\CommonController::setStatus($data, $models) C:\xampp\htdocs\cms\Application\Admin\Controller\PositionController.class.php 第 5 行.
NOTIC: [2] Declaration of Admin\Model\PositionModel::find($id) should be compatible with Think\Model::find($options = Array) C:\xampp\htdocs\cms\Application\Admin\Model\PositionModel.class.php 第 5 行.
SQL: SHOW COLUMNS FROM `cms_position` [ RunTime:0.0020s ]
SQL: SELECT * FROM `cms_position` WHERE `status` <> -1 ORDER BY id  [ RunTime:0.0010s ]
INFO: [ view_parse ] --START--
INFO: [ template_filter ] --START--
INFO: Run Behavior\ContentReplaceBehavior [ RunTime:0.001000s ]
INFO: [ template_filter ] --END-- [ RunTime:0.001000s ]
NOTIC: [2] Declaration of Admin\Model\MenuModel::find($id) should be compatible with Think\Model::find($options = Array) C:\xampp\htdocs\cms\Application\Admin\Model\MenuModel.class.php 第 110 行.
SQL: SHOW COLUMNS FROM `cms_menu` [ RunTime:0.0080s ]
SQL: SELECT * FROM `cms_menu` WHERE `status` <> -1 AND `type` = 1 ORDER BY listorder desc,menu_id desc  [ RunTime:0.0010s ]
NOTIC: [8] Undefined index: a C:\xampp\htdocs\cms\Application\Common\Common\function.php 第 41 行.
NOTIC: [8] Undefined index: a C:\xampp\htdocs\cms\Application\Common\Common\function.php 第 41 行.
NOTIC: [8] Undefined index: a C:\xampp\htdocs\cms\Application\Common\Common\function.php 第 41 行.
NOTIC: [8] Undefined index: a C:\xampp\htdocs\cms\Application\Common\Common\function.php 第 41 行.
NOTIC: [8] Undefined index: a C:\xampp\htdocs\cms\Application\Common\Common\function.php 第 41 行.
NOTIC: [8] Undefined index: a C:\xampp\htdocs\cms\Application\Common\Common\function.php 第 41 行.
NOTIC: [8] Undefined variable: nav C:\xampp\htdocs\cms\Application\Runtime\Cache\Admin\3a437f75b5b60a521a3ad0fc93a5ab5f.php 第 99 行.
INFO: Run Behavior\ParseTemplateBehavior [ RunTime:0.020001s ]
INFO: [ view_parse ] --END-- [ RunTime:0.020001s ]
INFO: [ view_filter ] --START--
INFO: Run Behavior\WriteHtmlCacheBehavior [ RunTime:0.001000s ]
INFO: [ view_filter ] --END-- [ RunTime:0.001000s ]
INFO: [ app_end ] --START--
INFO: Run Behavior\ShowPageTraceBehavior [ RunTime:0.001000s ]
INFO: [ app_end ] --END-- [ RunTime:0.001000s ]

[ 2017-04-19T00:43:59+08:00 ] ::1 /admin.php?c=content
INFO: [ app_init ] --START--
INFO: Run Behavior\BuildLiteBehavior [ RunTime:0.000000s ]
INFO: [ app_init ] --END-- [ RunTime:0.000000s ]
INFO: [ app_begin ] --START--
INFO: Run Behavior\ReadHtmlCacheBehavior [ RunTime:0.000000s ]
INFO: [ app_begin ] --END-- [ RunTime:0.000000s ]
NOTIC: [2] Declaration of Admin\Controller\ContentController::setStatus() should be compatible with Admin\Controller\CommonController::setStatus($data, $models) C:\xampp\htdocs\cms\Application\Admin\Controller\ContentController.class.php 第 9 行.
NOTIC: [2] Declaration of Admin\Controller\ContentController::listorder() should be compatible with Admin\Controller\CommonController::listorder($model = '') C:\xampp\htdocs\cms\Application\Admin\Controller\ContentController.class.php 第 9 行.
NOTIC: [8] Undefined index: title C:\xampp\htdocs\cms\Application\Admin\Controller\ContentController.class.php 第 12 行.
NOTIC: [8] Undefined index: catid C:\xampp\htdocs\cms\Application\Admin\Controller\ContentController.class.php 第 17 行.
NOTIC: [8] Undefined index: p C:\xampp\htdocs\cms\Application\Admin\Controller\ContentController.class.php 第 23 行.
NOTIC: [2] Declaration of Admin\Model\NewsModel::find($id) should be compatible with Think\Model::find($options = Array) C:\xampp\htdocs\cms\Application\Admin\Model\NewsModel.class.php 第 8 行.
SQL: SHOW COLUMNS FROM `cms_news` [ RunTime:0.0030s ]
SQL: SELECT * FROM `cms_news` WHERE `status` <> -1 ORDER BY listorder desc ,news_id desc LIMIT 0,3   [ RunTime:0.0000s ]
SQL: SELECT COUNT(*) AS tp_count FROM `cms_news` WHERE `status` <> -1 LIMIT 1   [ RunTime:0.0000s ]
NOTIC: [2] Declaration of Admin\Model\MenuModel::find($id) should be compatible with Think\Model::find($options = Array) C:\xampp\htdocs\cms\Application\Admin\Model\MenuModel.class.php 第 110 行.
SQL: SHOW COLUMNS FROM `cms_menu` [ RunTime:0.0030s ]
SQL: SELECT * FROM `cms_menu` WHERE `status` = 1 AND `type` = 0 ORDER BY listorder desc,menu_id desc  [ RunTime:0.0000s ]
NOTIC: [2] Declaration of Admin\Model\PositionModel::find($id) should be compatible with Think\Model::find($options = Array) C:\xampp\htdocs\cms\Application\Admin\Model\PositionModel.class.php 第 71 行.
SQL: SHOW COLUMNS FROM `cms_position` [ RunTime:0.0030s ]
SQL: SELECT * FROM `cms_position` WHERE `status` <> -1 ORDER BY id  [ RunTime:0.0010s ]
INFO: [ view_parse ] --START--
INFO: [ template_filter ] --START--
INFO: Run Behavior\ContentReplaceBehavior [ RunTime:0.000000s ]
INFO: [ template_filter ] --END-- [ RunTime:0.000000s ]
SQL: SELECT * FROM `cms_menu` WHERE `status` <> -1 AND `type` = 1 ORDER BY listorder desc,menu_id desc  [ RunTime:0.0000s ]
NOTIC: [8] Undefined index: a C:\xampp\htdocs\cms\Application\Common\Common\function.php 第 41 行.
NOTIC: [8] Undefined index: a C:\xampp\htdocs\cms\Application\Common\Common\function.php 第 41 行.
NOTIC: [8] Undefined index: a C:\xampp\htdocs\cms\Application\Common\Common\function.php 第 41 行.
NOTIC: [8] Undefined index: a C:\xampp\htdocs\cms\Application\Common\Common\function.php 第 41 行.
NOTIC: [8] Undefined index: a C:\xampp\htdocs\cms\Application\Common\Common\function.php 第 41 行.
NOTIC: [8] Undefined index: a C:\xampp\htdocs\cms\Application\Common\Common\function.php 第 41 行.
NOTIC: [8] Undefined variable: catid C:\xampp\htdocs\cms\Application\Runtime\Cache\Admin\ccc9ced3ad798311a07cb47b740981c5.php 第 116 行.
NOTIC: [8] Undefined variable: catid C:\xampp\htdocs\cms\Application\Runtime\Cache\Admin\ccc9ced3ad798311a07cb47b740981c5.php 第 116 行.
NOTIC: [8] Undefined variable: catid C:\xampp\htdocs\cms\Application\Runtime\Cache\Admin\ccc9ced3ad798311a07cb47b740981c5.php 第 116 行.
NOTIC: [8] Undefined variable: title C:\xampp\htdocs\cms\Application\Runtime\Cache\Admin\ccc9ced3ad798311a07cb47b740981c5.php 第 124 行.
INFO: Run Behavior\ParseTemplateBehavior [ RunTime:0.011001s ]
INFO: [ view_parse ] --END-- [ RunTime:0.011001s ]
INFO: [ view_filter ] --START--
INFO: Run Behavior\WriteHtmlCacheBehavior [ RunTime:0.000000s ]
INFO: [ view_filter ] --END-- [ RunTime:0.000000s ]
INFO: [ app_end ] --START--
INFO: Run Behavior\ShowPageTraceBehavior [ RunTime:0.001000s ]
INFO: [ app_end ] --END-- [ RunTime:0.001000s ]

[ 2017-04-19T00:44:02+08:00 ] ::1 /admin.php?c=content&a=add
INFO: [ app_init ] --START--
INFO: Run Behavior\BuildLiteBehavior [ RunTime:0.000000s ]
INFO: [ app_init ] --END-- [ RunTime:0.000000s ]
INFO: [ app_begin ] --START--
INFO: Run Behavior\ReadHtmlCacheBehavior [ RunTime:0.001000s ]
INFO: [ app_begin ] --END-- [ RunTime:0.001000s ]
NOTIC: [2] Declaration of Admin\Controller\ContentController::setStatus() should be compatible with Admin\Controller\CommonController::setStatus($data, $models) C:\xampp\htdocs\cms\Application\Admin\Controller\ContentController.class.php 第 9 行.
NOTIC: [2] Declaration of Admin\Controller\ContentController::listorder() should be compatible with Admin\Controller\CommonController::listorder($model = '') C:\xampp\htdocs\cms\Application\Admin\Controller\ContentController.class.php 第 9 行.
NOTIC: [2] Declaration of Admin\Model\MenuModel::find($id) should be compatible with Think\Model::find($options = Array) C:\xampp\htdocs\cms\Application\Admin\Model\MenuModel.class.php 第 5 行.
SQL: SHOW COLUMNS FROM `cms_menu` [ RunTime:0.0030s ]
SQL: SELECT * FROM `cms_menu` WHERE `status` = 1 AND `type` = 0 ORDER BY listorder desc,menu_id desc  [ RunTime:0.0000s ]
INFO: [ view_parse ] --START--
INFO: [ template_filter ] --START--
INFO: Run Behavior\ContentReplaceBehavior [ RunTime:0.000000s ]
INFO: [ template_filter ] --END-- [ RunTime:0.000000s ]
SQL: SELECT * FROM `cms_menu` WHERE `status` <> -1 AND `type` = 1 ORDER BY listorder desc,menu_id desc  [ RunTime:0.0020s ]
NOTIC: [8] Undefined index: a C:\xampp\htdocs\cms\Application\Common\Common\function.php 第 41 行.
NOTIC: [8] Undefined index: a C:\xampp\htdocs\cms\Application\Common\Common\function.php 第 41 行.
NOTIC: [8] Undefined index: a C:\xampp\htdocs\cms\Application\Common\Common\function.php 第 41 行.
NOTIC: [8] Undefined index: a C:\xampp\htdocs\cms\Application\Common\Common\function.php 第 41 行.
NOTIC: [8] Undefined index: a C:\xampp\htdocs\cms\Application\Common\Common\function.php 第 41 行.
NOTIC: [8] Undefined index: a C:\xampp\htdocs\cms\Application\Common\Common\function.php 第 41 行.
INFO: Run Behavior\ParseTemplateBehavior [ RunTime:0.096005s ]
INFO: [ view_parse ] --END-- [ RunTime:0.096005s ]
INFO: [ view_filter ] --START--
INFO: Run Behavior\WriteHtmlCacheBehavior [ RunTime:0.002000s ]
INFO: [ view_filter ] --END-- [ RunTime:0.002000s ]
INFO: [ app_end ] --START--
INFO: Run Behavior\ShowPageTraceBehavior [ RunTime:0.002000s ]
INFO: [ app_end ] --END-- [ RunTime:0.002000s ]

[ 2017-04-19T00:44:58+08:00 ] ::1 /admin.php?c=image&a=ajaxuploadimage
INFO: [ app_init ] --START--
INFO: Run Behavior\BuildLiteBehavior [ RunTime:0.000000s ]
INFO: [ app_init ] --END-- [ RunTime:0.001000s ]
INFO: [ app_begin ] --START--
INFO: Run Behavior\ReadHtmlCacheBehavior [ RunTime:0.001000s ]
INFO: [ app_begin ] --END-- [ RunTime:0.001000s ]
NOTIC: [8] Use of undefined constant Y - assumed 'Y' C:\xampp\htdocs\cms\Application\Admin\Model\UploadImageModel.class.php 第 19 行.
NOTIC: [8] Use of undefined constant m - assumed 'm' C:\xampp\htdocs\cms\Application\Admin\Model\UploadImageModel.class.php 第 19 行.
NOTIC: [8] Use of undefined constant d - assumed 'd' C:\xampp\htdocs\cms\Application\Admin\Model\UploadImageModel.class.php 第 19 行.
NOTIC: [2] call_user_func() expects parameter 1 to be a valid callback, no array or string given C:\xampp\htdocs\cms\ThinkPHP\Library\Think\Upload.class.php 第 170 行.

[ 2017-04-19T00:45:38+08:00 ] ::1 /admin.php?c=content&a=add
INFO: [ app_init ] --START--
INFO: Run Behavior\BuildLiteBehavior [ RunTime:0.000000s ]
INFO: [ app_init ] --END-- [ RunTime:0.000000s ]
INFO: [ app_begin ] --START--
INFO: Run Behavior\ReadHtmlCacheBehavior [ RunTime:0.001000s ]
INFO: [ app_begin ] --END-- [ RunTime:0.001000s ]
NOTIC: [2] Declaration of Admin\Controller\ContentController::setStatus() should be compatible with Admin\Controller\CommonController::setStatus($data, $models) C:\xampp\htdocs\cms\Application\Admin\Controller\ContentController.class.php 第 9 行.
NOTIC: [2] Declaration of Admin\Controller\ContentController::listorder() should be compatible with Admin\Controller\CommonController::listorder($model = '') C:\xampp\htdocs\cms\Application\Admin\Controller\ContentController.class.php 第 9 行.

[ 2017-04-19T00:45:43+08:00 ] ::1 /admin.php?c=content&a=add
INFO: [ app_init ] --START--
INFO: Run Behavior\BuildLiteBehavior [ RunTime:0.000000s ]
INFO: [ app_init ] --END-- [ RunTime:0.001000s ]
INFO: [ app_begin ] --START--
INFO: Run Behavior\ReadHtmlCacheBehavior [ RunTime:0.000000s ]
INFO: [ app_begin ] --END-- [ RunTime:0.000000s ]
NOTIC: [2] Declaration of Admin\Controller\ContentController::setStatus() should be compatible with Admin\Controller\CommonController::setStatus($data, $models) C:\xampp\htdocs\cms\Application\Admin\Controller\ContentController.class.php 第 9 行.
NOTIC: [2] Declaration of Admin\Controller\ContentController::listorder() should be compatible with Admin\Controller\CommonController::listorder($model = '') C:\xampp\htdocs\cms\Application\Admin\Controller\ContentController.class.php 第 9 行.
NOTIC: [8] Undefined index: news_id C:\xampp\htdocs\cms\Application\Admin\Controller\ContentController.class.php 第 59 行.
NOTIC: [2] Declaration of Admin\Model\NewsModel::find($id) should be compatible with Think\Model::find($options = Array) C:\xampp\htdocs\cms\Application\Admin\Model\NewsModel.class.php 第 8 行.
SQL: SHOW COLUMNS FROM `cms_news` [ RunTime:0.0030s ]
SQL: INSERT INTO `cms_news` (`title`,`small_title`,`thumb`,`title_font_color`,`catid`,`copyfrom`,`description`,`keywords`,`create_time`,`username`) VALUES ('LIPO','meiJIU','/upload/2017/04/19/58f6428aa12f8.jpg','#5674ed','14','2','暂无','李白','1492533943','admin') [ RunTime:0.0010s ]
NOTIC: [2] Declaration of Admin\Model\NewsContentModel::find($id) should be compatible with Think\Model::find($options = Array) C:\xampp\htdocs\cms\Application\Admin\Model\NewsContentModel.class.php 第 49 行.
SQL: SHOW COLUMNS FROM `cms_news_content` [ RunTime:0.0020s ]
SQL: INSERT INTO `cms_news_content` (`content`,`news_id`,`create_time`) VALUES ('李白没酒','13','1492533943') [ RunTime:0.0000s ]

[ 2017-04-19T00:45:44+08:00 ] ::1 /admin.php?c=content
INFO: [ app_init ] --START--
INFO: Run Behavior\BuildLiteBehavior [ RunTime:0.000000s ]
INFO: [ app_init ] --END-- [ RunTime:0.000000s ]
INFO: [ app_begin ] --START--
INFO: Run Behavior\ReadHtmlCacheBehavior [ RunTime:0.002000s ]
INFO: [ app_begin ] --END-- [ RunTime:0.002000s ]
NOTIC: [2] Declaration of Admin\Controller\ContentController::setStatus() should be compatible with Admin\Controller\CommonController::setStatus($data, $models) C:\xampp\htdocs\cms\Application\Admin\Controller\ContentController.class.php 第 9 行.
NOTIC: [2] Declaration of Admin\Controller\ContentController::listorder() should be compatible with Admin\Controller\CommonController::listorder($model = '') C:\xampp\htdocs\cms\Application\Admin\Controller\ContentController.class.php 第 9 行.
NOTIC: [8] Undefined index: title C:\xampp\htdocs\cms\Application\Admin\Controller\ContentController.class.php 第 12 行.
NOTIC: [8] Undefined index: catid C:\xampp\htdocs\cms\Application\Admin\Controller\ContentController.class.php 第 17 行.
NOTIC: [8] Undefined index: p C:\xampp\htdocs\cms\Application\Admin\Controller\ContentController.class.php 第 23 行.
NOTIC: [2] Declaration of Admin\Model\NewsModel::find($id) should be compatible with Think\Model::find($options = Array) C:\xampp\htdocs\cms\Application\Admin\Model\NewsModel.class.php 第 8 行.
SQL: SHOW COLUMNS FROM `cms_news` [ RunTime:0.0030s ]
SQL: SELECT * FROM `cms_news` WHERE `status` <> -1 ORDER BY listorder desc ,news_id desc LIMIT 0,3   [ RunTime:0.0010s ]
SQL: SELECT COUNT(*) AS tp_count FROM `cms_news` WHERE `status` <> -1 LIMIT 1   [ RunTime:0.0000s ]
NOTIC: [2] Declaration of Admin\Model\MenuModel::find($id) should be compatible with Think\Model::find($options = Array) C:\xampp\htdocs\cms\Application\Admin\Model\MenuModel.class.php 第 110 行.
SQL: SHOW COLUMNS FROM `cms_menu` [ RunTime:0.0030s ]
SQL: SELECT * FROM `cms_menu` WHERE `status` = 1 AND `type` = 0 ORDER BY listorder desc,menu_id desc  [ RunTime:0.0000s ]
NOTIC: [2] Declaration of Admin\Model\PositionModel::find($id) should be compatible with Think\Model::find($options = Array) C:\xampp\htdocs\cms\Application\Admin\Model\PositionModel.class.php 第 71 行.
SQL: SHOW COLUMNS FROM `cms_position` [ RunTime:0.0040s ]
SQL: SELECT * FROM `cms_position` WHERE `status` <> -1 ORDER BY id  [ RunTime:0.0000s ]
INFO: [ view_parse ] --START--
INFO: [ template_filter ] --START--
INFO: Run Behavior\ContentReplaceBehavior [ RunTime:0.000000s ]
INFO: [ template_filter ] --END-- [ RunTime:0.000000s ]
SQL: SELECT * FROM `cms_menu` WHERE `status` <> -1 AND `type` = 1 ORDER BY listorder desc,menu_id desc  [ RunTime:0.0000s ]
NOTIC: [8] Undefined index: a C:\xampp\htdocs\cms\Application\Common\Common\function.php 第 41 行.
NOTIC: [8] Undefined index: a C:\xampp\htdocs\cms\Application\Common\Common\function.php 第 41 行.
NOTIC: [8] Undefined index: a C:\xampp\htdocs\cms\Application\Common\Common\function.php 第 41 行.
NOTIC: [8] Undefined index: a C:\xampp\htdocs\cms\Application\Common\Common\function.php 第 41 行.
NOTIC: [8] Undefined index: a C:\xampp\htdocs\cms\Application\Common\Common\function.php 第 41 行.
NOTIC: [8] Undefined index: a C:\xampp\htdocs\cms\Application\Common\Common\function.php 第 41 行.
NOTIC: [8] Undefined variable: catid C:\xampp\htdocs\cms\Application\Runtime\Cache\Admin\ccc9ced3ad798311a07cb47b740981c5.php 第 116 行.
NOTIC: [8] Undefined variable: catid C:\xampp\htdocs\cms\Application\Runtime\Cache\Admin\ccc9ced3ad798311a07cb47b740981c5.php 第 116 行.
NOTIC: [8] Undefined variable: catid C:\xampp\htdocs\cms\Application\Runtime\Cache\Admin\ccc9ced3ad798311a07cb47b740981c5.php 第 116 行.
NOTIC: [8] Undefined variable: title C:\xampp\htdocs\cms\Application\Runtime\Cache\Admin\ccc9ced3ad798311a07cb47b740981c5.php 第 124 行.
INFO: Run Behavior\ParseTemplateBehavior [ RunTime:0.013000s ]
INFO: [ view_parse ] --END-- [ RunTime:0.013000s ]
INFO: [ view_filter ] --START--
INFO: Run Behavior\WriteHtmlCacheBehavior [ RunTime:0.000000s ]
INFO: [ view_filter ] --END-- [ RunTime:0.001000s ]
INFO: [ app_end ] --START--
INFO: Run Behavior\ShowPageTraceBehavior [ RunTime:0.002001s ]
INFO: [ app_end ] --END-- [ RunTime:0.002001s ]

[ 2017-04-19T00:45:51+08:00 ] ::1 /admin.php?c=content&a=add
INFO: [ app_init ] --START--
INFO: Run Behavior\BuildLiteBehavior [ RunTime:0.000000s ]
INFO: [ app_init ] --END-- [ RunTime:0.000000s ]
INFO: [ app_begin ] --START--
INFO: Run Behavior\ReadHtmlCacheBehavior [ RunTime:0.001000s ]
INFO: [ app_begin ] --END-- [ RunTime:0.001000s ]
NOTIC: [2] Declaration of Admin\Controller\ContentController::setStatus() should be compatible with Admin\Controller\CommonController::setStatus($data, $models) C:\xampp\htdocs\cms\Application\Admin\Controller\ContentController.class.php 第 9 行.
NOTIC: [2] Declaration of Admin\Controller\ContentController::listorder() should be compatible with Admin\Controller\CommonController::listorder($model = '') C:\xampp\htdocs\cms\Application\Admin\Controller\ContentController.class.php 第 9 行.
NOTIC: [2] Declaration of Admin\Model\MenuModel::find($id) should be compatible with Think\Model::find($options = Array) C:\xampp\htdocs\cms\Application\Admin\Model\MenuModel.class.php 第 5 行.
SQL: SHOW COLUMNS FROM `cms_menu` [ RunTime:0.0070s ]
SQL: SELECT * FROM `cms_menu` WHERE `status` = 1 AND `type` = 0 ORDER BY listorder desc,menu_id desc  [ RunTime:0.0020s ]
INFO: [ view_parse ] --START--
INFO: [ template_filter ] --START--
INFO: Run Behavior\ContentReplaceBehavior [ RunTime:0.000000s ]
INFO: [ template_filter ] --END-- [ RunTime:0.000000s ]
SQL: SELECT * FROM `cms_menu` WHERE `status` <> -1 AND `type` = 1 ORDER BY listorder desc,menu_id desc  [ RunTime:0.0010s ]
NOTIC: [8] Undefined index: a C:\xampp\htdocs\cms\Application\Common\Common\function.php 第 41 行.
NOTIC: [8] Undefined index: a C:\xampp\htdocs\cms\Application\Common\Common\function.php 第 41 行.
NOTIC: [8] Undefined index: a C:\xampp\htdocs\cms\Application\Common\Common\function.php 第 41 行.
NOTIC: [8] Undefined index: a C:\xampp\htdocs\cms\Application\Common\Common\function.php 第 41 行.
NOTIC: [8] Undefined index: a C:\xampp\htdocs\cms\Application\Common\Common\function.php 第 41 行.
NOTIC: [8] Undefined index: a C:\xampp\htdocs\cms\Application\Common\Common\function.php 第 41 行.
INFO: Run Behavior\ParseTemplateBehavior [ RunTime:0.013001s ]
INFO: [ view_parse ] --END-- [ RunTime:0.013001s ]
INFO: [ view_filter ] --START--
INFO: Run Behavior\WriteHtmlCacheBehavior [ RunTime:0.001000s ]
INFO: [ view_filter ] --END-- [ RunTime:0.001000s ]
INFO: [ app_end ] --START--
INFO: Run Behavior\ShowPageTraceBehavior [ RunTime:0.001000s ]
INFO: [ app_end ] --END-- [ RunTime:0.001000s ]

[ 2017-04-19T00:47:04+08:00 ] ::1 /admin.php?c=image&a=ajaxuploadimage
INFO: [ app_init ] --START--
INFO: Run Behavior\BuildLiteBehavior [ RunTime:0.000000s ]
INFO: [ app_init ] --END-- [ RunTime:0.000000s ]
INFO: [ app_begin ] --START--
INFO: Run Behavior\ReadHtmlCacheBehavior [ RunTime:0.002000s ]
INFO: [ app_begin ] --END-- [ RunTime:0.002000s ]
NOTIC: [8] Use of undefined constant Y - assumed 'Y' C:\xampp\htdocs\cms\Application\Admin\Model\UploadImageModel.class.php 第 19 行.
NOTIC: [8] Use of undefined constant m - assumed 'm' C:\xampp\htdocs\cms\Application\Admin\Model\UploadImageModel.class.php 第 19 行.
NOTIC: [8] Use of undefined constant d - assumed 'd' C:\xampp\htdocs\cms\Application\Admin\Model\UploadImageModel.class.php 第 19 行.
NOTIC: [2] call_user_func() expects parameter 1 to be a valid callback, no array or string given C:\xampp\htdocs\cms\ThinkPHP\Library\Think\Upload.class.php 第 170 行.

[ 2017-04-19T00:47:44+08:00 ] ::1 /admin.php?c=content&a=add
INFO: [ app_init ] --START--
INFO: Run Behavior\BuildLiteBehavior [ RunTime:0.000000s ]
INFO: [ app_init ] --END-- [ RunTime:0.001000s ]
INFO: [ app_begin ] --START--
INFO: Run Behavior\ReadHtmlCacheBehavior [ RunTime:0.002000s ]
INFO: [ app_begin ] --END-- [ RunTime:0.002000s ]
NOTIC: [2] Declaration of Admin\Controller\ContentController::setStatus() should be compatible with Admin\Controller\CommonController::setStatus($data, $models) C:\xampp\htdocs\cms\Application\Admin\Controller\ContentController.class.php 第 9 行.
NOTIC: [2] Declaration of Admin\Controller\ContentController::listorder() should be compatible with Admin\Controller\CommonController::listorder($model = '') C:\xampp\htdocs\cms\Application\Admin\Controller\ContentController.class.php 第 9 行.
NOTIC: [8] Undefined index: news_id C:\xampp\htdocs\cms\Application\Admin\Controller\ContentController.class.php 第 59 行.
NOTIC: [2] Declaration of Admin\Model\NewsModel::find($id) should be compatible with Think\Model::find($options = Array) C:\xampp\htdocs\cms\Application\Admin\Model\NewsModel.class.php 第 8 行.
SQL: SHOW COLUMNS FROM `cms_news` [ RunTime:0.0040s ]
SQL: INSERT INTO `cms_news` (`title`,`small_title`,`thumb`,`title_font_color`,`catid`,`copyfrom`,`description`,`keywords`,`create_time`,`username`) VALUES ('星空','旅行的意义','/upload/2017/04/19/58f6430874114.jpg','#5674ed','14','1','','陈','1492534064','admin') [ RunTime:0.0000s ]
NOTIC: [2] Declaration of Admin\Model\NewsContentModel::find($id) should be compatible with Think\Model::find($options = Array) C:\xampp\htdocs\cms\Application\Admin\Model\NewsContentModel.class.php 第 49 行.
SQL: SHOW COLUMNS FROM `cms_news_content` [ RunTime:0.0030s ]
SQL: INSERT INTO `cms_news_content` (`content`,`news_id`,`create_time`) VALUES ('绮珍','14','1492534064') [ RunTime:0.0000s ]

[ 2017-04-19T00:47:45+08:00 ] ::1 /admin.php?c=content
INFO: [ app_init ] --START--
INFO: Run Behavior\BuildLiteBehavior [ RunTime:0.000000s ]
INFO: [ app_init ] --END-- [ RunTime:0.001001s ]
INFO: [ app_begin ] --START--
INFO: Run Behavior\ReadHtmlCacheBehavior [ RunTime:0.000000s ]
INFO: [ app_begin ] --END-- [ RunTime:0.001000s ]
NOTIC: [2] Declaration of Admin\Controller\ContentController::setStatus() should be compatible with Admin\Controller\CommonController::setStatus($data, $models) C:\xampp\htdocs\cms\Application\Admin\Controller\ContentController.class.php 第 9 行.
NOTIC: [2] Declaration of Admin\Controller\ContentController::listorder() should be compatible with Admin\Controller\CommonController::listorder($model = '') C:\xampp\htdocs\cms\Application\Admin\Controller\ContentController.class.php 第 9 行.
NOTIC: [8] Undefined index: title C:\xampp\htdocs\cms\Application\Admin\Controller\ContentController.class.php 第 12 行.
NOTIC: [8] Undefined index: catid C:\xampp\htdocs\cms\Application\Admin\Controller\ContentController.class.php 第 17 行.
NOTIC: [8] Undefined index: p C:\xampp\htdocs\cms\Application\Admin\Controller\ContentController.class.php 第 23 行.
NOTIC: [2] Declaration of Admin\Model\NewsModel::find($id) should be compatible with Think\Model::find($options = Array) C:\xampp\htdocs\cms\Application\Admin\Model\NewsModel.class.php 第 8 行.
SQL: SHOW COLUMNS FROM `cms_news` [ RunTime:0.0040s ]
SQL: SELECT * FROM `cms_news` WHERE `status` <> -1 ORDER BY listorder desc ,news_id desc LIMIT 0,3   [ RunTime:0.0010s ]
SQL: SELECT COUNT(*) AS tp_count FROM `cms_news` WHERE `status` <> -1 LIMIT 1   [ RunTime:0.0000s ]
NOTIC: [2] Declaration of Admin\Model\MenuModel::find($id) should be compatible with Think\Model::find($options = Array) C:\xampp\htdocs\cms\Application\Admin\Model\MenuModel.class.php 第 110 行.
SQL: SHOW COLUMNS FROM `cms_menu` [ RunTime:0.0060s ]
SQL: SELECT * FROM `cms_menu` WHERE `status` = 1 AND `type` = 0 ORDER BY listorder desc,menu_id desc  [ RunTime:0.0010s ]
NOTIC: [2] Declaration of Admin\Model\PositionModel::find($id) should be compatible with Think\Model::find($options = Array) C:\xampp\htdocs\cms\Application\Admin\Model\PositionModel.class.php 第 71 行.
SQL: SHOW COLUMNS FROM `cms_position` [ RunTime:0.0040s ]
SQL: SELECT * FROM `cms_position` WHERE `status` <> -1 ORDER BY id  [ RunTime:0.0010s ]
INFO: [ view_parse ] --START--
INFO: [ template_filter ] --START--
INFO: Run Behavior\ContentReplaceBehavior [ RunTime:0.000000s ]
INFO: [ template_filter ] --END-- [ RunTime:0.000000s ]
SQL: SELECT * FROM `cms_menu` WHERE `status` <> -1 AND `type` = 1 ORDER BY listorder desc,menu_id desc  [ RunTime:0.0000s ]
NOTIC: [8] Undefined index: a C:\xampp\htdocs\cms\Application\Common\Common\function.php 第 41 行.
NOTIC: [8] Undefined index: a C:\xampp\htdocs\cms\Application\Common\Common\function.php 第 41 行.
NOTIC: [8] Undefined index: a C:\xampp\htdocs\cms\Application\Common\Common\function.php 第 41 行.
NOTIC: [8] Undefined index: a C:\xampp\htdocs\cms\Application\Common\Common\function.php 第 41 行.
NOTIC: [8] Undefined index: a C:\xampp\htdocs\cms\Application\Common\Common\function.php 第 41 行.
NOTIC: [8] Undefined index: a C:\xampp\htdocs\cms\Application\Common\Common\function.php 第 41 行.
NOTIC: [8] Undefined variable: catid C:\xampp\htdocs\cms\Application\Runtime\Cache\Admin\ccc9ced3ad798311a07cb47b740981c5.php 第 116 行.
NOTIC: [8] Undefined variable: catid C:\xampp\htdocs\cms\Application\Runtime\Cache\Admin\ccc9ced3ad798311a07cb47b740981c5.php 第 116 行.
NOTIC: [8] Undefined variable: catid C:\xampp\htdocs\cms\Application\Runtime\Cache\Admin\ccc9ced3ad798311a07cb47b740981c5.php 第 116 行.
NOTIC: [8] Undefined variable: title C:\xampp\htdocs\cms\Application\Runtime\Cache\Admin\ccc9ced3ad798311a07cb47b740981c5.php 第 124 行.
INFO: Run Behavior\ParseTemplateBehavior [ RunTime:0.011000s ]
INFO: [ view_parse ] --END-- [ RunTime:0.011000s ]
INFO: [ view_filter ] --START--
INFO: Run Behavior\WriteHtmlCacheBehavior [ RunTime:0.000000s ]
INFO: [ view_filter ] --END-- [ RunTime:0.000000s ]
INFO: [ app_end ] --START--
INFO: Run Behavior\ShowPageTraceBehavior [ RunTime:0.001000s ]
INFO: [ app_end ] --END-- [ RunTime:0.001000s ]

[ 2017-04-19T00:47:48+08:00 ] ::1 /admin.php?m=Admin&c=Content&a=index&p=2
INFO: [ app_init ] --START--
INFO: Run Behavior\BuildLiteBehavior [ RunTime:0.000000s ]
INFO: [ app_init ] --END-- [ RunTime:0.000000s ]
INFO: [ app_begin ] --START--
INFO: Run Behavior\ReadHtmlCacheBehavior [ RunTime:0.000000s ]
INFO: [ app_begin ] --END-- [ RunTime:0.000000s ]
NOTIC: [2] Declaration of Admin\Controller\ContentController::setStatus() should be compatible with Admin\Controller\CommonController::setStatus($data, $models) C:\xampp\htdocs\cms\Application\Admin\Controller\ContentController.class.php 第 9 行.
NOTIC: [2] Declaration of Admin\Controller\ContentController::listorder() should be compatible with Admin\Controller\CommonController::listorder($model = '') C:\xampp\htdocs\cms\Application\Admin\Controller\ContentController.class.php 第 9 行.
NOTIC: [8] Undefined index: title C:\xampp\htdocs\cms\Application\Admin\Controller\ContentController.class.php 第 12 行.
NOTIC: [8] Undefined index: catid C:\xampp\htdocs\cms\Application\Admin\Controller\ContentController.class.php 第 17 行.
NOTIC: [2] Declaration of Admin\Model\NewsModel::find($id) should be compatible with Think\Model::find($options = Array) C:\xampp\htdocs\cms\Application\Admin\Model\NewsModel.class.php 第 8 行.
SQL: SHOW COLUMNS FROM `cms_news` [ RunTime:0.0030s ]
SQL: SELECT * FROM `cms_news` WHERE `status` <> -1 ORDER BY listorder desc ,news_id desc LIMIT 3,3   [ RunTime:0.0000s ]
SQL: SELECT COUNT(*) AS tp_count FROM `cms_news` WHERE `status` <> -1 LIMIT 1   [ RunTime:0.0000s ]
NOTIC: [2] Declaration of Admin\Model\MenuModel::find($id) should be compatible with Think\Model::find($options = Array) C:\xampp\htdocs\cms\Application\Admin\Model\MenuModel.class.php 第 110 行.
SQL: SHOW COLUMNS FROM `cms_menu` [ RunTime:0.0030s ]
SQL: SELECT * FROM `cms_menu` WHERE `status` = 1 AND `type` = 0 ORDER BY listorder desc,menu_id desc  [ RunTime:0.0000s ]
NOTIC: [2] Declaration of Admin\Model\PositionModel::find($id) should be compatible with Think\Model::find($options = Array) C:\xampp\htdocs\cms\Application\Admin\Model\PositionModel.class.php 第 71 行.
SQL: SHOW COLUMNS FROM `cms_position` [ RunTime:0.0040s ]
SQL: SELECT * FROM `cms_position` WHERE `status` <> -1 ORDER BY id  [ RunTime:0.0000s ]
INFO: [ view_parse ] --START--
INFO: [ template_filter ] --START--
INFO: Run Behavior\ContentReplaceBehavior [ RunTime:0.000000s ]
INFO: [ template_filter ] --END-- [ RunTime:0.000000s ]
SQL: SELECT * FROM `cms_menu` WHERE `status` <> -1 AND `type` = 1 ORDER BY listorder desc,menu_id desc  [ RunTime:0.0010s ]
NOTIC: [8] Undefined index: a C:\xampp\htdocs\cms\Application\Common\Common\function.php 第 41 行.
NOTIC: [8] Undefined index: a C:\xampp\htdocs\cms\Application\Common\Common\function.php 第 41 行.
NOTIC: [8] Undefined index: a C:\xampp\htdocs\cms\Application\Common\Common\function.php 第 41 行.
NOTIC: [8] Undefined index: a C:\xampp\htdocs\cms\Application\Common\Common\function.php 第 41 行.
NOTIC: [8] Undefined index: a C:\xampp\htdocs\cms\Application\Common\Common\function.php 第 41 行.
NOTIC: [8] Undefined index: a C:\xampp\htdocs\cms\Application\Common\Common\function.php 第 41 行.
NOTIC: [8] Undefined variable: catid C:\xampp\htdocs\cms\Application\Runtime\Cache\Admin\ccc9ced3ad798311a07cb47b740981c5.php 第 116 行.
NOTIC: [8] Undefined variable: catid C:\xampp\htdocs\cms\Application\Runtime\Cache\Admin\ccc9ced3ad798311a07cb47b740981c5.php 第 116 行.
NOTIC: [8] Undefined variable: catid C:\xampp\htdocs\cms\Application\Runtime\Cache\Admin\ccc9ced3ad798311a07cb47b740981c5.php 第 116 行.
NOTIC: [8] Undefined variable: title C:\xampp\htdocs\cms\Application\Runtime\Cache\Admin\ccc9ced3ad798311a07cb47b740981c5.php 第 124 行.
INFO: Run Behavior\ParseTemplateBehavior [ RunTime:0.010000s ]
INFO: [ view_parse ] --END-- [ RunTime:0.010000s ]
INFO: [ view_filter ] --START--
INFO: Run Behavior\WriteHtmlCacheBehavior [ RunTime:0.001000s ]
INFO: [ view_filter ] --END-- [ RunTime:0.001000s ]
INFO: [ app_end ] --START--
INFO: Run Behavior\ShowPageTraceBehavior [ RunTime:0.001000s ]
INFO: [ app_end ] --END-- [ RunTime:0.001000s ]

[ 2017-04-19T00:47:54+08:00 ] ::1 /admin.php?c=content&a=push
INFO: [ app_init ] --START--
INFO: Run Behavior\BuildLiteBehavior [ RunTime:0.000000s ]
INFO: [ app_init ] --END-- [ RunTime:0.000000s ]
INFO: [ app_begin ] --START--
INFO: Run Behavior\ReadHtmlCacheBehavior [ RunTime:0.001000s ]
INFO: [ app_begin ] --END-- [ RunTime:0.001000s ]
NOTIC: [2] Declaration of Admin\Controller\ContentController::setStatus() should be compatible with Admin\Controller\CommonController::setStatus($data, $models) C:\xampp\htdocs\cms\Application\Admin\Controller\ContentController.class.php 第 9 行.
NOTIC: [2] Declaration of Admin\Controller\ContentController::listorder() should be compatible with Admin\Controller\CommonController::listorder($model = '') C:\xampp\htdocs\cms\Application\Admin\Controller\ContentController.class.php 第 9 行.
NOTIC: [2] Declaration of Admin\Model\NewsModel::find($id) should be compatible with Think\Model::find($options = Array) C:\xampp\htdocs\cms\Application\Admin\Model\NewsModel.class.php 第 8 行.
SQL: SHOW COLUMNS FROM `cms_news` [ RunTime:0.0040s ]
SQL: SELECT * FROM `cms_news` WHERE `news_id` IN ('14','13')  [ RunTime:0.0010s ]
NOTIC: [2] Declaration of Admin\Model\PositionContentModel::find($id) should be compatible with Think\Model::find($options = Array) C:\xampp\htdocs\cms\Application\Admin\Model\PositionContentModel.class.php 第 114 行.
SQL: SHOW COLUMNS FROM `cms_position_content` [ RunTime:0.0040s ]
SQL: INSERT INTO `cms_position_content` (`position_id`,`title`,`thumb`,`news_id`,`status`,`create_time`) VALUES ('5','LIPO','/upload/2017/04/19/58f6428aa12f8.jpg','13','1','1492533943') [ RunTime:0.0000s ]
SQL: INSERT INTO `cms_position_content` (`position_id`,`title`,`thumb`,`news_id`,`status`,`create_time`) VALUES ('5','星空','/upload/2017/04/19/58f6430874114.jpg','14','1','1492534064') [ RunTime:0.0000s ]

[ 2017-04-19T00:47:55+08:00 ] ::1 /admin.php?m=Admin&c=Content&a=index&p=2
INFO: [ app_init ] --START--
INFO: Run Behavior\BuildLiteBehavior [ RunTime:0.000000s ]
INFO: [ app_init ] --END-- [ RunTime:0.000000s ]
INFO: [ app_begin ] --START--
INFO: Run Behavior\ReadHtmlCacheBehavior [ RunTime:0.000000s ]
INFO: [ app_begin ] --END-- [ RunTime:0.000000s ]
NOTIC: [2] Declaration of Admin\Controller\ContentController::setStatus() should be compatible with Admin\Controller\CommonController::setStatus($data, $models) C:\xampp\htdocs\cms\Application\Admin\Controller\ContentController.class.php 第 9 行.
NOTIC: [2] Declaration of Admin\Controller\ContentController::listorder() should be compatible with Admin\Controller\CommonController::listorder($model = '') C:\xampp\htdocs\cms\Application\Admin\Controller\ContentController.class.php 第 9 行.
NOTIC: [8] Undefined index: title C:\xampp\htdocs\cms\Application\Admin\Controller\ContentController.class.php 第 12 行.
NOTIC: [8] Undefined index: catid C:\xampp\htdocs\cms\Application\Admin\Controller\ContentController.class.php 第 17 行.
NOTIC: [2] Declaration of Admin\Model\NewsModel::find($id) should be compatible with Think\Model::find($options = Array) C:\xampp\htdocs\cms\Application\Admin\Model\NewsModel.class.php 第 8 行.
SQL: SHOW COLUMNS FROM `cms_news` [ RunTime:0.0050s ]
SQL: SELECT * FROM `cms_news` WHERE `status` <> -1 ORDER BY listorder desc ,news_id desc LIMIT 3,3   [ RunTime:0.0010s ]
SQL: SELECT COUNT(*) AS tp_count FROM `cms_news` WHERE `status` <> -1 LIMIT 1   [ RunTime:0.0000s ]
NOTIC: [2] Declaration of Admin\Model\MenuModel::find($id) should be compatible with Think\Model::find($options = Array) C:\xampp\htdocs\cms\Application\Admin\Model\MenuModel.class.php 第 110 行.
SQL: SHOW COLUMNS FROM `cms_menu` [ RunTime:0.0050s ]
SQL: SELECT * FROM `cms_menu` WHERE `status` = 1 AND `type` = 0 ORDER BY listorder desc,menu_id desc  [ RunTime:0.0000s ]
NOTIC: [2] Declaration of Admin\Model\PositionModel::find($id) should be compatible with Think\Model::find($options = Array) C:\xampp\htdocs\cms\Application\Admin\Model\PositionModel.class.php 第 71 行.
SQL: SHOW COLUMNS FROM `cms_position` [ RunTime:0.0040s ]
SQL: SELECT * FROM `cms_position` WHERE `status` <> -1 ORDER BY id  [ RunTime:0.0010s ]
INFO: [ view_parse ] --START--
INFO: [ template_filter ] --START--
INFO: Run Behavior\ContentReplaceBehavior [ RunTime:0.000000s ]
INFO: [ template_filter ] --END-- [ RunTime:0.000000s ]
SQL: SELECT * FROM `cms_menu` WHERE `status` <> -1 AND `type` = 1 ORDER BY listorder desc,menu_id desc  [ RunTime:0.0010s ]
NOTIC: [8] Undefined index: a C:\xampp\htdocs\cms\Application\Common\Common\function.php 第 41 行.
NOTIC: [8] Undefined index: a C:\xampp\htdocs\cms\Application\Common\Common\function.php 第 41 行.
NOTIC: [8] Undefined index: a C:\xampp\htdocs\cms\Application\Common\Common\function.php 第 41 行.
NOTIC: [8] Undefined index: a C:\xampp\htdocs\cms\Application\Common\Common\function.php 第 41 行.
NOTIC: [8] Undefined index: a C:\xampp\htdocs\cms\Application\Common\Common\function.php 第 41 行.
NOTIC: [8] Undefined index: a C:\xampp\htdocs\cms\Application\Common\Common\function.php 第 41 行.
NOTIC: [8] Undefined variable: catid C:\xampp\htdocs\cms\Application\Runtime\Cache\Admin\ccc9ced3ad798311a07cb47b740981c5.php 第 116 行.
NOTIC: [8] Undefined variable: catid C:\xampp\htdocs\cms\Application\Runtime\Cache\Admin\ccc9ced3ad798311a07cb47b740981c5.php 第 116 行.
NOTIC: [8] Undefined variable: catid C:\xampp\htdocs\cms\Application\Runtime\Cache\Admin\ccc9ced3ad798311a07cb47b740981c5.php 第 116 行.
NOTIC: [8] Undefined variable: title C:\xampp\htdocs\cms\Application\Runtime\Cache\Admin\ccc9ced3ad798311a07cb47b740981c5.php 第 124 行.
INFO: Run Behavior\ParseTemplateBehavior [ RunTime:0.014001s ]
INFO: [ view_parse ] --END-- [ RunTime:0.014001s ]
INFO: [ view_filter ] --START--
INFO: Run Behavior\WriteHtmlCacheBehavior [ RunTime:0.001000s ]
INFO: [ view_filter ] --END-- [ RunTime:0.001000s ]
INFO: [ app_end ] --START--
INFO: Run Behavior\ShowPageTraceBehavior [ RunTime:0.001000s ]
INFO: [ app_end ] --END-- [ RunTime:0.001000s ]

[ 2017-04-19T00:47:55+08:00 ] ::1 /admin.php?c=position
INFO: [ app_init ] --START--
INFO: Run Behavior\BuildLiteBehavior [ RunTime:0.000000s ]
INFO: [ app_init ] --END-- [ RunTime:0.001000s ]
INFO: [ app_begin ] --START--
INFO: Run Behavior\ReadHtmlCacheBehavior [ RunTime:0.001000s ]
INFO: [ app_begin ] --END-- [ RunTime:0.001000s ]
NOTIC: [2] Declaration of Admin\Controller\PositionController::setStatus() should be compatible with Admin\Controller\CommonController::setStatus($data, $models) C:\xampp\htdocs\cms\Application\Admin\Controller\PositionController.class.php 第 5 行.
NOTIC: [2] Declaration of Admin\Model\PositionModel::find($id) should be compatible with Think\Model::find($options = Array) C:\xampp\htdocs\cms\Application\Admin\Model\PositionModel.class.php 第 5 行.
SQL: SHOW COLUMNS FROM `cms_position` [ RunTime:0.0030s ]
SQL: SELECT * FROM `cms_position` WHERE `status` <> -1 ORDER BY id  [ RunTime:0.0000s ]
INFO: [ view_parse ] --START--
INFO: [ template_filter ] --START--
INFO: Run Behavior\ContentReplaceBehavior [ RunTime:0.000000s ]
INFO: [ template_filter ] --END-- [ RunTime:0.000000s ]
NOTIC: [2] Declaration of Admin\Model\MenuModel::find($id) should be compatible with Think\Model::find($options = Array) C:\xampp\htdocs\cms\Application\Admin\Model\MenuModel.class.php 第 110 行.
SQL: SHOW COLUMNS FROM `cms_menu` [ RunTime:0.0040s ]
SQL: SELECT * FROM `cms_menu` WHERE `status` <> -1 AND `type` = 1 ORDER BY listorder desc,menu_id desc  [ RunTime:0.0010s ]
NOTIC: [8] Undefined index: a C:\xampp\htdocs\cms\Application\Common\Common\function.php 第 41 行.
NOTIC: [8] Undefined index: a C:\xampp\htdocs\cms\Application\Common\Common\function.php 第 41 行.
NOTIC: [8] Undefined index: a C:\xampp\htdocs\cms\Application\Common\Common\function.php 第 41 行.
NOTIC: [8] Undefined index: a C:\xampp\htdocs\cms\Application\Common\Common\function.php 第 41 行.
NOTIC: [8] Undefined index: a C:\xampp\htdocs\cms\Application\Common\Common\function.php 第 41 行.
NOTIC: [8] Undefined index: a C:\xampp\htdocs\cms\Application\Common\Common\function.php 第 41 行.
NOTIC: [8] Undefined variable: nav C:\xampp\htdocs\cms\Application\Runtime\Cache\Admin\3a437f75b5b60a521a3ad0fc93a5ab5f.php 第 99 行.
INFO: Run Behavior\ParseTemplateBehavior [ RunTime:0.021001s ]
INFO: [ view_parse ] --END-- [ RunTime:0.021001s ]
INFO: [ view_filter ] --START--
INFO: Run Behavior\WriteHtmlCacheBehavior [ RunTime:0.001000s ]
INFO: [ view_filter ] --END-- [ RunTime:0.001000s ]
INFO: [ app_end ] --START--
INFO: Run Behavior\ShowPageTraceBehavior [ RunTime:0.001000s ]
INFO: [ app_end ] --END-- [ RunTime:0.001000s ]

[ 2017-04-19T00:47:56+08:00 ] ::1 /admin.php?c=positioncontent
INFO: [ app_init ] --START--
INFO: Run Behavior\BuildLiteBehavior [ RunTime:0.000000s ]
INFO: [ app_init ] --END-- [ RunTime:0.000000s ]
INFO: [ app_begin ] --START--
INFO: Run Behavior\ReadHtmlCacheBehavior [ RunTime:0.001001s ]
INFO: [ app_begin ] --END-- [ RunTime:0.001001s ]
NOTIC: [2] Declaration of Admin\Controller\PositioncontentController::setStatus() should be compatible with Admin\Controller\CommonController::setStatus($data, $models) C:\xampp\htdocs\cms\Application\Admin\Controller\PositioncontentController.class.php 第 5 行.
NOTIC: [2] Declaration of Admin\Controller\PositioncontentController::listorder() should be compatible with Admin\Controller\CommonController::listorder($model = '') C:\xampp\htdocs\cms\Application\Admin\Controller\PositioncontentController.class.php 第 5 行.
NOTIC: [2] Declaration of Admin\Model\PositionModel::find($id) should be compatible with Think\Model::find($options = Array) C:\xampp\htdocs\cms\Application\Admin\Model\PositionModel.class.php 第 5 行.
SQL: SHOW COLUMNS FROM `cms_position` [ RunTime:0.0050s ]
SQL: SELECT * FROM `cms_position` WHERE `status` <> -1 ORDER BY id  [ RunTime:0.0010s ]
NOTIC: [8] Undefined index: title C:\xampp\htdocs\cms\Application\Admin\Controller\PositioncontentController.class.php 第 12 行.
NOTIC: [8] Undefined index: position_id C:\xampp\htdocs\cms\Application\Admin\Controller\PositioncontentController.class.php 第 17 行.
NOTIC: [8] Undefined index: p C:\xampp\htdocs\cms\Application\Admin\Controller\PositioncontentController.class.php 第 23 行.
NOTIC: [8] Undefined index: pageSize C:\xampp\htdocs\cms\Application\Admin\Controller\PositioncontentController.class.php 第 24 行.
NOTIC: [2] Declaration of Admin\Model\PositionContentModel::find($id) should be compatible with Think\Model::find($options = Array) C:\xampp\htdocs\cms\Application\Admin\Model\PositionContentModel.class.php 第 114 行.
SQL: SHOW COLUMNS FROM `cms_position_content` [ RunTime:0.0040s ]
SQL: SELECT * FROM `cms_position_content` WHERE `status` <> -1 ORDER BY listorder desc, id desc LIMIT 0,2   [ RunTime:0.0010s ]
SQL: SELECT COUNT(*) AS tp_count FROM `cms_position_content` WHERE `status` <> -1 LIMIT 1   [ RunTime:0.0000s ]
INFO: [ view_parse ] --START--
INFO: [ template_filter ] --START--
INFO: Run Behavior\ContentReplaceBehavior [ RunTime:0.000000s ]
INFO: [ template_filter ] --END-- [ RunTime:0.000000s ]
NOTIC: [2] Declaration of Admin\Model\MenuModel::find($id) should be compatible with Think\Model::find($options = Array) C:\xampp\htdocs\cms\Application\Admin\Model\MenuModel.class.php 第 110 行.
SQL: SHOW COLUMNS FROM `cms_menu` [ RunTime:0.0040s ]
SQL: SELECT * FROM `cms_menu` WHERE `status` <> -1 AND `type` = 1 ORDER BY listorder desc,menu_id desc  [ RunTime:0.0000s ]
NOTIC: [8] Undefined index: a C:\xampp\htdocs\cms\Application\Common\Common\function.php 第 41 行.
NOTIC: [8] Undefined index: a C:\xampp\htdocs\cms\Application\Common\Common\function.php 第 41 行.
NOTIC: [8] Undefined index: a C:\xampp\htdocs\cms\Application\Common\Common\function.php 第 41 行.
NOTIC: [8] Undefined index: a C:\xampp\htdocs\cms\Application\Common\Common\function.php 第 41 行.
NOTIC: [8] Undefined index: a C:\xampp\htdocs\cms\Application\Common\Common\function.php 第 41 行.
NOTIC: [8] Undefined index: a C:\xampp\htdocs\cms\Application\Common\Common\function.php 第 41 行.
NOTIC: [8] Undefined variable: positionId C:\xampp\htdocs\cms\Application\Runtime\Cache\Admin\b8a8b9d170e6c07d7b463ea02385894d.php 第 114 行.
NOTIC: [8] Undefined variable: positionId C:\xampp\htdocs\cms\Application\Runtime\Cache\Admin\b8a8b9d170e6c07d7b463ea02385894d.php 第 114 行.
NOTIC: [8] Undefined variable: positionId C:\xampp\htdocs\cms\Application\Runtime\Cache\Admin\b8a8b9d170e6c07d7b463ea02385894d.php 第 114 行.
NOTIC: [8] Undefined variable: title C:\xampp\htdocs\cms\Application\Runtime\Cache\Admin\b8a8b9d170e6c07d7b463ea02385894d.php 第 122 行.
INFO: Run Behavior\ParseTemplateBehavior [ RunTime:0.016001s ]
INFO: [ view_parse ] --END-- [ RunTime:0.016001s ]
INFO: [ view_filter ] --START--
INFO: Run Behavior\WriteHtmlCacheBehavior [ RunTime:0.001000s ]
INFO: [ view_filter ] --END-- [ RunTime:0.001000s ]
INFO: [ app_end ] --START--
INFO: Run Behavior\ShowPageTraceBehavior [ RunTime:0.001000s ]
INFO: [ app_end ] --END-- [ RunTime:0.001000s ]

[ 2017-04-19T00:47:59+08:00 ] ::1 /admin.php?position_id=5&c=positioncontent&a=index&title=
INFO: [ app_init ] --START--
INFO: Run Behavior\BuildLiteBehavior [ RunTime:0.000000s ]
INFO: [ app_init ] --END-- [ RunTime:0.001000s ]
INFO: [ app_begin ] --START--
INFO: Run Behavior\ReadHtmlCacheBehavior [ RunTime:0.000000s ]
INFO: [ app_begin ] --END-- [ RunTime:0.000000s ]
NOTIC: [2] Declaration of Admin\Controller\PositioncontentController::setStatus() should be compatible with Admin\Controller\CommonController::setStatus($data, $models) C:\xampp\htdocs\cms\Application\Admin\Controller\PositioncontentController.class.php 第 5 行.
NOTIC: [2] Declaration of Admin\Controller\PositioncontentController::listorder() should be compatible with Admin\Controller\CommonController::listorder($model = '') C:\xampp\htdocs\cms\Application\Admin\Controller\PositioncontentController.class.php 第 5 行.
NOTIC: [2] Declaration of Admin\Model\PositionModel::find($id) should be compatible with Think\Model::find($options = Array) C:\xampp\htdocs\cms\Application\Admin\Model\PositionModel.class.php 第 5 行.
SQL: SHOW COLUMNS FROM `cms_position` [ RunTime:0.0050s ]
SQL: SELECT * FROM `cms_position` WHERE `status` <> -1 ORDER BY id  [ RunTime:0.0030s ]
NOTIC: [8] Undefined index: p C:\xampp\htdocs\cms\Application\Admin\Controller\PositioncontentController.class.php 第 23 行.
NOTIC: [8] Undefined index: pageSize C:\xampp\htdocs\cms\Application\Admin\Controller\PositioncontentController.class.php 第 24 行.
NOTIC: [2] Declaration of Admin\Model\PositionContentModel::find($id) should be compatible with Think\Model::find($options = Array) C:\xampp\htdocs\cms\Application\Admin\Model\PositionContentModel.class.php 第 114 行.
SQL: SHOW COLUMNS FROM `cms_position_content` [ RunTime:0.0050s ]
SQL: SELECT * FROM `cms_position_content` WHERE `status` <> -1 AND `position_id` = '5' ORDER BY listorder desc, id desc LIMIT 0,2   [ RunTime:0.0010s ]
SQL: SELECT COUNT(*) AS tp_count FROM `cms_position_content` WHERE `status` <> -1 AND `position_id` = '5' LIMIT 1   [ RunTime:0.0000s ]
INFO: [ view_parse ] --START--
INFO: [ template_filter ] --START--
INFO: Run Behavior\ContentReplaceBehavior [ RunTime:0.000000s ]
INFO: [ template_filter ] --END-- [ RunTime:0.000000s ]
NOTIC: [2] Declaration of Admin\Model\MenuModel::find($id) should be compatible with Think\Model::find($options = Array) C:\xampp\htdocs\cms\Application\Admin\Model\MenuModel.class.php 第 110 行.
SQL: SHOW COLUMNS FROM `cms_menu` [ RunTime:0.0040s ]
SQL: SELECT * FROM `cms_menu` WHERE `status` <> -1 AND `type` = 1 ORDER BY listorder desc,menu_id desc  [ RunTime:0.0010s ]
NOTIC: [8] Undefined index: a C:\xampp\htdocs\cms\Application\Common\Common\function.php 第 41 行.
NOTIC: [8] Undefined index: a C:\xampp\htdocs\cms\Application\Common\Common\function.php 第 41 行.
NOTIC: [8] Undefined index: a C:\xampp\htdocs\cms\Application\Common\Common\function.php 第 41 行.
NOTIC: [8] Undefined index: a C:\xampp\htdocs\cms\Application\Common\Common\function.php 第 41 行.
NOTIC: [8] Undefined index: a C:\xampp\htdocs\cms\Application\Common\Common\function.php 第 41 行.
NOTIC: [8] Undefined index: a C:\xampp\htdocs\cms\Application\Common\Common\function.php 第 41 行.
NOTIC: [8] Undefined variable: title C:\xampp\htdocs\cms\Application\Runtime\Cache\Admin\b8a8b9d170e6c07d7b463ea02385894d.php 第 122 行.
INFO: Run Behavior\ParseTemplateBehavior [ RunTime:0.020001s ]
INFO: [ view_parse ] --END-- [ RunTime:0.020001s ]
INFO: [ view_filter ] --START--
INFO: Run Behavior\WriteHtmlCacheBehavior [ RunTime:0.001000s ]
INFO: [ view_filter ] --END-- [ RunTime:0.001000s ]
INFO: [ app_end ] --START--
INFO: Run Behavior\ShowPageTraceBehavior [ RunTime:0.001000s ]
INFO: [ app_end ] --END-- [ RunTime:0.002000s ]

[ 2017-04-19T00:58:02+08:00 ] ::1 /admin.php?c=positioncontent
INFO: [ app_init ] --START--
INFO: Run Behavior\BuildLiteBehavior [ RunTime:0.000000s ]
INFO: [ app_init ] --END-- [ RunTime:0.000000s ]
INFO: [ app_begin ] --START--
INFO: Run Behavior\ReadHtmlCacheBehavior [ RunTime:0.001000s ]
INFO: [ app_begin ] --END-- [ RunTime:0.001000s ]
NOTIC: [2] Declaration of Admin\Controller\PositioncontentController::setStatus() should be compatible with Admin\Controller\CommonController::setStatus($data, $models) C:\xampp\htdocs\cms\Application\Admin\Controller\PositioncontentController.class.php 第 5 行.
NOTIC: [2] Declaration of Admin\Controller\PositioncontentController::listorder() should be compatible with Admin\Controller\CommonController::listorder($model = '') C:\xampp\htdocs\cms\Application\Admin\Controller\PositioncontentController.class.php 第 5 行.
NOTIC: [2] Declaration of Admin\Model\PositionModel::find($id) should be compatible with Think\Model::find($options = Array) C:\xampp\htdocs\cms\Application\Admin\Model\PositionModel.class.php 第 5 行.
SQL: SHOW COLUMNS FROM `cms_position` [ RunTime:0.0030s ]
SQL: SELECT * FROM `cms_position` WHERE `status` <> -1 ORDER BY id  [ RunTime:0.0000s ]
NOTIC: [8] Undefined index: title C:\xampp\htdocs\cms\Application\Admin\Controller\PositioncontentController.class.php 第 12 行.
NOTIC: [8] Undefined index: position_id C:\xampp\htdocs\cms\Application\Admin\Controller\PositioncontentController.class.php 第 17 行.
NOTIC: [8] Undefined index: p C:\xampp\htdocs\cms\Application\Admin\Controller\PositioncontentController.class.php 第 23 行.
NOTIC: [8] Undefined index: pageSize C:\xampp\htdocs\cms\Application\Admin\Controller\PositioncontentController.class.php 第 24 行.
NOTIC: [2] Declaration of Admin\Model\PositionContentModel::find($id) should be compatible with Think\Model::find($options = Array) C:\xampp\htdocs\cms\Application\Admin\Model\PositionContentModel.class.php 第 114 行.
SQL: SHOW COLUMNS FROM `cms_position_content` [ RunTime:0.0040s ]
SQL: SELECT * FROM `cms_position_content` WHERE `status` <> -1 ORDER BY listorder desc, id desc LIMIT 0,2   [ RunTime:0.0000s ]
SQL: SELECT COUNT(*) AS tp_count FROM `cms_position_content` WHERE `status` <> -1 LIMIT 1   [ RunTime:0.0000s ]
INFO: [ view_parse ] --START--
INFO: [ template_filter ] --START--
INFO: Run Behavior\ContentReplaceBehavior [ RunTime:0.000000s ]
INFO: [ template_filter ] --END-- [ RunTime:0.000000s ]
NOTIC: [2] Declaration of Admin\Model\MenuModel::find($id) should be compatible with Think\Model::find($options = Array) C:\xampp\htdocs\cms\Application\Admin\Model\MenuModel.class.php 第 110 行.
SQL: SHOW COLUMNS FROM `cms_menu` [ RunTime:0.0050s ]
SQL: SELECT * FROM `cms_menu` WHERE `status` <> -1 AND `type` = 1 ORDER BY listorder desc,menu_id desc  [ RunTime:0.0000s ]
NOTIC: [8] Undefined index: a C:\xampp\htdocs\cms\Application\Common\Common\function.php 第 41 行.
NOTIC: [8] Undefined index: a C:\xampp\htdocs\cms\Application\Common\Common\function.php 第 41 行.
NOTIC: [8] Undefined index: a C:\xampp\htdocs\cms\Application\Common\Common\function.php 第 41 行.
NOTIC: [8] Undefined index: a C:\xampp\htdocs\cms\Application\Common\Common\function.php 第 41 行.
NOTIC: [8] Undefined index: a C:\xampp\htdocs\cms\Application\Common\Common\function.php 第 41 行.
NOTIC: [8] Undefined index: a C:\xampp\htdocs\cms\Application\Common\Common\function.php 第 41 行.
NOTIC: [8] Undefined variable: positionId C:\xampp\htdocs\cms\Application\Runtime\Cache\Admin\b8a8b9d170e6c07d7b463ea02385894d.php 第 114 行.
NOTIC: [8] Undefined variable: positionId C:\xampp\htdocs\cms\Application\Runtime\Cache\Admin\b8a8b9d170e6c07d7b463ea02385894d.php 第 114 行.
NOTIC: [8] Undefined variable: positionId C:\xampp\htdocs\cms\Application\Runtime\Cache\Admin\b8a8b9d170e6c07d7b463ea02385894d.php 第 114 行.
NOTIC: [8] Undefined variable: title C:\xampp\htdocs\cms\Application\Runtime\Cache\Admin\b8a8b9d170e6c07d7b463ea02385894d.php 第 122 行.
INFO: Run Behavior\ParseTemplateBehavior [ RunTime:0.021001s ]
INFO: [ view_parse ] --END-- [ RunTime:0.021001s ]
INFO: [ view_filter ] --START--
INFO: Run Behavior\WriteHtmlCacheBehavior [ RunTime:0.000000s ]
INFO: [ view_filter ] --END-- [ RunTime:0.000000s ]
INFO: [ app_end ] --START--
INFO: Run Behavior\ShowPageTraceBehavior [ RunTime:0.001000s ]
INFO: [ app_end ] --END-- [ RunTime:0.001000s ]

[ 2017-04-19T00:58:05+08:00 ] ::1 /admin.php?c=positioncontent&a=edit&id=13
INFO: [ app_init ] --START--
INFO: Run Behavior\BuildLiteBehavior [ RunTime:0.000000s ]
INFO: [ app_init ] --END-- [ RunTime:0.001000s ]
INFO: [ app_begin ] --START--
INFO: Run Behavior\ReadHtmlCacheBehavior [ RunTime:0.000000s ]
INFO: [ app_begin ] --END-- [ RunTime:0.000000s ]
NOTIC: [2] Declaration of Admin\Controller\PositioncontentController::setStatus() should be compatible with Admin\Controller\CommonController::setStatus($data, $models) C:\xampp\htdocs\cms\Application\Admin\Controller\PositioncontentController.class.php 第 5 行.
NOTIC: [2] Declaration of Admin\Controller\PositioncontentController::listorder() should be compatible with Admin\Controller\CommonController::listorder($model = '') C:\xampp\htdocs\cms\Application\Admin\Controller\PositioncontentController.class.php 第 5 行.
NOTIC: [2] Declaration of Admin\Model\PositionContentModel::find($id) should be compatible with Think\Model::find($options = Array) C:\xampp\htdocs\cms\Application\Admin\Model\PositionContentModel.class.php 第 5 行.
SQL: SHOW COLUMNS FROM `cms_position_content` [ RunTime:0.0030s ]
SQL: SELECT * FROM `cms_position_content` WHERE ( id=13 ) LIMIT 1   [ RunTime:0.0000s ]
NOTIC: [2] Declaration of Admin\Model\PositionModel::find($id) should be compatible with Think\Model::find($options = Array) C:\xampp\htdocs\cms\Application\Admin\Model\PositionModel.class.php 第 71 行.
SQL: SHOW COLUMNS FROM `cms_position` [ RunTime:0.0030s ]
SQL: SELECT * FROM `cms_position` WHERE `status` <> -1 ORDER BY id  [ RunTime:0.0010s ]
INFO: [ view_parse ] --START--
INFO: [ template_filter ] --START--
INFO: Run Behavior\ContentReplaceBehavior [ RunTime:0.000000s ]
INFO: [ template_filter ] --END-- [ RunTime:0.000000s ]
NOTIC: [2] Declaration of Admin\Model\MenuModel::find($id) should be compatible with Think\Model::find($options = Array) C:\xampp\htdocs\cms\Application\Admin\Model\MenuModel.class.php 第 110 行.
SQL: SHOW COLUMNS FROM `cms_menu` [ RunTime:0.0050s ]
SQL: SELECT * FROM `cms_menu` WHERE `status` <> -1 AND `type` = 1 ORDER BY listorder desc,menu_id desc  [ RunTime:0.0010s ]
NOTIC: [8] Undefined index: a C:\xampp\htdocs\cms\Application\Common\Common\function.php 第 41 行.
NOTIC: [8] Undefined index: a C:\xampp\htdocs\cms\Application\Common\Common\function.php 第 41 行.
NOTIC: [8] Undefined index: a C:\xampp\htdocs\cms\Application\Common\Common\function.php 第 41 行.
NOTIC: [8] Undefined index: a C:\xampp\htdocs\cms\Application\Common\Common\function.php 第 41 行.
NOTIC: [8] Undefined index: a C:\xampp\htdocs\cms\Application\Common\Common\function.php 第 41 行.
NOTIC: [8] Undefined index: a C:\xampp\htdocs\cms\Application\Common\Common\function.php 第 41 行.
INFO: Run Behavior\ParseTemplateBehavior [ RunTime:0.016001s ]
INFO: [ view_parse ] --END-- [ RunTime:0.016001s ]
INFO: [ view_filter ] --START--
INFO: Run Behavior\WriteHtmlCacheBehavior [ RunTime:0.000000s ]
INFO: [ view_filter ] --END-- [ RunTime:0.001000s ]
INFO: [ app_end ] --START--
INFO: Run Behavior\ShowPageTraceBehavior [ RunTime:0.001000s ]
INFO: [ app_end ] --END-- [ RunTime:0.001000s ]

[ 2017-04-19T00:58:19+08:00 ] ::1 /admin.php?c=image&a=ajaxuploadimage
INFO: [ app_init ] --START--
INFO: Run Behavior\BuildLiteBehavior [ RunTime:0.000000s ]
INFO: [ app_init ] --END-- [ RunTime:0.000000s ]
INFO: [ app_begin ] --START--
INFO: Run Behavior\ReadHtmlCacheBehavior [ RunTime:0.001000s ]
INFO: [ app_begin ] --END-- [ RunTime:0.001000s ]
NOTIC: [8] Use of undefined constant Y - assumed 'Y' C:\xampp\htdocs\cms\Application\Admin\Model\UploadImageModel.class.php 第 19 行.
NOTIC: [8] Use of undefined constant m - assumed 'm' C:\xampp\htdocs\cms\Application\Admin\Model\UploadImageModel.class.php 第 19 行.
NOTIC: [8] Use of undefined constant d - assumed 'd' C:\xampp\htdocs\cms\Application\Admin\Model\UploadImageModel.class.php 第 19 行.
NOTIC: [2] call_user_func() expects parameter 1 to be a valid callback, no array or string given C:\xampp\htdocs\cms\ThinkPHP\Library\Think\Upload.class.php 第 170 行.

[ 2017-04-19T00:58:21+08:00 ] ::1 /admin.php?c=positioncontent&a=add
INFO: [ app_init ] --START--
INFO: Run Behavior\BuildLiteBehavior [ RunTime:0.000000s ]
INFO: [ app_init ] --END-- [ RunTime:0.001000s ]
INFO: [ app_begin ] --START--
INFO: Run Behavior\ReadHtmlCacheBehavior [ RunTime:0.002000s ]
INFO: [ app_begin ] --END-- [ RunTime:0.002000s ]
NOTIC: [2] Declaration of Admin\Controller\PositioncontentController::setStatus() should be compatible with Admin\Controller\CommonController::setStatus($data, $models) C:\xampp\htdocs\cms\Application\Admin\Controller\PositioncontentController.class.php 第 5 行.
NOTIC: [2] Declaration of Admin\Controller\PositioncontentController::listorder() should be compatible with Admin\Controller\CommonController::listorder($model = '') C:\xampp\htdocs\cms\Application\Admin\Controller\PositioncontentController.class.php 第 5 行.
NOTIC: [2] Declaration of Admin\Model\PositionContentModel::find($id) should be compatible with Think\Model::find($options = Array) C:\xampp\htdocs\cms\Application\Admin\Model\PositionContentModel.class.php 第 5 行.
SQL: SHOW COLUMNS FROM `cms_position_content` [ RunTime:0.0040s ]
SQL: UPDATE `cms_position_content` SET `title`='星空',`position_id`='5',`thumb`='/upload/2017/04/19/58f645ab8f12b.jpg',`url`='',`news_id`='14',`status`='1' WHERE ( id=13 ) [ RunTime:0.0000s ]

[ 2017-04-19T00:58:22+08:00 ] ::1 /admin.php?c=positioncontent&a=index
INFO: [ app_init ] --START--
INFO: Run Behavior\BuildLiteBehavior [ RunTime:0.000000s ]
INFO: [ app_init ] --END-- [ RunTime:0.001000s ]
INFO: [ app_begin ] --START--
INFO: Run Behavior\ReadHtmlCacheBehavior [ RunTime:0.004000s ]
INFO: [ app_begin ] --END-- [ RunTime:0.004000s ]
NOTIC: [2] Declaration of Admin\Controller\PositioncontentController::setStatus() should be compatible with Admin\Controller\CommonController::setStatus($data, $models) C:\xampp\htdocs\cms\Application\Admin\Controller\PositioncontentController.class.php 第 5 行.
NOTIC: [2] Declaration of Admin\Controller\PositioncontentController::listorder() should be compatible with Admin\Controller\CommonController::listorder($model = '') C:\xampp\htdocs\cms\Application\Admin\Controller\PositioncontentController.class.php 第 5 行.
NOTIC: [2] Declaration of Admin\Model\PositionModel::find($id) should be compatible with Think\Model::find($options = Array) C:\xampp\htdocs\cms\Application\Admin\Model\PositionModel.class.php 第 5 行.
SQL: SHOW COLUMNS FROM `cms_position` [ RunTime:0.0050s ]
SQL: SELECT * FROM `cms_position` WHERE `status` <> -1 ORDER BY id  [ RunTime:0.0000s ]
NOTIC: [8] Undefined index: title C:\xampp\htdocs\cms\Application\Admin\Controller\PositioncontentController.class.php 第 12 行.
NOTIC: [8] Undefined index: position_id C:\xampp\htdocs\cms\Application\Admin\Controller\PositioncontentController.class.php 第 17 行.
NOTIC: [8] Undefined index: p C:\xampp\htdocs\cms\Application\Admin\Controller\PositioncontentController.class.php 第 23 行.
NOTIC: [8] Undefined index: pageSize C:\xampp\htdocs\cms\Application\Admin\Controller\PositioncontentController.class.php 第 24 行.
NOTIC: [2] Declaration of Admin\Model\PositionContentModel::find($id) should be compatible with Think\Model::find($options = Array) C:\xampp\htdocs\cms\Application\Admin\Model\PositionContentModel.class.php 第 114 行.
SQL: SHOW COLUMNS FROM `cms_position_content` [ RunTime:0.0050s ]
SQL: SELECT * FROM `cms_position_content` WHERE `status` <> -1 ORDER BY listorder desc, id desc LIMIT 0,2   [ RunTime:0.0000s ]
SQL: SELECT COUNT(*) AS tp_count FROM `cms_position_content` WHERE `status` <> -1 LIMIT 1   [ RunTime:0.0000s ]
INFO: [ view_parse ] --START--
INFO: [ template_filter ] --START--
INFO: Run Behavior\ContentReplaceBehavior [ RunTime:0.001000s ]
INFO: [ template_filter ] --END-- [ RunTime:0.001000s ]
NOTIC: [2] Declaration of Admin\Model\MenuModel::find($id) should be compatible with Think\Model::find($options = Array) C:\xampp\htdocs\cms\Application\Admin\Model\MenuModel.class.php 第 110 行.
SQL: SHOW COLUMNS FROM `cms_menu` [ RunTime:0.0050s ]
SQL: SELECT * FROM `cms_menu` WHERE `status` <> -1 AND `type` = 1 ORDER BY listorder desc,menu_id desc  [ RunTime:0.0010s ]
NOTIC: [8] Undefined index: a C:\xampp\htdocs\cms\Application\Common\Common\function.php 第 41 行.
NOTIC: [8] Undefined index: a C:\xampp\htdocs\cms\Application\Common\Common\function.php 第 41 行.
NOTIC: [8] Undefined index: a C:\xampp\htdocs\cms\Application\Common\Common\function.php 第 41 行.
NOTIC: [8] Undefined index: a C:\xampp\htdocs\cms\Application\Common\Common\function.php 第 41 行.
NOTIC: [8] Undefined index: a C:\xampp\htdocs\cms\Application\Common\Common\function.php 第 41 行.
NOTIC: [8] Undefined index: a C:\xampp\htdocs\cms\Application\Common\Common\function.php 第 41 行.
NOTIC: [8] Undefined variable: positionId C:\xampp\htdocs\cms\Application\Runtime\Cache\Admin\b8a8b9d170e6c07d7b463ea02385894d.php 第 114 行.
NOTIC: [8] Undefined variable: positionId C:\xampp\htdocs\cms\Application\Runtime\Cache\Admin\b8a8b9d170e6c07d7b463ea02385894d.php 第 114 行.
NOTIC: [8] Undefined variable: positionId C:\xampp\htdocs\cms\Application\Runtime\Cache\Admin\b8a8b9d170e6c07d7b463ea02385894d.php 第 114 行.
NOTIC: [8] Undefined variable: title C:\xampp\htdocs\cms\Application\Runtime\Cache\Admin\b8a8b9d170e6c07d7b463ea02385894d.php 第 122 行.
INFO: Run Behavior\ParseTemplateBehavior [ RunTime:0.036002s ]
INFO: [ view_parse ] --END-- [ RunTime:0.036002s ]
INFO: [ view_filter ] --START--
INFO: Run Behavior\WriteHtmlCacheBehavior [ RunTime:0.003000s ]
INFO: [ view_filter ] --END-- [ RunTime:0.003000s ]
INFO: [ app_end ] --START--
INFO: Run Behavior\ShowPageTraceBehavior [ RunTime:0.003000s ]
INFO: [ app_end ] --END-- [ RunTime:0.003000s ]

[ 2017-04-19T00:58:35+08:00 ] ::1 /admin.php?c=positioncontent&a=edit&id=3
INFO: [ app_init ] --START--
INFO: Run Behavior\BuildLiteBehavior [ RunTime:0.000000s ]
INFO: [ app_init ] --END-- [ RunTime:0.000000s ]
INFO: [ app_begin ] --START--
INFO: Run Behavior\ReadHtmlCacheBehavior [ RunTime:0.002000s ]
INFO: [ app_begin ] --END-- [ RunTime:0.002000s ]
NOTIC: [2] Declaration of Admin\Controller\PositioncontentController::setStatus() should be compatible with Admin\Controller\CommonController::setStatus($data, $models) C:\xampp\htdocs\cms\Application\Admin\Controller\PositioncontentController.class.php 第 5 行.
NOTIC: [2] Declaration of Admin\Controller\PositioncontentController::listorder() should be compatible with Admin\Controller\CommonController::listorder($model = '') C:\xampp\htdocs\cms\Application\Admin\Controller\PositioncontentController.class.php 第 5 行.
NOTIC: [2] Declaration of Admin\Model\PositionContentModel::find($id) should be compatible with Think\Model::find($options = Array) C:\xampp\htdocs\cms\Application\Admin\Model\PositionContentModel.class.php 第 5 行.
SQL: SHOW COLUMNS FROM `cms_position_content` [ RunTime:0.0030s ]
SQL: SELECT * FROM `cms_position_content` WHERE ( id=3 ) LIMIT 1   [ RunTime:0.0000s ]
NOTIC: [2] Declaration of Admin\Model\PositionModel::find($id) should be compatible with Think\Model::find($options = Array) C:\xampp\htdocs\cms\Application\Admin\Model\PositionModel.class.php 第 71 行.
SQL: SHOW COLUMNS FROM `cms_position` [ RunTime:0.0030s ]
SQL: SELECT * FROM `cms_position` WHERE `status` <> -1 ORDER BY id  [ RunTime:0.0010s ]
INFO: [ view_parse ] --START--
INFO: [ template_filter ] --START--
INFO: Run Behavior\ContentReplaceBehavior [ RunTime:0.000000s ]
INFO: [ template_filter ] --END-- [ RunTime:0.000000s ]
NOTIC: [2] Declaration of Admin\Model\MenuModel::find($id) should be compatible with Think\Model::find($options = Array) C:\xampp\htdocs\cms\Application\Admin\Model\MenuModel.class.php 第 110 行.
SQL: SHOW COLUMNS FROM `cms_menu` [ RunTime:0.0030s ]
SQL: SELECT * FROM `cms_menu` WHERE `status` <> -1 AND `type` = 1 ORDER BY listorder desc,menu_id desc  [ RunTime:0.0000s ]
NOTIC: [8] Undefined index: a C:\xampp\htdocs\cms\Application\Common\Common\function.php 第 41 行.
NOTIC: [8] Undefined index: a C:\xampp\htdocs\cms\Application\Common\Common\function.php 第 41 行.
NOTIC: [8] Undefined index: a C:\xampp\htdocs\cms\Application\Common\Common\function.php 第 41 行.
NOTIC: [8] Undefined index: a C:\xampp\htdocs\cms\Application\Common\Common\function.php 第 41 行.
NOTIC: [8] Undefined index: a C:\xampp\htdocs\cms\Application\Common\Common\function.php 第 41 行.
NOTIC: [8] Undefined index: a C:\xampp\htdocs\cms\Application\Common\Common\function.php 第 41 行.
INFO: Run Behavior\ParseTemplateBehavior [ RunTime:0.019001s ]
INFO: [ view_parse ] --END-- [ RunTime:0.019001s ]
INFO: [ view_filter ] --START--
INFO: Run Behavior\WriteHtmlCacheBehavior [ RunTime:0.002000s ]
INFO: [ view_filter ] --END-- [ RunTime:0.002000s ]
INFO: [ app_end ] --START--
INFO: Run Behavior\ShowPageTraceBehavior [ RunTime:0.002000s ]
INFO: [ app_end ] --END-- [ RunTime:0.002000s ]

[ 2017-04-19T00:58:40+08:00 ] ::1 /admin.php?c=positioncontent
INFO: [ app_init ] --START--
INFO: Run Behavior\BuildLiteBehavior [ RunTime:0.000000s ]
INFO: [ app_init ] --END-- [ RunTime:0.002000s ]
INFO: [ app_begin ] --START--
INFO: Run Behavior\ReadHtmlCacheBehavior [ RunTime:0.003000s ]
INFO: [ app_begin ] --END-- [ RunTime:0.003000s ]
NOTIC: [2] Declaration of Admin\Controller\PositioncontentController::setStatus() should be compatible with Admin\Controller\CommonController::setStatus($data, $models) C:\xampp\htdocs\cms\Application\Admin\Controller\PositioncontentController.class.php 第 5 行.
NOTIC: [2] Declaration of Admin\Controller\PositioncontentController::listorder() should be compatible with Admin\Controller\CommonController::listorder($model = '') C:\xampp\htdocs\cms\Application\Admin\Controller\PositioncontentController.class.php 第 5 行.
NOTIC: [2] Declaration of Admin\Model\PositionModel::find($id) should be compatible with Think\Model::find($options = Array) C:\xampp\htdocs\cms\Application\Admin\Model\PositionModel.class.php 第 5 行.
SQL: SHOW COLUMNS FROM `cms_position` [ RunTime:0.0040s ]
SQL: SELECT * FROM `cms_position` WHERE `status` <> -1 ORDER BY id  [ RunTime:0.0000s ]
NOTIC: [8] Undefined index: title C:\xampp\htdocs\cms\Application\Admin\Controller\PositioncontentController.class.php 第 12 行.
NOTIC: [8] Undefined index: position_id C:\xampp\htdocs\cms\Application\Admin\Controller\PositioncontentController.class.php 第 17 行.
NOTIC: [8] Undefined index: p C:\xampp\htdocs\cms\Application\Admin\Controller\PositioncontentController.class.php 第 23 行.
NOTIC: [8] Undefined index: pageSize C:\xampp\htdocs\cms\Application\Admin\Controller\PositioncontentController.class.php 第 24 行.
NOTIC: [2] Declaration of Admin\Model\PositionContentModel::find($id) should be compatible with Think\Model::find($options = Array) C:\xampp\htdocs\cms\Application\Admin\Model\PositionContentModel.class.php 第 114 行.
SQL: SHOW COLUMNS FROM `cms_position_content` [ RunTime:0.0030s ]
SQL: SELECT * FROM `cms_position_content` WHERE `status` <> -1 ORDER BY listorder desc, id desc LIMIT 0,2   [ RunTime:0.0010s ]
SQL: SELECT COUNT(*) AS tp_count FROM `cms_position_content` WHERE `status` <> -1 LIMIT 1   [ RunTime:0.0010s ]
INFO: [ view_parse ] --START--
INFO: [ template_filter ] --START--
INFO: Run Behavior\ContentReplaceBehavior [ RunTime:0.000000s ]
INFO: [ template_filter ] --END-- [ RunTime:0.000000s ]
NOTIC: [2] Declaration of Admin\Model\MenuModel::find($id) should be compatible with Think\Model::find($options = Array) C:\xampp\htdocs\cms\Application\Admin\Model\MenuModel.class.php 第 110 行.
SQL: SHOW COLUMNS FROM `cms_menu` [ RunTime:0.0030s ]
SQL: SELECT * FROM `cms_menu` WHERE `status` <> -1 AND `type` = 1 ORDER BY listorder desc,menu_id desc  [ RunTime:0.0000s ]
NOTIC: [8] Undefined index: a C:\xampp\htdocs\cms\Application\Common\Common\function.php 第 41 行.
NOTIC: [8] Undefined index: a C:\xampp\htdocs\cms\Application\Common\Common\function.php 第 41 行.
NOTIC: [8] Undefined index: a C:\xampp\htdocs\cms\Application\Common\Common\function.php 第 41 行.
NOTIC: [8] Undefined index: a C:\xampp\htdocs\cms\Application\Common\Common\function.php 第 41 行.
NOTIC: [8] Undefined index: a C:\xampp\htdocs\cms\Application\Common\Common\function.php 第 41 行.
NOTIC: [8] Undefined index: a C:\xampp\htdocs\cms\Application\Common\Common\function.php 第 41 行.
NOTIC: [8] Undefined variable: positionId C:\xampp\htdocs\cms\Application\Runtime\Cache\Admin\b8a8b9d170e6c07d7b463ea02385894d.php 第 114 行.
NOTIC: [8] Undefined variable: positionId C:\xampp\htdocs\cms\Application\Runtime\Cache\Admin\b8a8b9d170e6c07d7b463ea02385894d.php 第 114 行.
NOTIC: [8] Undefined variable: positionId C:\xampp\htdocs\cms\Application\Runtime\Cache\Admin\b8a8b9d170e6c07d7b463ea02385894d.php 第 114 行.
NOTIC: [8] Undefined variable: title C:\xampp\htdocs\cms\Application\Runtime\Cache\Admin\b8a8b9d170e6c07d7b463ea02385894d.php 第 122 行.
INFO: Run Behavior\ParseTemplateBehavior [ RunTime:0.024001s ]
INFO: [ view_parse ] --END-- [ RunTime:0.024001s ]
INFO: [ view_filter ] --START--
INFO: Run Behavior\WriteHtmlCacheBehavior [ RunTime:0.002000s ]
INFO: [ view_filter ] --END-- [ RunTime:0.002000s ]
INFO: [ app_end ] --START--
INFO: Run Behavior\ShowPageTraceBehavior [ RunTime:0.003000s ]
INFO: [ app_end ] --END-- [ RunTime:0.003000s ]

[ 2017-04-19T00:58:45+08:00 ] ::1 /admin.php?position_id=5&c=positioncontent&a=index&title=
INFO: [ app_init ] --START--
INFO: Run Behavior\BuildLiteBehavior [ RunTime:0.000000s ]
INFO: [ app_init ] --END-- [ RunTime:0.000000s ]
INFO: [ app_begin ] --START--
INFO: Run Behavior\ReadHtmlCacheBehavior [ RunTime:0.010001s ]
INFO: [ app_begin ] --END-- [ RunTime:0.010001s ]
NOTIC: [2] Declaration of Admin\Controller\PositioncontentController::setStatus() should be compatible with Admin\Controller\CommonController::setStatus($data, $models) C:\xampp\htdocs\cms\Application\Admin\Controller\PositioncontentController.class.php 第 5 行.
NOTIC: [2] Declaration of Admin\Controller\PositioncontentController::listorder() should be compatible with Admin\Controller\CommonController::listorder($model = '') C:\xampp\htdocs\cms\Application\Admin\Controller\PositioncontentController.class.php 第 5 行.
NOTIC: [2] Declaration of Admin\Model\PositionModel::find($id) should be compatible with Think\Model::find($options = Array) C:\xampp\htdocs\cms\Application\Admin\Model\PositionModel.class.php 第 5 行.
SQL: SHOW COLUMNS FROM `cms_position` [ RunTime:0.0030s ]
SQL: SELECT * FROM `cms_position` WHERE `status` <> -1 ORDER BY id  [ RunTime:0.0000s ]
NOTIC: [8] Undefined index: p C:\xampp\htdocs\cms\Application\Admin\Controller\PositioncontentController.class.php 第 23 行.
NOTIC: [8] Undefined index: pageSize C:\xampp\htdocs\cms\Application\Admin\Controller\PositioncontentController.class.php 第 24 行.
NOTIC: [2] Declaration of Admin\Model\PositionContentModel::find($id) should be compatible with Think\Model::find($options = Array) C:\xampp\htdocs\cms\Application\Admin\Model\PositionContentModel.class.php 第 114 行.
SQL: SHOW COLUMNS FROM `cms_position_content` [ RunTime:0.0030s ]
SQL: SELECT * FROM `cms_position_content` WHERE `status` <> -1 AND `position_id` = '5' ORDER BY listorder desc, id desc LIMIT 0,2   [ RunTime:0.0000s ]
SQL: SELECT COUNT(*) AS tp_count FROM `cms_position_content` WHERE `status` <> -1 AND `position_id` = '5' LIMIT 1   [ RunTime:0.0000s ]
INFO: [ view_parse ] --START--
INFO: [ template_filter ] --START--
INFO: Run Behavior\ContentReplaceBehavior [ RunTime:0.000000s ]
INFO: [ template_filter ] --END-- [ RunTime:0.000000s ]
NOTIC: [2] Declaration of Admin\Model\MenuModel::find($id) should be compatible with Think\Model::find($options = Array) C:\xampp\htdocs\cms\Application\Admin\Model\MenuModel.class.php 第 110 行.
SQL: SHOW COLUMNS FROM `cms_menu` [ RunTime:0.0050s ]
SQL: SELECT * FROM `cms_menu` WHERE `status` <> -1 AND `type` = 1 ORDER BY listorder desc,menu_id desc  [ RunTime:0.0010s ]
NOTIC: [8] Undefined index: a C:\xampp\htdocs\cms\Application\Common\Common\function.php 第 41 行.
NOTIC: [8] Undefined index: a C:\xampp\htdocs\cms\Application\Common\Common\function.php 第 41 行.
NOTIC: [8] Undefined index: a C:\xampp\htdocs\cms\Application\Common\Common\function.php 第 41 行.
NOTIC: [8] Undefined index: a C:\xampp\htdocs\cms\Application\Common\Common\function.php 第 41 行.
NOTIC: [8] Undefined index: a C:\xampp\htdocs\cms\Application\Common\Common\function.php 第 41 行.
NOTIC: [8] Undefined index: a C:\xampp\htdocs\cms\Application\Common\Common\function.php 第 41 行.
NOTIC: [8] Undefined variable: title C:\xampp\htdocs\cms\Application\Runtime\Cache\Admin\b8a8b9d170e6c07d7b463ea02385894d.php 第 122 行.
INFO: Run Behavior\ParseTemplateBehavior [ RunTime:0.029001s ]
INFO: [ view_parse ] --END-- [ RunTime:0.029001s ]
INFO: [ view_filter ] --START--
INFO: Run Behavior\WriteHtmlCacheBehavior [ RunTime:0.005001s ]
INFO: [ view_filter ] --END-- [ RunTime:0.005001s ]
INFO: [ app_end ] --START--
INFO: Run Behavior\ShowPageTraceBehavior [ RunTime:0.003000s ]
INFO: [ app_end ] --END-- [ RunTime:0.003000s ]

[ 2017-04-19T00:58:47+08:00 ] ::1 /admin.php?c=positioncontent&a=edit&id=12
INFO: [ app_init ] --START--
INFO: Run Behavior\BuildLiteBehavior [ RunTime:0.000000s ]
INFO: [ app_init ] --END-- [ RunTime:0.001000s ]
INFO: [ app_begin ] --START--
INFO: Run Behavior\ReadHtmlCacheBehavior [ RunTime:0.002000s ]
INFO: [ app_begin ] --END-- [ RunTime:0.002000s ]
NOTIC: [2] Declaration of Admin\Controller\PositioncontentController::setStatus() should be compatible with Admin\Controller\CommonController::setStatus($data, $models) C:\xampp\htdocs\cms\Application\Admin\Controller\PositioncontentController.class.php 第 5 行.
NOTIC: [2] Declaration of Admin\Controller\PositioncontentController::listorder() should be compatible with Admin\Controller\CommonController::listorder($model = '') C:\xampp\htdocs\cms\Application\Admin\Controller\PositioncontentController.class.php 第 5 行.
NOTIC: [2] Declaration of Admin\Model\PositionContentModel::find($id) should be compatible with Think\Model::find($options = Array) C:\xampp\htdocs\cms\Application\Admin\Model\PositionContentModel.class.php 第 5 行.
SQL: SHOW COLUMNS FROM `cms_position_content` [ RunTime:0.0030s ]
SQL: SELECT * FROM `cms_position_content` WHERE ( id=12 ) LIMIT 1   [ RunTime:0.0010s ]
NOTIC: [2] Declaration of Admin\Model\PositionModel::find($id) should be compatible with Think\Model::find($options = Array) C:\xampp\htdocs\cms\Application\Admin\Model\PositionModel.class.php 第 71 行.
SQL: SHOW COLUMNS FROM `cms_position` [ RunTime:0.0030s ]
SQL: SELECT * FROM `cms_position` WHERE `status` <> -1 ORDER BY id  [ RunTime:0.0000s ]
INFO: [ view_parse ] --START--
INFO: [ template_filter ] --START--
INFO: Run Behavior\ContentReplaceBehavior [ RunTime:0.000000s ]
INFO: [ template_filter ] --END-- [ RunTime:0.000000s ]
NOTIC: [2] Declaration of Admin\Model\MenuModel::find($id) should be compatible with Think\Model::find($options = Array) C:\xampp\htdocs\cms\Application\Admin\Model\MenuModel.class.php 第 110 行.
SQL: SHOW COLUMNS FROM `cms_menu` [ RunTime:0.0030s ]
SQL: SELECT * FROM `cms_menu` WHERE `status` <> -1 AND `type` = 1 ORDER BY listorder desc,menu_id desc  [ RunTime:0.0010s ]
NOTIC: [8] Undefined index: a C:\xampp\htdocs\cms\Application\Common\Common\function.php 第 41 行.
NOTIC: [8] Undefined index: a C:\xampp\htdocs\cms\Application\Common\Common\function.php 第 41 行.
NOTIC: [8] Undefined index: a C:\xampp\htdocs\cms\Application\Common\Common\function.php 第 41 行.
NOTIC: [8] Undefined index: a C:\xampp\htdocs\cms\Application\Common\Common\function.php 第 41 行.
NOTIC: [8] Undefined index: a C:\xampp\htdocs\cms\Application\Common\Common\function.php 第 41 行.
NOTIC: [8] Undefined index: a C:\xampp\htdocs\cms\Application\Common\Common\function.php 第 41 行.
INFO: Run Behavior\ParseTemplateBehavior [ RunTime:0.019001s ]
INFO: [ view_parse ] --END-- [ RunTime:0.019001s ]
INFO: [ view_filter ] --START--
INFO: Run Behavior\WriteHtmlCacheBehavior [ RunTime:0.002000s ]
INFO: [ view_filter ] --END-- [ RunTime:0.002000s ]
INFO: [ app_end ] --START--
INFO: Run Behavior\ShowPageTraceBehavior [ RunTime:0.002000s ]
INFO: [ app_end ] --END-- [ RunTime:0.002000s ]

[ 2017-04-19T00:59:18+08:00 ] ::1 /admin.php?c=image&a=ajaxuploadimage
INFO: [ app_init ] --START--
INFO: Run Behavior\BuildLiteBehavior [ RunTime:0.000000s ]
INFO: [ app_init ] --END-- [ RunTime:0.001000s ]
INFO: [ app_begin ] --START--
INFO: Run Behavior\ReadHtmlCacheBehavior [ RunTime:0.002000s ]
INFO: [ app_begin ] --END-- [ RunTime:0.002000s ]
NOTIC: [8] Use of undefined constant Y - assumed 'Y' C:\xampp\htdocs\cms\Application\Admin\Model\UploadImageModel.class.php 第 19 行.
NOTIC: [8] Use of undefined constant m - assumed 'm' C:\xampp\htdocs\cms\Application\Admin\Model\UploadImageModel.class.php 第 19 行.
NOTIC: [8] Use of undefined constant d - assumed 'd' C:\xampp\htdocs\cms\Application\Admin\Model\UploadImageModel.class.php 第 19 行.
NOTIC: [2] call_user_func() expects parameter 1 to be a valid callback, no array or string given C:\xampp\htdocs\cms\ThinkPHP\Library\Think\Upload.class.php 第 170 行.

[ 2017-04-19T00:59:19+08:00 ] ::1 /admin.php?c=positioncontent&a=add
INFO: [ app_init ] --START--
INFO: Run Behavior\BuildLiteBehavior [ RunTime:0.000000s ]
INFO: [ app_init ] --END-- [ RunTime:0.000000s ]
INFO: [ app_begin ] --START--
INFO: Run Behavior\ReadHtmlCacheBehavior [ RunTime:0.002000s ]
INFO: [ app_begin ] --END-- [ RunTime:0.002000s ]
NOTIC: [2] Declaration of Admin\Controller\PositioncontentController::setStatus() should be compatible with Admin\Controller\CommonController::setStatus($data, $models) C:\xampp\htdocs\cms\Application\Admin\Controller\PositioncontentController.class.php 第 5 行.
NOTIC: [2] Declaration of Admin\Controller\PositioncontentController::listorder() should be compatible with Admin\Controller\CommonController::listorder($model = '') C:\xampp\htdocs\cms\Application\Admin\Controller\PositioncontentController.class.php 第 5 行.
NOTIC: [2] Declaration of Admin\Model\PositionContentModel::find($id) should be compatible with Think\Model::find($options = Array) C:\xampp\htdocs\cms\Application\Admin\Model\PositionContentModel.class.php 第 5 行.
SQL: SHOW COLUMNS FROM `cms_position_content` [ RunTime:0.0670s ]
SQL: UPDATE `cms_position_content` SET `title`='LIPO',`position_id`='5',`thumb`='/upload/2017/04/19/58f645e65d5b5.jpg',`url`='',`news_id`='13',`status`='1' WHERE ( id=12 ) [ RunTime:0.0010s ]

[ 2017-04-19T00:59:20+08:00 ] ::1 /admin.php?c=positioncontent&a=index
INFO: [ app_init ] --START--
INFO: Run Behavior\BuildLiteBehavior [ RunTime:0.000000s ]
INFO: [ app_init ] --END-- [ RunTime:0.002000s ]
INFO: [ app_begin ] --START--
INFO: Run Behavior\ReadHtmlCacheBehavior [ RunTime:0.001000s ]
INFO: [ app_begin ] --END-- [ RunTime:0.001000s ]
NOTIC: [2] Declaration of Admin\Controller\PositioncontentController::setStatus() should be compatible with Admin\Controller\CommonController::setStatus($data, $models) C:\xampp\htdocs\cms\Application\Admin\Controller\PositioncontentController.class.php 第 5 行.
NOTIC: [2] Declaration of Admin\Controller\PositioncontentController::listorder() should be compatible with Admin\Controller\CommonController::listorder($model = '') C:\xampp\htdocs\cms\Application\Admin\Controller\PositioncontentController.class.php 第 5 行.
NOTIC: [2] Declaration of Admin\Model\PositionModel::find($id) should be compatible with Think\Model::find($options = Array) C:\xampp\htdocs\cms\Application\Admin\Model\PositionModel.class.php 第 5 行.
SQL: SHOW COLUMNS FROM `cms_position` [ RunTime:0.0040s ]
SQL: SELECT * FROM `cms_position` WHERE `status` <> -1 ORDER BY id  [ RunTime:0.0010s ]
NOTIC: [8] Undefined index: title C:\xampp\htdocs\cms\Application\Admin\Controller\PositioncontentController.class.php 第 12 行.
NOTIC: [8] Undefined index: position_id C:\xampp\htdocs\cms\Application\Admin\Controller\PositioncontentController.class.php 第 17 行.
NOTIC: [8] Undefined index: p C:\xampp\htdocs\cms\Application\Admin\Controller\PositioncontentController.class.php 第 23 行.
NOTIC: [8] Undefined index: pageSize C:\xampp\htdocs\cms\Application\Admin\Controller\PositioncontentController.class.php 第 24 行.
NOTIC: [2] Declaration of Admin\Model\PositionContentModel::find($id) should be compatible with Think\Model::find($options = Array) C:\xampp\htdocs\cms\Application\Admin\Model\PositionContentModel.class.php 第 114 行.
SQL: SHOW COLUMNS FROM `cms_position_content` [ RunTime:0.0040s ]
SQL: SELECT * FROM `cms_position_content` WHERE `status` <> -1 ORDER BY listorder desc, id desc LIMIT 0,2   [ RunTime:0.0000s ]
SQL: SELECT COUNT(*) AS tp_count FROM `cms_position_content` WHERE `status` <> -1 LIMIT 1   [ RunTime:0.0010s ]
INFO: [ view_parse ] --START--
INFO: [ template_filter ] --START--
INFO: Run Behavior\ContentReplaceBehavior [ RunTime:0.001000s ]
INFO: [ template_filter ] --END-- [ RunTime:0.001000s ]
NOTIC: [2] Declaration of Admin\Model\MenuModel::find($id) should be compatible with Think\Model::find($options = Array) C:\xampp\htdocs\cms\Application\Admin\Model\MenuModel.class.php 第 110 行.
SQL: SHOW COLUMNS FROM `cms_menu` [ RunTime:0.0040s ]
SQL: SELECT * FROM `cms_menu` WHERE `status` <> -1 AND `type` = 1 ORDER BY listorder desc,menu_id desc  [ RunTime:0.0000s ]
NOTIC: [8] Undefined index: a C:\xampp\htdocs\cms\Application\Common\Common\function.php 第 41 行.
NOTIC: [8] Undefined index: a C:\xampp\htdocs\cms\Application\Common\Common\function.php 第 41 行.
NOTIC: [8] Undefined index: a C:\xampp\htdocs\cms\Application\Common\Common\function.php 第 41 行.
NOTIC: [8] Undefined index: a C:\xampp\htdocs\cms\Application\Common\Common\function.php 第 41 行.
NOTIC: [8] Undefined index: a C:\xampp\htdocs\cms\Application\Common\Common\function.php 第 41 行.
NOTIC: [8] Undefined index: a C:\xampp\htdocs\cms\Application\Common\Common\function.php 第 41 行.
NOTIC: [8] Undefined variable: positionId C:\xampp\htdocs\cms\Application\Runtime\Cache\Admin\b8a8b9d170e6c07d7b463ea02385894d.php 第 114 行.
NOTIC: [8] Undefined variable: positionId C:\xampp\htdocs\cms\Application\Runtime\Cache\Admin\b8a8b9d170e6c07d7b463ea02385894d.php 第 114 行.
NOTIC: [8] Undefined variable: positionId C:\xampp\htdocs\cms\Application\Runtime\Cache\Admin\b8a8b9d170e6c07d7b463ea02385894d.php 第 114 行.
NOTIC: [8] Undefined variable: title C:\xampp\htdocs\cms\Application\Runtime\Cache\Admin\b8a8b9d170e6c07d7b463ea02385894d.php 第 122 行.
INFO: Run Behavior\ParseTemplateBehavior [ RunTime:0.027002s ]
INFO: [ view_parse ] --END-- [ RunTime:0.027002s ]
INFO: [ view_filter ] --START--
INFO: Run Behavior\WriteHtmlCacheBehavior [ RunTime:0.003000s ]
INFO: [ view_filter ] --END-- [ RunTime:0.003000s ]
INFO: [ app_end ] --START--
INFO: Run Behavior\ShowPageTraceBehavior [ RunTime:0.003000s ]
INFO: [ app_end ] --END-- [ RunTime:0.003000s ]

