[ 2017-04-17T00:22:32+08:00 ] ::1 /admin.php?c=positioncontent
INFO: [ app_init ] --START--
INFO: Run Behavior\BuildLiteBehavior [ RunTime:0.000000s ]
INFO: [ app_init ] --END-- [ RunTime:0.001000s ]
INFO: [ app_begin ] --START--
INFO: Run Behavior\ReadHtmlCacheBehavior [ RunTime:0.001000s ]
INFO: [ app_begin ] --END-- [ RunTime:0.001000s ]
NOTIC: [2] Declaration of Admin\Controller\PositioncontentController::setStatus() should be compatible with Admin\Controller\CommonController::setStatus($data, $models) C:\xampp\htdocs\cms\Application\Admin\Controller\PositioncontentController.class.php 第 5 行.
NOTIC: [2] Declaration of Admin\Controller\PositioncontentController::listorder() should be compatible with Admin\Controller\CommonController::listorder($model = '') C:\xampp\htdocs\cms\Application\Admin\Controller\PositioncontentController.class.php 第 5 行.
NOTIC: [2] Declaration of Admin\Model\PositionModel::find($id) should be compatible with Think\Model::find($options = Array) C:\xampp\htdocs\cms\Application\Admin\Model\PositionModel.class.php 第 5 行.
SQL: SHOW COLUMNS FROM `cms_position` [ RunTime:0.0150s ]
SQL: SELECT * FROM `cms_position` WHERE `status` <> -1 ORDER BY id  [ RunTime:0.0130s ]
NOTIC: [8] Undefined index: title C:\xampp\htdocs\cms\Application\Admin\Controller\PositioncontentController.class.php 第 12 行.
NOTIC: [8] Undefined index: position_id C:\xampp\htdocs\cms\Application\Admin\Controller\PositioncontentController.class.php 第 17 行.
NOTIC: [8] Undefined index: p C:\xampp\htdocs\cms\Application\Admin\Controller\PositioncontentController.class.php 第 23 行.
NOTIC: [8] Undefined index: pageSize C:\xampp\htdocs\cms\Application\Admin\Controller\PositioncontentController.class.php 第 24 行.
NOTIC: [2] Declaration of Admin\Model\PositionContentModel::find($id) should be compatible with Think\Model::find($options = Array) C:\xampp\htdocs\cms\Application\Admin\Model\PositionContentModel.class.php 第 100 行.
SQL: SHOW COLUMNS FROM `cms_position_content` [ RunTime:0.0150s ]
SQL: SELECT * FROM `cms_position_content` WHERE `status` <> -1 ORDER BY listorder desc, id desc LIMIT 0,2   [ RunTime:0.0030s ]
SQL: SELECT COUNT(*) AS tp_count FROM `cms_position_content` WHERE `status` <> -1 LIMIT 1   [ RunTime:0.0140s ]
INFO: [ view_parse ] --START--
INFO: [ template_filter ] --START--
INFO: Run Behavior\ContentReplaceBehavior [ RunTime:0.000000s ]
INFO: [ template_filter ] --END-- [ RunTime:0.000000s ]
NOTIC: [2] Declaration of Admin\Model\MenuModel::find($id) should be compatible with Think\Model::find($options = Array) C:\xampp\htdocs\cms\Application\Admin\Model\MenuModel.class.php 第 110 行.
SQL: SHOW COLUMNS FROM `cms_menu` [ RunTime:0.0040s ]
SQL: SELECT * FROM `cms_menu` WHERE `status` <> -1 AND `type` = 1 ORDER BY listorder desc,menu_id desc  [ RunTime:0.0000s ]
NOTIC: [8] Undefined index: a C:\xampp\htdocs\cms\Application\Common\Common\function.php 第 41 行.
NOTIC: [8] Undefined index: a C:\xampp\htdocs\cms\Application\Common\Common\function.php 第 41 行.
NOTIC: [8] Undefined index: a C:\xampp\htdocs\cms\Application\Common\Common\function.php 第 41 行.
NOTIC: [8] Undefined index: a C:\xampp\htdocs\cms\Application\Common\Common\function.php 第 41 行.
NOTIC: [8] Undefined index: a C:\xampp\htdocs\cms\Application\Common\Common\function.php 第 41 行.
NOTIC: [8] Undefined index: a C:\xampp\htdocs\cms\Application\Common\Common\function.php 第 41 行.
NOTIC: [8] Undefined variable: positionId C:\xampp\htdocs\cms\Application\Runtime\Cache\Admin\b8a8b9d170e6c07d7b463ea02385894d.php 第 114 行.
NOTIC: [8] Undefined variable: positionId C:\xampp\htdocs\cms\Application\Runtime\Cache\Admin\b8a8b9d170e6c07d7b463ea02385894d.php 第 114 行.
NOTIC: [8] Undefined variable: positionId C:\xampp\htdocs\cms\Application\Runtime\Cache\Admin\b8a8b9d170e6c07d7b463ea02385894d.php 第 114 行.
NOTIC: [8] Undefined variable: title C:\xampp\htdocs\cms\Application\Runtime\Cache\Admin\b8a8b9d170e6c07d7b463ea02385894d.php 第 122 行.
INFO: Run Behavior\ParseTemplateBehavior [ RunTime:0.032001s ]
INFO: [ view_parse ] --END-- [ RunTime:0.032001s ]
INFO: [ view_filter ] --START--
INFO: Run Behavior\WriteHtmlCacheBehavior [ RunTime:0.001000s ]
INFO: [ view_filter ] --END-- [ RunTime:0.001000s ]
INFO: [ app_end ] --START--
INFO: Run Behavior\ShowPageTraceBehavior [ RunTime:0.016001s ]
INFO: [ app_end ] --END-- [ RunTime:0.016001s ]

[ 2017-04-17T00:22:34+08:00 ] ::1 /admin.php?c=position
INFO: [ app_init ] --START--
INFO: Run Behavior\BuildLiteBehavior [ RunTime:0.000000s ]
INFO: [ app_init ] --END-- [ RunTime:0.002000s ]
INFO: [ app_begin ] --START--
INFO: Run Behavior\ReadHtmlCacheBehavior [ RunTime:0.002000s ]
INFO: [ app_begin ] --END-- [ RunTime:0.002000s ]
NOTIC: [2] Declaration of Admin\Controller\PositionController::setStatus() should be compatible with Admin\Controller\CommonController::setStatus($data, $models) C:\xampp\htdocs\cms\Application\Admin\Controller\PositionController.class.php 第 5 行.
NOTIC: [2] Declaration of Admin\Model\PositionModel::find($id) should be compatible with Think\Model::find($options = Array) C:\xampp\htdocs\cms\Application\Admin\Model\PositionModel.class.php 第 5 行.
SQL: SHOW COLUMNS FROM `cms_position` [ RunTime:0.0090s ]
SQL: SELECT * FROM `cms_position` WHERE `status` <> -1 ORDER BY id  [ RunTime:0.0010s ]
INFO: [ view_parse ] --START--
INFO: [ template_filter ] --START--
INFO: Run Behavior\ContentReplaceBehavior [ RunTime:0.000000s ]
INFO: [ template_filter ] --END-- [ RunTime:0.000000s ]
NOTIC: [2] Declaration of Admin\Model\MenuModel::find($id) should be compatible with Think\Model::find($options = Array) C:\xampp\htdocs\cms\Application\Admin\Model\MenuModel.class.php 第 110 行.
SQL: SHOW COLUMNS FROM `cms_menu` [ RunTime:0.0030s ]
SQL: SELECT * FROM `cms_menu` WHERE `status` <> -1 AND `type` = 1 ORDER BY listorder desc,menu_id desc  [ RunTime:0.0010s ]
NOTIC: [8] Undefined index: a C:\xampp\htdocs\cms\Application\Common\Common\function.php 第 41 行.
NOTIC: [8] Undefined index: a C:\xampp\htdocs\cms\Application\Common\Common\function.php 第 41 行.
NOTIC: [8] Undefined index: a C:\xampp\htdocs\cms\Application\Common\Common\function.php 第 41 行.
NOTIC: [8] Undefined index: a C:\xampp\htdocs\cms\Application\Common\Common\function.php 第 41 行.
NOTIC: [8] Undefined index: a C:\xampp\htdocs\cms\Application\Common\Common\function.php 第 41 行.
NOTIC: [8] Undefined index: a C:\xampp\htdocs\cms\Application\Common\Common\function.php 第 41 行.
NOTIC: [8] Undefined variable: nav C:\xampp\htdocs\cms\Application\Runtime\Cache\Admin\3a437f75b5b60a521a3ad0fc93a5ab5f.php 第 99 行.
INFO: Run Behavior\ParseTemplateBehavior [ RunTime:0.036002s ]
INFO: [ view_parse ] --END-- [ RunTime:0.036002s ]
INFO: [ view_filter ] --START--
INFO: Run Behavior\WriteHtmlCacheBehavior [ RunTime:0.001000s ]
INFO: [ view_filter ] --END-- [ RunTime:0.001000s ]
INFO: [ app_end ] --START--
INFO: Run Behavior\ShowPageTraceBehavior [ RunTime:0.001000s ]
INFO: [ app_end ] --END-- [ RunTime:0.001000s ]

[ 2017-04-17T00:22:36+08:00 ] ::1 /admin.php?c=content
INFO: [ app_init ] --START--
INFO: Run Behavior\BuildLiteBehavior [ RunTime:0.000000s ]
INFO: [ app_init ] --END-- [ RunTime:0.000000s ]
INFO: [ app_begin ] --START--
INFO: Run Behavior\ReadHtmlCacheBehavior [ RunTime:0.000000s ]
INFO: [ app_begin ] --END-- [ RunTime:0.000000s ]
NOTIC: [2] Declaration of Admin\Controller\ContentController::setStatus() should be compatible with Admin\Controller\CommonController::setStatus($data, $models) C:\xampp\htdocs\cms\Application\Admin\Controller\ContentController.class.php 第 9 行.
NOTIC: [2] Declaration of Admin\Controller\ContentController::listorder() should be compatible with Admin\Controller\CommonController::listorder($model = '') C:\xampp\htdocs\cms\Application\Admin\Controller\ContentController.class.php 第 9 行.
NOTIC: [8] Undefined index: title C:\xampp\htdocs\cms\Application\Admin\Controller\ContentController.class.php 第 12 行.
NOTIC: [8] Undefined index: catid C:\xampp\htdocs\cms\Application\Admin\Controller\ContentController.class.php 第 17 行.
NOTIC: [8] Undefined index: p C:\xampp\htdocs\cms\Application\Admin\Controller\ContentController.class.php 第 23 行.
NOTIC: [2] Declaration of Admin\Model\NewsModel::find($id) should be compatible with Think\Model::find($options = Array) C:\xampp\htdocs\cms\Application\Admin\Model\NewsModel.class.php 第 8 行.
SQL: SHOW COLUMNS FROM `cms_news` [ RunTime:0.0350s ]
SQL: SELECT * FROM `cms_news` WHERE `status` <> -1 ORDER BY listorder desc ,news_id desc LIMIT 0,3   [ RunTime:0.0440s ]
SQL: SELECT COUNT(*) AS tp_count FROM `cms_news` WHERE `status` <> -1 LIMIT 1   [ RunTime:0.0000s ]
NOTIC: [2] Declaration of Admin\Model\MenuModel::find($id) should be compatible with Think\Model::find($options = Array) C:\xampp\htdocs\cms\Application\Admin\Model\MenuModel.class.php 第 110 行.
SQL: SHOW COLUMNS FROM `cms_menu` [ RunTime:0.0060s ]
SQL: SELECT * FROM `cms_menu` WHERE `status` = 1 AND `type` = 0 ORDER BY listorder desc,menu_id desc  [ RunTime:0.0000s ]
NOTIC: [2] Declaration of Admin\Model\PositionModel::find($id) should be compatible with Think\Model::find($options = Array) C:\xampp\htdocs\cms\Application\Admin\Model\PositionModel.class.php 第 71 行.
SQL: SHOW COLUMNS FROM `cms_position` [ RunTime:0.0070s ]
SQL: SELECT * FROM `cms_position` WHERE `status` <> -1 ORDER BY id  [ RunTime:0.0010s ]
INFO: [ view_parse ] --START--
INFO: [ template_filter ] --START--
INFO: Run Behavior\ContentReplaceBehavior [ RunTime:0.000000s ]
INFO: [ template_filter ] --END-- [ RunTime:0.000000s ]
SQL: SELECT * FROM `cms_menu` WHERE `status` <> -1 AND `type` = 1 ORDER BY listorder desc,menu_id desc  [ RunTime:0.0000s ]
NOTIC: [8] Undefined index: a C:\xampp\htdocs\cms\Application\Common\Common\function.php 第 41 行.
NOTIC: [8] Undefined index: a C:\xampp\htdocs\cms\Application\Common\Common\function.php 第 41 行.
NOTIC: [8] Undefined index: a C:\xampp\htdocs\cms\Application\Common\Common\function.php 第 41 行.
NOTIC: [8] Undefined index: a C:\xampp\htdocs\cms\Application\Common\Common\function.php 第 41 行.
NOTIC: [8] Undefined index: a C:\xampp\htdocs\cms\Application\Common\Common\function.php 第 41 行.
NOTIC: [8] Undefined index: a C:\xampp\htdocs\cms\Application\Common\Common\function.php 第 41 行.
NOTIC: [8] Undefined variable: catid C:\xampp\htdocs\cms\Application\Runtime\Cache\Admin\ccc9ced3ad798311a07cb47b740981c5.php 第 116 行.
NOTIC: [8] Undefined variable: catid C:\xampp\htdocs\cms\Application\Runtime\Cache\Admin\ccc9ced3ad798311a07cb47b740981c5.php 第 116 行.
NOTIC: [8] Undefined variable: catid C:\xampp\htdocs\cms\Application\Runtime\Cache\Admin\ccc9ced3ad798311a07cb47b740981c5.php 第 116 行.
NOTIC: [8] Undefined variable: title C:\xampp\htdocs\cms\Application\Runtime\Cache\Admin\ccc9ced3ad798311a07cb47b740981c5.php 第 124 行.
INFO: Run Behavior\ParseTemplateBehavior [ RunTime:0.031001s ]
INFO: [ view_parse ] --END-- [ RunTime:0.031001s ]
INFO: [ view_filter ] --START--
INFO: Run Behavior\WriteHtmlCacheBehavior [ RunTime:0.001000s ]
INFO: [ view_filter ] --END-- [ RunTime:0.001000s ]
INFO: [ app_end ] --START--
INFO: Run Behavior\ShowPageTraceBehavior [ RunTime:0.002001s ]
INFO: [ app_end ] --END-- [ RunTime:0.002001s ]

[ 2017-04-17T00:22:36+08:00 ] ::1 /admin.php?c=menu
INFO: [ app_init ] --START--
INFO: Run Behavior\BuildLiteBehavior [ RunTime:0.000000s ]
INFO: [ app_init ] --END-- [ RunTime:0.001000s ]
INFO: [ app_begin ] --START--
INFO: Run Behavior\ReadHtmlCacheBehavior [ RunTime:0.000000s ]
INFO: [ app_begin ] --END-- [ RunTime:0.001000s ]
NOTIC: [2] Declaration of Admin\Controller\MenuController::setStatus() should be compatible with Admin\Controller\CommonController::setStatus($data, $models) C:\xampp\htdocs\cms\Application\Admin\Controller\MenuController.class.php 第 9 行.
NOTIC: [2] Declaration of Admin\Controller\MenuController::listorder() should be compatible with Admin\Controller\CommonController::listorder($model = '') C:\xampp\htdocs\cms\Application\Admin\Controller\MenuController.class.php 第 9 行.
NOTIC: [8] Undefined index: p C:\xampp\htdocs\cms\Application\Admin\Controller\MenuController.class.php 第 57 行.
NOTIC: [8] Undefined index: pageSize C:\xampp\htdocs\cms\Application\Admin\Controller\MenuController.class.php 第 58 行.
NOTIC: [2] Declaration of Admin\Model\MenuModel::find($id) should be compatible with Think\Model::find($options = Array) C:\xampp\htdocs\cms\Application\Admin\Model\MenuModel.class.php 第 5 行.
SQL: SHOW COLUMNS FROM `cms_menu` [ RunTime:0.0040s ]
SQL: SELECT * FROM `cms_menu` WHERE `status` <> -1 ORDER BY listorder desc, menu_id desc LIMIT 0,3   [ RunTime:0.0010s ]
SQL: SELECT COUNT(*) AS tp_count FROM `cms_menu` WHERE `status` <> -1 LIMIT 1   [ RunTime:0.0010s ]
INFO: [ view_parse ] --START--
INFO: [ template_filter ] --START--
INFO: Run Behavior\ContentReplaceBehavior [ RunTime:0.000000s ]
INFO: [ template_filter ] --END-- [ RunTime:0.000000s ]
SQL: SELECT * FROM `cms_menu` WHERE `status` <> -1 AND `type` = 1 ORDER BY listorder desc,menu_id desc  [ RunTime:0.0000s ]
NOTIC: [8] Undefined index: a C:\xampp\htdocs\cms\Application\Common\Common\function.php 第 41 行.
NOTIC: [8] Undefined index: a C:\xampp\htdocs\cms\Application\Common\Common\function.php 第 41 行.
NOTIC: [8] Undefined index: a C:\xampp\htdocs\cms\Application\Common\Common\function.php 第 41 行.
NOTIC: [8] Undefined index: a C:\xampp\htdocs\cms\Application\Common\Common\function.php 第 41 行.
NOTIC: [8] Undefined index: a C:\xampp\htdocs\cms\Application\Common\Common\function.php 第 41 行.
NOTIC: [8] Undefined index: a C:\xampp\htdocs\cms\Application\Common\Common\function.php 第 41 行.
NOTIC: [8] Undefined variable: nav C:\xampp\htdocs\cms\Application\Runtime\Cache\Admin\b956215329b6f9aca22277599a4efdfc.php 第 102 行.
INFO: Run Behavior\ParseTemplateBehavior [ RunTime:0.045003s ]
INFO: [ view_parse ] --END-- [ RunTime:0.045003s ]
INFO: [ view_filter ] --START--
INFO: Run Behavior\WriteHtmlCacheBehavior [ RunTime:0.001000s ]
INFO: [ view_filter ] --END-- [ RunTime:0.001000s ]
INFO: [ app_end ] --START--
INFO: Run Behavior\ShowPageTraceBehavior [ RunTime:0.001000s ]
INFO: [ app_end ] --END-- [ RunTime:0.001000s ]

[ 2017-04-17T00:22:38+08:00 ] ::1 /admin.php?m=Admin&c=Menu&a=index&p=2
INFO: [ app_init ] --START--
INFO: Run Behavior\BuildLiteBehavior [ RunTime:0.000000s ]
INFO: [ app_init ] --END-- [ RunTime:0.001000s ]
INFO: [ app_begin ] --START--
INFO: Run Behavior\ReadHtmlCacheBehavior [ RunTime:0.001000s ]
INFO: [ app_begin ] --END-- [ RunTime:0.001000s ]
NOTIC: [2] Declaration of Admin\Controller\MenuController::setStatus() should be compatible with Admin\Controller\CommonController::setStatus($data, $models) C:\xampp\htdocs\cms\Application\Admin\Controller\MenuController.class.php 第 9 行.
NOTIC: [2] Declaration of Admin\Controller\MenuController::listorder() should be compatible with Admin\Controller\CommonController::listorder($model = '') C:\xampp\htdocs\cms\Application\Admin\Controller\MenuController.class.php 第 9 行.
NOTIC: [8] Undefined index: pageSize C:\xampp\htdocs\cms\Application\Admin\Controller\MenuController.class.php 第 58 行.
NOTIC: [2] Declaration of Admin\Model\MenuModel::find($id) should be compatible with Think\Model::find($options = Array) C:\xampp\htdocs\cms\Application\Admin\Model\MenuModel.class.php 第 5 行.
SQL: SHOW COLUMNS FROM `cms_menu` [ RunTime:0.0040s ]
SQL: SELECT * FROM `cms_menu` WHERE `status` <> -1 ORDER BY listorder desc, menu_id desc LIMIT 3,3   [ RunTime:0.0010s ]
SQL: SELECT COUNT(*) AS tp_count FROM `cms_menu` WHERE `status` <> -1 LIMIT 1   [ RunTime:0.0000s ]
INFO: [ view_parse ] --START--
INFO: [ template_filter ] --START--
INFO: Run Behavior\ContentReplaceBehavior [ RunTime:0.000000s ]
INFO: [ template_filter ] --END-- [ RunTime:0.000000s ]
SQL: SELECT * FROM `cms_menu` WHERE `status` <> -1 AND `type` = 1 ORDER BY listorder desc,menu_id desc  [ RunTime:0.0000s ]
NOTIC: [8] Undefined index: a C:\xampp\htdocs\cms\Application\Common\Common\function.php 第 41 行.
NOTIC: [8] Undefined index: a C:\xampp\htdocs\cms\Application\Common\Common\function.php 第 41 行.
NOTIC: [8] Undefined index: a C:\xampp\htdocs\cms\Application\Common\Common\function.php 第 41 行.
NOTIC: [8] Undefined index: a C:\xampp\htdocs\cms\Application\Common\Common\function.php 第 41 行.
NOTIC: [8] Undefined index: a C:\xampp\htdocs\cms\Application\Common\Common\function.php 第 41 行.
NOTIC: [8] Undefined index: a C:\xampp\htdocs\cms\Application\Common\Common\function.php 第 41 行.
NOTIC: [8] Undefined variable: nav C:\xampp\htdocs\cms\Application\Runtime\Cache\Admin\b956215329b6f9aca22277599a4efdfc.php 第 102 行.
INFO: Run Behavior\ParseTemplateBehavior [ RunTime:0.010001s ]
INFO: [ view_parse ] --END-- [ RunTime:0.010001s ]
INFO: [ view_filter ] --START--
INFO: Run Behavior\WriteHtmlCacheBehavior [ RunTime:0.001000s ]
INFO: [ view_filter ] --END-- [ RunTime:0.001000s ]
INFO: [ app_end ] --START--
INFO: Run Behavior\ShowPageTraceBehavior [ RunTime:0.001000s ]
INFO: [ app_end ] --END-- [ RunTime:0.001000s ]

[ 2017-04-17T00:22:39+08:00 ] ::1 /admin.php?m=Admin&c=Menu&a=index&p=1
INFO: [ app_init ] --START--
INFO: Run Behavior\BuildLiteBehavior [ RunTime:0.000000s ]
INFO: [ app_init ] --END-- [ RunTime:0.000000s ]
INFO: [ app_begin ] --START--
INFO: Run Behavior\ReadHtmlCacheBehavior [ RunTime:0.006000s ]
INFO: [ app_begin ] --END-- [ RunTime:0.006000s ]
NOTIC: [2] Declaration of Admin\Controller\MenuController::setStatus() should be compatible with Admin\Controller\CommonController::setStatus($data, $models) C:\xampp\htdocs\cms\Application\Admin\Controller\MenuController.class.php 第 9 行.
NOTIC: [2] Declaration of Admin\Controller\MenuController::listorder() should be compatible with Admin\Controller\CommonController::listorder($model = '') C:\xampp\htdocs\cms\Application\Admin\Controller\MenuController.class.php 第 9 行.
NOTIC: [8] Undefined index: pageSize C:\xampp\htdocs\cms\Application\Admin\Controller\MenuController.class.php 第 58 行.
NOTIC: [2] Declaration of Admin\Model\MenuModel::find($id) should be compatible with Think\Model::find($options = Array) C:\xampp\htdocs\cms\Application\Admin\Model\MenuModel.class.php 第 5 行.
SQL: SHOW COLUMNS FROM `cms_menu` [ RunTime:0.0040s ]
SQL: SELECT * FROM `cms_menu` WHERE `status` <> -1 ORDER BY listorder desc, menu_id desc LIMIT 0,3   [ RunTime:0.0020s ]
SQL: SELECT COUNT(*) AS tp_count FROM `cms_menu` WHERE `status` <> -1 LIMIT 1   [ RunTime:0.0010s ]
INFO: [ view_parse ] --START--
INFO: [ template_filter ] --START--
INFO: Run Behavior\ContentReplaceBehavior [ RunTime:0.000000s ]
INFO: [ template_filter ] --END-- [ RunTime:0.001000s ]
SQL: SELECT * FROM `cms_menu` WHERE `status` <> -1 AND `type` = 1 ORDER BY listorder desc,menu_id desc  [ RunTime:0.0010s ]
NOTIC: [8] Undefined index: a C:\xampp\htdocs\cms\Application\Common\Common\function.php 第 41 行.
NOTIC: [8] Undefined index: a C:\xampp\htdocs\cms\Application\Common\Common\function.php 第 41 行.
NOTIC: [8] Undefined index: a C:\xampp\htdocs\cms\Application\Common\Common\function.php 第 41 行.
NOTIC: [8] Undefined index: a C:\xampp\htdocs\cms\Application\Common\Common\function.php 第 41 行.
NOTIC: [8] Undefined index: a C:\xampp\htdocs\cms\Application\Common\Common\function.php 第 41 行.
NOTIC: [8] Undefined index: a C:\xampp\htdocs\cms\Application\Common\Common\function.php 第 41 行.
NOTIC: [8] Undefined variable: nav C:\xampp\htdocs\cms\Application\Runtime\Cache\Admin\b956215329b6f9aca22277599a4efdfc.php 第 102 行.
INFO: Run Behavior\ParseTemplateBehavior [ RunTime:0.023001s ]
INFO: [ view_parse ] --END-- [ RunTime:0.023001s ]
INFO: [ view_filter ] --START--
INFO: Run Behavior\WriteHtmlCacheBehavior [ RunTime:0.001000s ]
INFO: [ view_filter ] --END-- [ RunTime:0.001000s ]
INFO: [ app_end ] --START--
INFO: Run Behavior\ShowPageTraceBehavior [ RunTime:0.001000s ]
INFO: [ app_end ] --END-- [ RunTime:0.001000s ]

[ 2017-04-17T00:22:43+08:00 ] ::1 /admin.php?c=content
INFO: [ app_init ] --START--
INFO: Run Behavior\BuildLiteBehavior [ RunTime:0.000000s ]
INFO: [ app_init ] --END-- [ RunTime:0.001000s ]
INFO: [ app_begin ] --START--
INFO: Run Behavior\ReadHtmlCacheBehavior [ RunTime:0.001000s ]
INFO: [ app_begin ] --END-- [ RunTime:0.001000s ]
NOTIC: [2] Declaration of Admin\Controller\ContentController::setStatus() should be compatible with Admin\Controller\CommonController::setStatus($data, $models) C:\xampp\htdocs\cms\Application\Admin\Controller\ContentController.class.php 第 9 行.
NOTIC: [2] Declaration of Admin\Controller\ContentController::listorder() should be compatible with Admin\Controller\CommonController::listorder($model = '') C:\xampp\htdocs\cms\Application\Admin\Controller\ContentController.class.php 第 9 行.
NOTIC: [8] Undefined index: title C:\xampp\htdocs\cms\Application\Admin\Controller\ContentController.class.php 第 12 行.
NOTIC: [8] Undefined index: catid C:\xampp\htdocs\cms\Application\Admin\Controller\ContentController.class.php 第 17 行.
NOTIC: [8] Undefined index: p C:\xampp\htdocs\cms\Application\Admin\Controller\ContentController.class.php 第 23 行.
NOTIC: [2] Declaration of Admin\Model\NewsModel::find($id) should be compatible with Think\Model::find($options = Array) C:\xampp\htdocs\cms\Application\Admin\Model\NewsModel.class.php 第 8 行.
SQL: SHOW COLUMNS FROM `cms_news` [ RunTime:0.0040s ]
SQL: SELECT * FROM `cms_news` WHERE `status` <> -1 ORDER BY listorder desc ,news_id desc LIMIT 0,3   [ RunTime:0.0000s ]
SQL: SELECT COUNT(*) AS tp_count FROM `cms_news` WHERE `status` <> -1 LIMIT 1   [ RunTime:0.0010s ]
NOTIC: [2] Declaration of Admin\Model\MenuModel::find($id) should be compatible with Think\Model::find($options = Array) C:\xampp\htdocs\cms\Application\Admin\Model\MenuModel.class.php 第 110 行.
SQL: SHOW COLUMNS FROM `cms_menu` [ RunTime:0.0030s ]
SQL: SELECT * FROM `cms_menu` WHERE `status` = 1 AND `type` = 0 ORDER BY listorder desc,menu_id desc  [ RunTime:0.0000s ]
NOTIC: [2] Declaration of Admin\Model\PositionModel::find($id) should be compatible with Think\Model::find($options = Array) C:\xampp\htdocs\cms\Application\Admin\Model\PositionModel.class.php 第 71 行.
SQL: SHOW COLUMNS FROM `cms_position` [ RunTime:0.0080s ]
SQL: SELECT * FROM `cms_position` WHERE `status` <> -1 ORDER BY id  [ RunTime:0.0010s ]
INFO: [ view_parse ] --START--
INFO: [ template_filter ] --START--
INFO: Run Behavior\ContentReplaceBehavior [ RunTime:0.000000s ]
INFO: [ template_filter ] --END-- [ RunTime:0.000000s ]
SQL: SELECT * FROM `cms_menu` WHERE `status` <> -1 AND `type` = 1 ORDER BY listorder desc,menu_id desc  [ RunTime:0.0000s ]
NOTIC: [8] Undefined index: a C:\xampp\htdocs\cms\Application\Common\Common\function.php 第 41 行.
NOTIC: [8] Undefined index: a C:\xampp\htdocs\cms\Application\Common\Common\function.php 第 41 行.
NOTIC: [8] Undefined index: a C:\xampp\htdocs\cms\Application\Common\Common\function.php 第 41 行.
NOTIC: [8] Undefined index: a C:\xampp\htdocs\cms\Application\Common\Common\function.php 第 41 行.
NOTIC: [8] Undefined index: a C:\xampp\htdocs\cms\Application\Common\Common\function.php 第 41 行.
NOTIC: [8] Undefined index: a C:\xampp\htdocs\cms\Application\Common\Common\function.php 第 41 行.
NOTIC: [8] Undefined variable: catid C:\xampp\htdocs\cms\Application\Runtime\Cache\Admin\ccc9ced3ad798311a07cb47b740981c5.php 第 116 行.
NOTIC: [8] Undefined variable: catid C:\xampp\htdocs\cms\Application\Runtime\Cache\Admin\ccc9ced3ad798311a07cb47b740981c5.php 第 116 行.
NOTIC: [8] Undefined variable: catid C:\xampp\htdocs\cms\Application\Runtime\Cache\Admin\ccc9ced3ad798311a07cb47b740981c5.php 第 116 行.
NOTIC: [8] Undefined variable: title C:\xampp\htdocs\cms\Application\Runtime\Cache\Admin\ccc9ced3ad798311a07cb47b740981c5.php 第 124 行.
INFO: Run Behavior\ParseTemplateBehavior [ RunTime:0.015001s ]
INFO: [ view_parse ] --END-- [ RunTime:0.015001s ]
INFO: [ view_filter ] --START--
INFO: Run Behavior\WriteHtmlCacheBehavior [ RunTime:0.001000s ]
INFO: [ view_filter ] --END-- [ RunTime:0.001000s ]
INFO: [ app_end ] --START--
INFO: Run Behavior\ShowPageTraceBehavior [ RunTime:0.002000s ]
INFO: [ app_end ] --END-- [ RunTime:0.002000s ]

[ 2017-04-17T00:24:15+08:00 ] ::1 /admin.php?c=position
INFO: [ app_init ] --START--
INFO: Run Behavior\BuildLiteBehavior [ RunTime:0.000000s ]
INFO: [ app_init ] --END-- [ RunTime:0.001000s ]
INFO: [ app_begin ] --START--
INFO: Run Behavior\ReadHtmlCacheBehavior [ RunTime:0.003001s ]
INFO: [ app_begin ] --END-- [ RunTime:0.003001s ]
NOTIC: [2] Declaration of Admin\Controller\PositionController::setStatus() should be compatible with Admin\Controller\CommonController::setStatus($data, $models) C:\xampp\htdocs\cms\Application\Admin\Controller\PositionController.class.php 第 5 行.
NOTIC: [2] Declaration of Admin\Model\PositionModel::find($id) should be compatible with Think\Model::find($options = Array) C:\xampp\htdocs\cms\Application\Admin\Model\PositionModel.class.php 第 5 行.
SQL: SHOW COLUMNS FROM `cms_position` [ RunTime:0.0250s ]
SQL: SELECT * FROM `cms_position` WHERE `status` <> -1 ORDER BY id  [ RunTime:0.0000s ]
INFO: [ view_parse ] --START--
INFO: [ template_filter ] --START--
INFO: Run Behavior\ContentReplaceBehavior [ RunTime:0.000000s ]
INFO: [ template_filter ] --END-- [ RunTime:0.000000s ]
NOTIC: [2] Declaration of Admin\Model\MenuModel::find($id) should be compatible with Think\Model::find($options = Array) C:\xampp\htdocs\cms\Application\Admin\Model\MenuModel.class.php 第 110 行.
SQL: SHOW COLUMNS FROM `cms_menu` [ RunTime:0.0040s ]
SQL: SELECT * FROM `cms_menu` WHERE `status` <> -1 AND `type` = 1 ORDER BY listorder desc,menu_id desc  [ RunTime:0.0010s ]
NOTIC: [8] Undefined index: a C:\xampp\htdocs\cms\Application\Common\Common\function.php 第 41 行.
NOTIC: [8] Undefined index: a C:\xampp\htdocs\cms\Application\Common\Common\function.php 第 41 行.
NOTIC: [8] Undefined index: a C:\xampp\htdocs\cms\Application\Common\Common\function.php 第 41 行.
NOTIC: [8] Undefined index: a C:\xampp\htdocs\cms\Application\Common\Common\function.php 第 41 行.
NOTIC: [8] Undefined index: a C:\xampp\htdocs\cms\Application\Common\Common\function.php 第 41 行.
NOTIC: [8] Undefined index: a C:\xampp\htdocs\cms\Application\Common\Common\function.php 第 41 行.
NOTIC: [8] Undefined variable: nav C:\xampp\htdocs\cms\Application\Runtime\Cache\Admin\3a437f75b5b60a521a3ad0fc93a5ab5f.php 第 99 行.
INFO: Run Behavior\ParseTemplateBehavior [ RunTime:0.019001s ]
INFO: [ view_parse ] --END-- [ RunTime:0.019001s ]
INFO: [ view_filter ] --START--
INFO: Run Behavior\WriteHtmlCacheBehavior [ RunTime:0.001000s ]
INFO: [ view_filter ] --END-- [ RunTime:0.001000s ]
INFO: [ app_end ] --START--
INFO: Run Behavior\ShowPageTraceBehavior [ RunTime:0.002000s ]
INFO: [ app_end ] --END-- [ RunTime:0.002000s ]

[ 2017-04-17T00:24:25+08:00 ] ::1 /admin.php?c=content
INFO: [ app_init ] --START--
INFO: Run Behavior\BuildLiteBehavior [ RunTime:0.000000s ]
INFO: [ app_init ] --END-- [ RunTime:0.000000s ]
INFO: [ app_begin ] --START--
INFO: Run Behavior\ReadHtmlCacheBehavior [ RunTime:0.001000s ]
INFO: [ app_begin ] --END-- [ RunTime:0.001000s ]
NOTIC: [2] Declaration of Admin\Controller\ContentController::setStatus() should be compatible with Admin\Controller\CommonController::setStatus($data, $models) C:\xampp\htdocs\cms\Application\Admin\Controller\ContentController.class.php 第 9 行.
NOTIC: [2] Declaration of Admin\Controller\ContentController::listorder() should be compatible with Admin\Controller\CommonController::listorder($model = '') C:\xampp\htdocs\cms\Application\Admin\Controller\ContentController.class.php 第 9 行.
NOTIC: [8] Undefined index: title C:\xampp\htdocs\cms\Application\Admin\Controller\ContentController.class.php 第 12 行.
NOTIC: [8] Undefined index: catid C:\xampp\htdocs\cms\Application\Admin\Controller\ContentController.class.php 第 17 行.
NOTIC: [8] Undefined index: p C:\xampp\htdocs\cms\Application\Admin\Controller\ContentController.class.php 第 23 行.
NOTIC: [2] Declaration of Admin\Model\NewsModel::find($id) should be compatible with Think\Model::find($options = Array) C:\xampp\htdocs\cms\Application\Admin\Model\NewsModel.class.php 第 8 行.
SQL: SHOW COLUMNS FROM `cms_news` [ RunTime:0.0030s ]
SQL: SELECT * FROM `cms_news` WHERE `status` <> -1 ORDER BY listorder desc ,news_id desc LIMIT 0,3   [ RunTime:0.0010s ]
SQL: SELECT COUNT(*) AS tp_count FROM `cms_news` WHERE `status` <> -1 LIMIT 1   [ RunTime:0.0000s ]
NOTIC: [2] Declaration of Admin\Model\MenuModel::find($id) should be compatible with Think\Model::find($options = Array) C:\xampp\htdocs\cms\Application\Admin\Model\MenuModel.class.php 第 110 行.
SQL: SHOW COLUMNS FROM `cms_menu` [ RunTime:0.0040s ]
SQL: SELECT * FROM `cms_menu` WHERE `status` = 1 AND `type` = 0 ORDER BY listorder desc,menu_id desc  [ RunTime:0.0000s ]
NOTIC: [2] Declaration of Admin\Model\PositionModel::find($id) should be compatible with Think\Model::find($options = Array) C:\xampp\htdocs\cms\Application\Admin\Model\PositionModel.class.php 第 71 行.
SQL: SHOW COLUMNS FROM `cms_position` [ RunTime:0.0300s ]
SQL: SELECT * FROM `cms_position` WHERE `status` <> -1 ORDER BY id  [ RunTime:0.0010s ]
INFO: [ view_parse ] --START--
INFO: [ template_filter ] --START--
INFO: Run Behavior\ContentReplaceBehavior [ RunTime:0.000000s ]
INFO: [ template_filter ] --END-- [ RunTime:0.000000s ]
SQL: SELECT * FROM `cms_menu` WHERE `status` <> -1 AND `type` = 1 ORDER BY listorder desc,menu_id desc  [ RunTime:0.0000s ]
NOTIC: [8] Undefined index: a C:\xampp\htdocs\cms\Application\Common\Common\function.php 第 41 行.
NOTIC: [8] Undefined index: a C:\xampp\htdocs\cms\Application\Common\Common\function.php 第 41 行.
NOTIC: [8] Undefined index: a C:\xampp\htdocs\cms\Application\Common\Common\function.php 第 41 行.
NOTIC: [8] Undefined index: a C:\xampp\htdocs\cms\Application\Common\Common\function.php 第 41 行.
NOTIC: [8] Undefined index: a C:\xampp\htdocs\cms\Application\Common\Common\function.php 第 41 行.
NOTIC: [8] Undefined index: a C:\xampp\htdocs\cms\Application\Common\Common\function.php 第 41 行.
NOTIC: [8] Undefined variable: catid C:\xampp\htdocs\cms\Application\Runtime\Cache\Admin\ccc9ced3ad798311a07cb47b740981c5.php 第 116 行.
NOTIC: [8] Undefined variable: catid C:\xampp\htdocs\cms\Application\Runtime\Cache\Admin\ccc9ced3ad798311a07cb47b740981c5.php 第 116 行.
NOTIC: [8] Undefined variable: catid C:\xampp\htdocs\cms\Application\Runtime\Cache\Admin\ccc9ced3ad798311a07cb47b740981c5.php 第 116 行.
NOTIC: [8] Undefined variable: title C:\xampp\htdocs\cms\Application\Runtime\Cache\Admin\ccc9ced3ad798311a07cb47b740981c5.php 第 124 行.
INFO: Run Behavior\ParseTemplateBehavior [ RunTime:0.011000s ]
INFO: [ view_parse ] --END-- [ RunTime:0.011000s ]
INFO: [ view_filter ] --START--
INFO: Run Behavior\WriteHtmlCacheBehavior [ RunTime:0.000000s ]
INFO: [ view_filter ] --END-- [ RunTime:0.000000s ]
INFO: [ app_end ] --START--
INFO: Run Behavior\ShowPageTraceBehavior [ RunTime:0.001001s ]
INFO: [ app_end ] --END-- [ RunTime:0.001001s ]

[ 2017-04-17T00:24:35+08:00 ] ::1 /admin.php?c=positioncontent
INFO: [ app_init ] --START--
INFO: Run Behavior\BuildLiteBehavior [ RunTime:0.000000s ]
INFO: [ app_init ] --END-- [ RunTime:0.001000s ]
INFO: [ app_begin ] --START--
INFO: Run Behavior\ReadHtmlCacheBehavior [ RunTime:0.001000s ]
INFO: [ app_begin ] --END-- [ RunTime:0.001000s ]
NOTIC: [2] Declaration of Admin\Controller\PositioncontentController::setStatus() should be compatible with Admin\Controller\CommonController::setStatus($data, $models) C:\xampp\htdocs\cms\Application\Admin\Controller\PositioncontentController.class.php 第 5 行.
NOTIC: [2] Declaration of Admin\Controller\PositioncontentController::listorder() should be compatible with Admin\Controller\CommonController::listorder($model = '') C:\xampp\htdocs\cms\Application\Admin\Controller\PositioncontentController.class.php 第 5 行.
NOTIC: [2] Declaration of Admin\Model\PositionModel::find($id) should be compatible with Think\Model::find($options = Array) C:\xampp\htdocs\cms\Application\Admin\Model\PositionModel.class.php 第 5 行.
SQL: SHOW COLUMNS FROM `cms_position` [ RunTime:0.0030s ]
SQL: SELECT * FROM `cms_position` WHERE `status` <> -1 ORDER BY id  [ RunTime:0.0010s ]
NOTIC: [8] Undefined index: title C:\xampp\htdocs\cms\Application\Admin\Controller\PositioncontentController.class.php 第 12 行.
NOTIC: [8] Undefined index: position_id C:\xampp\htdocs\cms\Application\Admin\Controller\PositioncontentController.class.php 第 17 行.
NOTIC: [8] Undefined index: p C:\xampp\htdocs\cms\Application\Admin\Controller\PositioncontentController.class.php 第 23 行.
NOTIC: [8] Undefined index: pageSize C:\xampp\htdocs\cms\Application\Admin\Controller\PositioncontentController.class.php 第 24 行.
NOTIC: [2] Declaration of Admin\Model\PositionContentModel::find($id) should be compatible with Think\Model::find($options = Array) C:\xampp\htdocs\cms\Application\Admin\Model\PositionContentModel.class.php 第 100 行.
SQL: SHOW COLUMNS FROM `cms_position_content` [ RunTime:0.0030s ]
SQL: SELECT * FROM `cms_position_content` WHERE `status` <> -1 ORDER BY listorder desc, id desc LIMIT 0,2   [ RunTime:0.0000s ]
SQL: SELECT COUNT(*) AS tp_count FROM `cms_position_content` WHERE `status` <> -1 LIMIT 1   [ RunTime:0.0000s ]
INFO: [ view_parse ] --START--
INFO: [ template_filter ] --START--
INFO: Run Behavior\ContentReplaceBehavior [ RunTime:0.000000s ]
INFO: [ template_filter ] --END-- [ RunTime:0.000000s ]
NOTIC: [2] Declaration of Admin\Model\MenuModel::find($id) should be compatible with Think\Model::find($options = Array) C:\xampp\htdocs\cms\Application\Admin\Model\MenuModel.class.php 第 110 行.
SQL: SHOW COLUMNS FROM `cms_menu` [ RunTime:0.0050s ]
SQL: SELECT * FROM `cms_menu` WHERE `status` <> -1 AND `type` = 1 ORDER BY listorder desc,menu_id desc  [ RunTime:0.0000s ]
NOTIC: [8] Undefined index: a C:\xampp\htdocs\cms\Application\Common\Common\function.php 第 41 行.
NOTIC: [8] Undefined index: a C:\xampp\htdocs\cms\Application\Common\Common\function.php 第 41 行.
NOTIC: [8] Undefined index: a C:\xampp\htdocs\cms\Application\Common\Common\function.php 第 41 行.
NOTIC: [8] Undefined index: a C:\xampp\htdocs\cms\Application\Common\Common\function.php 第 41 行.
NOTIC: [8] Undefined index: a C:\xampp\htdocs\cms\Application\Common\Common\function.php 第 41 行.
NOTIC: [8] Undefined index: a C:\xampp\htdocs\cms\Application\Common\Common\function.php 第 41 行.
NOTIC: [8] Undefined variable: positionId C:\xampp\htdocs\cms\Application\Runtime\Cache\Admin\b8a8b9d170e6c07d7b463ea02385894d.php 第 114 行.
NOTIC: [8] Undefined variable: positionId C:\xampp\htdocs\cms\Application\Runtime\Cache\Admin\b8a8b9d170e6c07d7b463ea02385894d.php 第 114 行.
NOTIC: [8] Undefined variable: positionId C:\xampp\htdocs\cms\Application\Runtime\Cache\Admin\b8a8b9d170e6c07d7b463ea02385894d.php 第 114 行.
NOTIC: [8] Undefined variable: title C:\xampp\htdocs\cms\Application\Runtime\Cache\Admin\b8a8b9d170e6c07d7b463ea02385894d.php 第 122 行.
INFO: Run Behavior\ParseTemplateBehavior [ RunTime:0.019001s ]
INFO: [ view_parse ] --END-- [ RunTime:0.019001s ]
INFO: [ view_filter ] --START--
INFO: Run Behavior\WriteHtmlCacheBehavior [ RunTime:0.000000s ]
INFO: [ view_filter ] --END-- [ RunTime:0.000000s ]
INFO: [ app_end ] --START--
INFO: Run Behavior\ShowPageTraceBehavior [ RunTime:0.002000s ]
INFO: [ app_end ] --END-- [ RunTime:0.002000s ]

[ 2017-04-17T00:24:37+08:00 ] ::1 /admin.php?c=position
INFO: [ app_init ] --START--
INFO: Run Behavior\BuildLiteBehavior [ RunTime:0.000000s ]
INFO: [ app_init ] --END-- [ RunTime:0.000000s ]
INFO: [ app_begin ] --START--
INFO: Run Behavior\ReadHtmlCacheBehavior [ RunTime:0.001000s ]
INFO: [ app_begin ] --END-- [ RunTime:0.001000s ]
NOTIC: [2] Declaration of Admin\Controller\PositionController::setStatus() should be compatible with Admin\Controller\CommonController::setStatus($data, $models) C:\xampp\htdocs\cms\Application\Admin\Controller\PositionController.class.php 第 5 行.
NOTIC: [2] Declaration of Admin\Model\PositionModel::find($id) should be compatible with Think\Model::find($options = Array) C:\xampp\htdocs\cms\Application\Admin\Model\PositionModel.class.php 第 5 行.
SQL: SHOW COLUMNS FROM `cms_position` [ RunTime:0.0030s ]
SQL: SELECT * FROM `cms_position` WHERE `status` <> -1 ORDER BY id  [ RunTime:0.0010s ]
INFO: [ view_parse ] --START--
INFO: [ template_filter ] --START--
INFO: Run Behavior\ContentReplaceBehavior [ RunTime:0.000000s ]
INFO: [ template_filter ] --END-- [ RunTime:0.000000s ]
NOTIC: [2] Declaration of Admin\Model\MenuModel::find($id) should be compatible with Think\Model::find($options = Array) C:\xampp\htdocs\cms\Application\Admin\Model\MenuModel.class.php 第 110 行.
SQL: SHOW COLUMNS FROM `cms_menu` [ RunTime:0.0030s ]
SQL: SELECT * FROM `cms_menu` WHERE `status` <> -1 AND `type` = 1 ORDER BY listorder desc,menu_id desc  [ RunTime:0.0010s ]
NOTIC: [8] Undefined index: a C:\xampp\htdocs\cms\Application\Common\Common\function.php 第 41 行.
NOTIC: [8] Undefined index: a C:\xampp\htdocs\cms\Application\Common\Common\function.php 第 41 行.
NOTIC: [8] Undefined index: a C:\xampp\htdocs\cms\Application\Common\Common\function.php 第 41 行.
NOTIC: [8] Undefined index: a C:\xampp\htdocs\cms\Application\Common\Common\function.php 第 41 行.
NOTIC: [8] Undefined index: a C:\xampp\htdocs\cms\Application\Common\Common\function.php 第 41 行.
NOTIC: [8] Undefined index: a C:\xampp\htdocs\cms\Application\Common\Common\function.php 第 41 行.
NOTIC: [8] Undefined variable: nav C:\xampp\htdocs\cms\Application\Runtime\Cache\Admin\3a437f75b5b60a521a3ad0fc93a5ab5f.php 第 99 行.
INFO: Run Behavior\ParseTemplateBehavior [ RunTime:0.019001s ]
INFO: [ view_parse ] --END-- [ RunTime:0.019001s ]
INFO: [ view_filter ] --START--
INFO: Run Behavior\WriteHtmlCacheBehavior [ RunTime:0.001001s ]
INFO: [ view_filter ] --END-- [ RunTime:0.001001s ]
INFO: [ app_end ] --START--
INFO: Run Behavior\ShowPageTraceBehavior [ RunTime:0.001000s ]
INFO: [ app_end ] --END-- [ RunTime:0.001000s ]

[ 2017-04-17T00:25:14+08:00 ] ::1 /admin.php?c=positioncontent
INFO: [ app_init ] --START--
INFO: Run Behavior\BuildLiteBehavior [ RunTime:0.000000s ]
INFO: [ app_init ] --END-- [ RunTime:0.000000s ]
INFO: [ app_begin ] --START--
INFO: Run Behavior\ReadHtmlCacheBehavior [ RunTime:0.002001s ]
INFO: [ app_begin ] --END-- [ RunTime:0.002001s ]
NOTIC: [2] Declaration of Admin\Controller\PositioncontentController::setStatus() should be compatible with Admin\Controller\CommonController::setStatus($data, $models) C:\xampp\htdocs\cms\Application\Admin\Controller\PositioncontentController.class.php 第 5 行.
NOTIC: [2] Declaration of Admin\Controller\PositioncontentController::listorder() should be compatible with Admin\Controller\CommonController::listorder($model = '') C:\xampp\htdocs\cms\Application\Admin\Controller\PositioncontentController.class.php 第 5 行.
NOTIC: [2] Declaration of Admin\Model\PositionModel::find($id) should be compatible with Think\Model::find($options = Array) C:\xampp\htdocs\cms\Application\Admin\Model\PositionModel.class.php 第 5 行.
SQL: SHOW COLUMNS FROM `cms_position` [ RunTime:0.0030s ]
SQL: SELECT * FROM `cms_position` WHERE `status` <> -1 ORDER BY id  [ RunTime:0.0010s ]
NOTIC: [8] Undefined index: title C:\xampp\htdocs\cms\Application\Admin\Controller\PositioncontentController.class.php 第 12 行.
NOTIC: [8] Undefined index: position_id C:\xampp\htdocs\cms\Application\Admin\Controller\PositioncontentController.class.php 第 17 行.
NOTIC: [8] Undefined index: p C:\xampp\htdocs\cms\Application\Admin\Controller\PositioncontentController.class.php 第 23 行.
NOTIC: [8] Undefined index: pageSize C:\xampp\htdocs\cms\Application\Admin\Controller\PositioncontentController.class.php 第 24 行.
NOTIC: [2] Declaration of Admin\Model\PositionContentModel::find($id) should be compatible with Think\Model::find($options = Array) C:\xampp\htdocs\cms\Application\Admin\Model\PositionContentModel.class.php 第 100 行.
SQL: SHOW COLUMNS FROM `cms_position_content` [ RunTime:0.0030s ]
SQL: SELECT * FROM `cms_position_content` WHERE `status` <> -1 ORDER BY listorder desc, id desc LIMIT 0,2   [ RunTime:0.0000s ]
SQL: SELECT COUNT(*) AS tp_count FROM `cms_position_content` WHERE `status` <> -1 LIMIT 1   [ RunTime:0.0000s ]
INFO: [ view_parse ] --START--
INFO: [ template_filter ] --START--
INFO: Run Behavior\ContentReplaceBehavior [ RunTime:0.000000s ]
INFO: [ template_filter ] --END-- [ RunTime:0.000000s ]
NOTIC: [2] Declaration of Admin\Model\MenuModel::find($id) should be compatible with Think\Model::find($options = Array) C:\xampp\htdocs\cms\Application\Admin\Model\MenuModel.class.php 第 110 行.
SQL: SHOW COLUMNS FROM `cms_menu` [ RunTime:0.0040s ]
SQL: SELECT * FROM `cms_menu` WHERE `status` <> -1 AND `type` = 1 ORDER BY listorder desc,menu_id desc  [ RunTime:0.0010s ]
NOTIC: [8] Undefined index: a C:\xampp\htdocs\cms\Application\Common\Common\function.php 第 41 行.
NOTIC: [8] Undefined index: a C:\xampp\htdocs\cms\Application\Common\Common\function.php 第 41 行.
NOTIC: [8] Undefined index: a C:\xampp\htdocs\cms\Application\Common\Common\function.php 第 41 行.
NOTIC: [8] Undefined index: a C:\xampp\htdocs\cms\Application\Common\Common\function.php 第 41 行.
NOTIC: [8] Undefined index: a C:\xampp\htdocs\cms\Application\Common\Common\function.php 第 41 行.
NOTIC: [8] Undefined index: a C:\xampp\htdocs\cms\Application\Common\Common\function.php 第 41 行.
NOTIC: [8] Undefined variable: positionId C:\xampp\htdocs\cms\Application\Runtime\Cache\Admin\b8a8b9d170e6c07d7b463ea02385894d.php 第 114 行.
NOTIC: [8] Undefined variable: positionId C:\xampp\htdocs\cms\Application\Runtime\Cache\Admin\b8a8b9d170e6c07d7b463ea02385894d.php 第 114 行.
NOTIC: [8] Undefined variable: positionId C:\xampp\htdocs\cms\Application\Runtime\Cache\Admin\b8a8b9d170e6c07d7b463ea02385894d.php 第 114 行.
NOTIC: [8] Undefined variable: title C:\xampp\htdocs\cms\Application\Runtime\Cache\Admin\b8a8b9d170e6c07d7b463ea02385894d.php 第 122 行.
INFO: Run Behavior\ParseTemplateBehavior [ RunTime:0.015001s ]
INFO: [ view_parse ] --END-- [ RunTime:0.015001s ]
INFO: [ view_filter ] --START--
INFO: Run Behavior\WriteHtmlCacheBehavior [ RunTime:0.001000s ]
INFO: [ view_filter ] --END-- [ RunTime:0.001000s ]
INFO: [ app_end ] --START--
INFO: Run Behavior\ShowPageTraceBehavior [ RunTime:0.001000s ]
INFO: [ app_end ] --END-- [ RunTime:0.001000s ]

[ 2017-04-17T00:25:16+08:00 ] ::1 /admin.php?c=admin
INFO: [ app_init ] --START--
INFO: Run Behavior\BuildLiteBehavior [ RunTime:0.000000s ]
INFO: [ app_init ] --END-- [ RunTime:0.000000s ]
INFO: [ app_begin ] --START--
INFO: Run Behavior\ReadHtmlCacheBehavior [ RunTime:0.004000s ]
INFO: [ app_begin ] --END-- [ RunTime:0.004000s ]
NOTIC: [2] Declaration of Admin\Controller\AdminController::setStatus() should be compatible with Admin\Controller\CommonController::setStatus($data, $models) C:\xampp\htdocs\cms\Application\Admin\Controller\AdminController.class.php 第 9 行.
SQL: SHOW COLUMNS FROM `cms_admin` [ RunTime:0.0040s ]
SQL: SELECT * FROM `cms_admin` WHERE `status` <> -1  [ RunTime:0.0150s ]
INFO: [ view_parse ] --START--
INFO: [ template_filter ] --START--
INFO: Run Behavior\ContentReplaceBehavior [ RunTime:0.000000s ]
INFO: [ template_filter ] --END-- [ RunTime:0.000000s ]
NOTIC: [2] Declaration of Admin\Model\MenuModel::find($id) should be compatible with Think\Model::find($options = Array) C:\xampp\htdocs\cms\Application\Admin\Model\MenuModel.class.php 第 110 行.
SQL: SHOW COLUMNS FROM `cms_menu` [ RunTime:0.0030s ]
SQL: SELECT * FROM `cms_menu` WHERE `status` <> -1 AND `type` = 1 ORDER BY listorder desc,menu_id desc  [ RunTime:0.0010s ]
NOTIC: [8] Undefined index: a C:\xampp\htdocs\cms\Application\Common\Common\function.php 第 41 行.
NOTIC: [8] Undefined index: a C:\xampp\htdocs\cms\Application\Common\Common\function.php 第 41 行.
NOTIC: [8] Undefined index: a C:\xampp\htdocs\cms\Application\Common\Common\function.php 第 41 行.
NOTIC: [8] Undefined index: a C:\xampp\htdocs\cms\Application\Common\Common\function.php 第 41 行.
NOTIC: [8] Undefined index: a C:\xampp\htdocs\cms\Application\Common\Common\function.php 第 41 行.
NOTIC: [8] Undefined index: a C:\xampp\htdocs\cms\Application\Common\Common\function.php 第 41 行.
NOTIC: [8] Undefined variable: nav C:\xampp\htdocs\cms\Application\Runtime\Cache\Admin\b682812e058c4f7cab74d08ab9eabe11.php 第 102 行.
INFO: Run Behavior\ParseTemplateBehavior [ RunTime:0.032001s ]
INFO: [ view_parse ] --END-- [ RunTime:0.032001s ]
INFO: [ view_filter ] --START--
INFO: Run Behavior\WriteHtmlCacheBehavior [ RunTime:0.001000s ]
INFO: [ view_filter ] --END-- [ RunTime:0.001000s ]
INFO: [ app_end ] --START--
INFO: Run Behavior\ShowPageTraceBehavior [ RunTime:0.000000s ]
INFO: [ app_end ] --END-- [ RunTime:0.000000s ]

[ 2017-04-17T22:06:20+08:00 ] ::1 /admin.php?c=basic
INFO: [ app_init ] --START--
INFO: Run Behavior\BuildLiteBehavior [ RunTime:0.000000s ]
INFO: [ app_init ] --END-- [ RunTime:0.001000s ]
INFO: [ app_begin ] --START--
INFO: Run Behavior\ReadHtmlCacheBehavior [ RunTime:0.001000s ]
INFO: [ app_begin ] --END-- [ RunTime:0.001000s ]
NOTIC: [2] Declaration of Admin\Model\BasicModel::save($data = Array) should be compatible with Think\Model::save($data = '', $options = Array) C:\xampp\htdocs\cms\Application\Admin\Model\BasicModel.class.php 第 6 行.
NOTIC: [2] Declaration of Admin\Model\BasicModel::select() should be compatible with Think\Model::select($options = Array) C:\xampp\htdocs\cms\Application\Admin\Model\BasicModel.class.php 第 6 行.
INFO: [ view_parse ] --START--
INFO: [ template_filter ] --START--
INFO: Run Behavior\ContentReplaceBehavior [ RunTime:0.000000s ]
INFO: [ template_filter ] --END-- [ RunTime:0.000000s ]
NOTIC: [2] Declaration of Admin\Model\MenuModel::find($id) should be compatible with Think\Model::find($options = Array) C:\xampp\htdocs\cms\Application\Admin\Model\MenuModel.class.php 第 110 行.
SQL: SHOW COLUMNS FROM `cms_menu` [ RunTime:0.0170s ]
SQL: SELECT * FROM `cms_menu` WHERE `status` <> -1 AND `type` = 1 ORDER BY listorder desc,menu_id desc  [ RunTime:0.0000s ]
NOTIC: [8] Undefined index: a C:\xampp\htdocs\cms\Application\Common\Common\function.php 第 41 行.
NOTIC: [8] Undefined index: a C:\xampp\htdocs\cms\Application\Common\Common\function.php 第 41 行.
NOTIC: [8] Undefined index: a C:\xampp\htdocs\cms\Application\Common\Common\function.php 第 41 行.
NOTIC: [8] Undefined index: a C:\xampp\htdocs\cms\Application\Common\Common\function.php 第 41 行.
NOTIC: [8] Undefined index: a C:\xampp\htdocs\cms\Application\Common\Common\function.php 第 41 行.
NOTIC: [8] Undefined index: a C:\xampp\htdocs\cms\Application\Common\Common\function.php 第 41 行.
INFO: Run Behavior\ParseTemplateBehavior [ RunTime:0.051003s ]
INFO: [ view_parse ] --END-- [ RunTime:0.051003s ]
INFO: [ view_filter ] --START--
INFO: Run Behavior\WriteHtmlCacheBehavior [ RunTime:0.001000s ]
INFO: [ view_filter ] --END-- [ RunTime:0.001000s ]
INFO: [ app_end ] --START--
INFO: Run Behavior\ShowPageTraceBehavior [ RunTime:0.001000s ]
INFO: [ app_end ] --END-- [ RunTime:0.001000s ]

[ 2017-04-17T22:06:35+08:00 ] ::1 /admin.php?c=basic&a=cache
INFO: [ app_init ] --START--
INFO: Run Behavior\BuildLiteBehavior [ RunTime:0.000000s ]
INFO: [ app_init ] --END-- [ RunTime:0.001000s ]
INFO: [ app_begin ] --START--
INFO: Run Behavior\ReadHtmlCacheBehavior [ RunTime:0.001000s ]
INFO: [ app_begin ] --END-- [ RunTime:0.001000s ]
INFO: [ view_parse ] --START--
INFO: [ template_filter ] --START--
INFO: Run Behavior\ContentReplaceBehavior [ RunTime:0.000000s ]
INFO: [ template_filter ] --END-- [ RunTime:0.000000s ]
NOTIC: [2] Declaration of Admin\Model\MenuModel::find($id) should be compatible with Think\Model::find($options = Array) C:\xampp\htdocs\cms\Application\Admin\Model\MenuModel.class.php 第 5 行.
SQL: SHOW COLUMNS FROM `cms_menu` [ RunTime:0.0030s ]
SQL: SELECT * FROM `cms_menu` WHERE `status` <> -1 AND `type` = 1 ORDER BY listorder desc,menu_id desc  [ RunTime:0.0010s ]
NOTIC: [8] Undefined index: a C:\xampp\htdocs\cms\Application\Common\Common\function.php 第 41 行.
NOTIC: [8] Undefined index: a C:\xampp\htdocs\cms\Application\Common\Common\function.php 第 41 行.
NOTIC: [8] Undefined index: a C:\xampp\htdocs\cms\Application\Common\Common\function.php 第 41 行.
NOTIC: [8] Undefined index: a C:\xampp\htdocs\cms\Application\Common\Common\function.php 第 41 行.
NOTIC: [8] Undefined index: a C:\xampp\htdocs\cms\Application\Common\Common\function.php 第 41 行.
NOTIC: [8] Undefined index: a C:\xampp\htdocs\cms\Application\Common\Common\function.php 第 41 行.
INFO: Run Behavior\ParseTemplateBehavior [ RunTime:0.079004s ]
INFO: [ view_parse ] --END-- [ RunTime:0.079004s ]
INFO: [ view_filter ] --START--
INFO: Run Behavior\WriteHtmlCacheBehavior [ RunTime:0.001000s ]
INFO: [ view_filter ] --END-- [ RunTime:0.001000s ]
INFO: [ app_end ] --START--
INFO: Run Behavior\ShowPageTraceBehavior [ RunTime:0.001000s ]
INFO: [ app_end ] --END-- [ RunTime:0.001000s ]

[ 2017-04-17T22:11:05+08:00 ] ::1 /admin.php?c=basic&a=cache
INFO: [ app_init ] --START--
INFO: Run Behavior\BuildLiteBehavior [ RunTime:0.000000s ]
INFO: [ app_init ] --END-- [ RunTime:0.000000s ]
INFO: [ app_begin ] --START--
INFO: Run Behavior\ReadHtmlCacheBehavior [ RunTime:0.001000s ]
INFO: [ app_begin ] --END-- [ RunTime:0.001000s ]
INFO: [ view_parse ] --START--
INFO: [ template_filter ] --START--
INFO: Run Behavior\ContentReplaceBehavior [ RunTime:0.000000s ]
INFO: [ template_filter ] --END-- [ RunTime:0.000000s ]
NOTIC: [2] Declaration of Admin\Model\MenuModel::find($id) should be compatible with Think\Model::find($options = Array) C:\xampp\htdocs\cms\Application\Admin\Model\MenuModel.class.php 第 5 行.
SQL: SHOW COLUMNS FROM `cms_menu` [ RunTime:0.0030s ]
SQL: SELECT * FROM `cms_menu` WHERE `status` <> -1 AND `type` = 1 ORDER BY listorder desc,menu_id desc  [ RunTime:0.0000s ]
NOTIC: [8] Undefined index: a C:\xampp\htdocs\cms\Application\Common\Common\function.php 第 41 行.
NOTIC: [8] Undefined index: a C:\xampp\htdocs\cms\Application\Common\Common\function.php 第 41 行.
NOTIC: [8] Undefined index: a C:\xampp\htdocs\cms\Application\Common\Common\function.php 第 41 行.
NOTIC: [8] Undefined index: a C:\xampp\htdocs\cms\Application\Common\Common\function.php 第 41 行.
NOTIC: [8] Undefined index: a C:\xampp\htdocs\cms\Application\Common\Common\function.php 第 41 行.
NOTIC: [8] Undefined index: a C:\xampp\htdocs\cms\Application\Common\Common\function.php 第 41 行.
INFO: Run Behavior\ParseTemplateBehavior [ RunTime:0.043003s ]
INFO: [ view_parse ] --END-- [ RunTime:0.043003s ]
INFO: [ view_filter ] --START--
INFO: Run Behavior\WriteHtmlCacheBehavior [ RunTime:0.001000s ]
INFO: [ view_filter ] --END-- [ RunTime:0.001000s ]
INFO: [ app_end ] --START--
INFO: Run Behavior\ShowPageTraceBehavior [ RunTime:0.001000s ]
INFO: [ app_end ] --END-- [ RunTime:0.001000s ]

[ 2017-04-17T22:23:12+08:00 ] ::1 /admin.php?c=menu
INFO: [ app_init ] --START--
INFO: Run Behavior\BuildLiteBehavior [ RunTime:0.000000s ]
INFO: [ app_init ] --END-- [ RunTime:0.000000s ]
INFO: [ app_begin ] --START--
INFO: Run Behavior\ReadHtmlCacheBehavior [ RunTime:0.000000s ]
INFO: [ app_begin ] --END-- [ RunTime:0.001000s ]
NOTIC: [2] Declaration of Admin\Controller\MenuController::setStatus() should be compatible with Admin\Controller\CommonController::setStatus($data, $models) C:\xampp\htdocs\cms\Application\Admin\Controller\MenuController.class.php 第 9 行.
NOTIC: [2] Declaration of Admin\Controller\MenuController::listorder() should be compatible with Admin\Controller\CommonController::listorder($model = '') C:\xampp\htdocs\cms\Application\Admin\Controller\MenuController.class.php 第 9 行.
NOTIC: [8] Undefined index: p C:\xampp\htdocs\cms\Application\Admin\Controller\MenuController.class.php 第 57 行.
NOTIC: [8] Undefined index: pageSize C:\xampp\htdocs\cms\Application\Admin\Controller\MenuController.class.php 第 58 行.
NOTIC: [2] Declaration of Admin\Model\MenuModel::find($id) should be compatible with Think\Model::find($options = Array) C:\xampp\htdocs\cms\Application\Admin\Model\MenuModel.class.php 第 5 行.
SQL: SHOW COLUMNS FROM `cms_menu` [ RunTime:0.1440s ]
SQL: SELECT * FROM `cms_menu` WHERE `status` <> -1 ORDER BY listorder desc, menu_id desc LIMIT 0,3   [ RunTime:0.0000s ]
SQL: SELECT COUNT(*) AS tp_count FROM `cms_menu` WHERE `status` <> -1 LIMIT 1   [ RunTime:0.0000s ]
INFO: [ view_parse ] --START--
INFO: [ template_filter ] --START--
INFO: Run Behavior\ContentReplaceBehavior [ RunTime:0.000000s ]
INFO: [ template_filter ] --END-- [ RunTime:0.000000s ]
SQL: SELECT * FROM `cms_menu` WHERE `status` <> -1 AND `type` = 1 ORDER BY listorder desc,menu_id desc  [ RunTime:0.0000s ]
NOTIC: [8] Undefined index: a C:\xampp\htdocs\cms\Application\Common\Common\function.php 第 41 行.
NOTIC: [8] Undefined index: a C:\xampp\htdocs\cms\Application\Common\Common\function.php 第 41 行.
NOTIC: [8] Undefined index: a C:\xampp\htdocs\cms\Application\Common\Common\function.php 第 41 行.
NOTIC: [8] Undefined index: a C:\xampp\htdocs\cms\Application\Common\Common\function.php 第 41 行.
NOTIC: [8] Undefined index: a C:\xampp\htdocs\cms\Application\Common\Common\function.php 第 41 行.
NOTIC: [8] Undefined index: a C:\xampp\htdocs\cms\Application\Common\Common\function.php 第 41 行.
NOTIC: [8] Undefined variable: nav C:\xampp\htdocs\cms\Application\Runtime\Cache\Admin\b956215329b6f9aca22277599a4efdfc.php 第 102 行.
INFO: Run Behavior\ParseTemplateBehavior [ RunTime:0.008000s ]
INFO: [ view_parse ] --END-- [ RunTime:0.008000s ]
INFO: [ view_filter ] --START--
INFO: Run Behavior\WriteHtmlCacheBehavior [ RunTime:0.001000s ]
INFO: [ view_filter ] --END-- [ RunTime:0.001000s ]
INFO: [ app_end ] --START--
INFO: Run Behavior\ShowPageTraceBehavior [ RunTime:0.001000s ]
INFO: [ app_end ] --END-- [ RunTime:0.001000s ]

[ 2017-04-17T22:23:13+08:00 ] ::1 /admin.php?c=basic
INFO: [ app_init ] --START--
INFO: Run Behavior\BuildLiteBehavior [ RunTime:0.000000s ]
INFO: [ app_init ] --END-- [ RunTime:0.001000s ]
INFO: [ app_begin ] --START--
INFO: Run Behavior\ReadHtmlCacheBehavior [ RunTime:0.001000s ]
INFO: [ app_begin ] --END-- [ RunTime:0.001000s ]
NOTIC: [2] Declaration of Admin\Model\BasicModel::save($data = Array) should be compatible with Think\Model::save($data = '', $options = Array) C:\xampp\htdocs\cms\Application\Admin\Model\BasicModel.class.php 第 6 行.
ERR: Call to a member function select() on null

[ 2017-04-17T22:24:26+08:00 ] ::1 /admin.php?c=basic
INFO: [ app_init ] --START--
INFO: Run Behavior\BuildLiteBehavior [ RunTime:0.000000s ]
INFO: [ app_init ] --END-- [ RunTime:0.001000s ]
INFO: [ app_begin ] --START--
INFO: Run Behavior\ReadHtmlCacheBehavior [ RunTime:0.002000s ]
INFO: [ app_begin ] --END-- [ RunTime:0.002000s ]
NOTIC: [2] Declaration of Admin\Model\BasicModel::save($data = Array) should be compatible with Think\Model::save($data = '', $options = Array) C:\xampp\htdocs\cms\Application\Admin\Model\BasicModel.class.php 第 6 行.
NOTIC: [2] Declaration of Admin\Model\BasicModel::select() should be compatible with Think\Model::select($options = Array) C:\xampp\htdocs\cms\Application\Admin\Model\BasicModel.class.php 第 6 行.
INFO: [ view_parse ] --START--
INFO: [ template_filter ] --START--
INFO: Run Behavior\ContentReplaceBehavior [ RunTime:0.000000s ]
INFO: [ template_filter ] --END-- [ RunTime:0.000000s ]
NOTIC: [2] Declaration of Admin\Model\MenuModel::find($id) should be compatible with Think\Model::find($options = Array) C:\xampp\htdocs\cms\Application\Admin\Model\MenuModel.class.php 第 110 行.
SQL: SHOW COLUMNS FROM `cms_menu` [ RunTime:0.0040s ]
SQL: SELECT * FROM `cms_menu` WHERE `status` <> -1 AND `type` = 1 ORDER BY listorder desc,menu_id desc  [ RunTime:0.0010s ]
NOTIC: [8] Undefined index: a C:\xampp\htdocs\cms\Application\Common\Common\function.php 第 41 行.
NOTIC: [8] Undefined index: a C:\xampp\htdocs\cms\Application\Common\Common\function.php 第 41 行.
NOTIC: [8] Undefined index: a C:\xampp\htdocs\cms\Application\Common\Common\function.php 第 41 行.
NOTIC: [8] Undefined index: a C:\xampp\htdocs\cms\Application\Common\Common\function.php 第 41 行.
NOTIC: [8] Undefined index: a C:\xampp\htdocs\cms\Application\Common\Common\function.php 第 41 行.
NOTIC: [8] Undefined index: a C:\xampp\htdocs\cms\Application\Common\Common\function.php 第 41 行.
INFO: Run Behavior\ParseTemplateBehavior [ RunTime:0.043002s ]
INFO: [ view_parse ] --END-- [ RunTime:0.043002s ]
INFO: [ view_filter ] --START--
INFO: Run Behavior\WriteHtmlCacheBehavior [ RunTime:0.001000s ]
INFO: [ view_filter ] --END-- [ RunTime:0.001000s ]
INFO: [ app_end ] --START--
INFO: Run Behavior\ShowPageTraceBehavior [ RunTime:0.001000s ]
INFO: [ app_end ] --END-- [ RunTime:0.001000s ]

[ 2017-04-17T22:24:27+08:00 ] ::1 /admin.php?c=basic
INFO: [ app_init ] --START--
INFO: Run Behavior\BuildLiteBehavior [ RunTime:0.000000s ]
INFO: [ app_init ] --END-- [ RunTime:0.000000s ]
INFO: [ app_begin ] --START--
INFO: Run Behavior\ReadHtmlCacheBehavior [ RunTime:0.001000s ]
INFO: [ app_begin ] --END-- [ RunTime:0.001000s ]
NOTIC: [2] Declaration of Admin\Model\BasicModel::save($data = Array) should be compatible with Think\Model::save($data = '', $options = Array) C:\xampp\htdocs\cms\Application\Admin\Model\BasicModel.class.php 第 6 行.
NOTIC: [2] Declaration of Admin\Model\BasicModel::select() should be compatible with Think\Model::select($options = Array) C:\xampp\htdocs\cms\Application\Admin\Model\BasicModel.class.php 第 6 行.
INFO: [ view_parse ] --START--
INFO: [ template_filter ] --START--
INFO: Run Behavior\ContentReplaceBehavior [ RunTime:0.001000s ]
INFO: [ template_filter ] --END-- [ RunTime:0.001000s ]
NOTIC: [2] Declaration of Admin\Model\MenuModel::find($id) should be compatible with Think\Model::find($options = Array) C:\xampp\htdocs\cms\Application\Admin\Model\MenuModel.class.php 第 110 行.
SQL: SHOW COLUMNS FROM `cms_menu` [ RunTime:0.0030s ]
SQL: SELECT * FROM `cms_menu` WHERE `status` <> -1 AND `type` = 1 ORDER BY listorder desc,menu_id desc  [ RunTime:0.0010s ]
NOTIC: [8] Undefined index: a C:\xampp\htdocs\cms\Application\Common\Common\function.php 第 41 行.
NOTIC: [8] Undefined index: a C:\xampp\htdocs\cms\Application\Common\Common\function.php 第 41 行.
NOTIC: [8] Undefined index: a C:\xampp\htdocs\cms\Application\Common\Common\function.php 第 41 行.
NOTIC: [8] Undefined index: a C:\xampp\htdocs\cms\Application\Common\Common\function.php 第 41 行.
NOTIC: [8] Undefined index: a C:\xampp\htdocs\cms\Application\Common\Common\function.php 第 41 行.
NOTIC: [8] Undefined index: a C:\xampp\htdocs\cms\Application\Common\Common\function.php 第 41 行.
INFO: Run Behavior\ParseTemplateBehavior [ RunTime:0.039003s ]
INFO: [ view_parse ] --END-- [ RunTime:0.039003s ]
INFO: [ view_filter ] --START--
INFO: Run Behavior\WriteHtmlCacheBehavior [ RunTime:0.001000s ]
INFO: [ view_filter ] --END-- [ RunTime:0.001000s ]
INFO: [ app_end ] --START--
INFO: Run Behavior\ShowPageTraceBehavior [ RunTime:0.001000s ]
INFO: [ app_end ] --END-- [ RunTime:0.001000s ]

[ 2017-04-17T22:24:28+08:00 ] ::1 /admin.php?c=basic&a=cache
INFO: [ app_init ] --START--
INFO: Run Behavior\BuildLiteBehavior [ RunTime:0.000000s ]
INFO: [ app_init ] --END-- [ RunTime:0.001000s ]
INFO: [ app_begin ] --START--
INFO: Run Behavior\ReadHtmlCacheBehavior [ RunTime:0.001000s ]
INFO: [ app_begin ] --END-- [ RunTime:0.001000s ]
INFO: [ view_parse ] --START--
INFO: [ template_filter ] --START--
INFO: Run Behavior\ContentReplaceBehavior [ RunTime:0.000000s ]
INFO: [ template_filter ] --END-- [ RunTime:0.000000s ]
NOTIC: [2] Declaration of Admin\Model\MenuModel::find($id) should be compatible with Think\Model::find($options = Array) C:\xampp\htdocs\cms\Application\Admin\Model\MenuModel.class.php 第 5 行.
SQL: SHOW COLUMNS FROM `cms_menu` [ RunTime:0.0030s ]
SQL: SELECT * FROM `cms_menu` WHERE `status` <> -1 AND `type` = 1 ORDER BY listorder desc,menu_id desc  [ RunTime:0.0010s ]
NOTIC: [8] Undefined index: a C:\xampp\htdocs\cms\Application\Common\Common\function.php 第 41 行.
NOTIC: [8] Undefined index: a C:\xampp\htdocs\cms\Application\Common\Common\function.php 第 41 行.
NOTIC: [8] Undefined index: a C:\xampp\htdocs\cms\Application\Common\Common\function.php 第 41 行.
NOTIC: [8] Undefined index: a C:\xampp\htdocs\cms\Application\Common\Common\function.php 第 41 行.
NOTIC: [8] Undefined index: a C:\xampp\htdocs\cms\Application\Common\Common\function.php 第 41 行.
NOTIC: [8] Undefined index: a C:\xampp\htdocs\cms\Application\Common\Common\function.php 第 41 行.
INFO: Run Behavior\ParseTemplateBehavior [ RunTime:0.034002s ]
INFO: [ view_parse ] --END-- [ RunTime:0.034002s ]
INFO: [ view_filter ] --START--
INFO: Run Behavior\WriteHtmlCacheBehavior [ RunTime:0.002000s ]
INFO: [ view_filter ] --END-- [ RunTime:0.002000s ]
INFO: [ app_end ] --START--
INFO: Run Behavior\ShowPageTraceBehavior [ RunTime:0.002000s ]
INFO: [ app_end ] --END-- [ RunTime:0.002000s ]

[ 2017-04-17T22:24:29+08:00 ] ::1 /admin.php?c=basic
INFO: [ app_init ] --START--
INFO: Run Behavior\BuildLiteBehavior [ RunTime:0.000000s ]
INFO: [ app_init ] --END-- [ RunTime:0.001000s ]
INFO: [ app_begin ] --START--
INFO: Run Behavior\ReadHtmlCacheBehavior [ RunTime:0.000000s ]
INFO: [ app_begin ] --END-- [ RunTime:0.000000s ]
NOTIC: [2] Declaration of Admin\Model\BasicModel::save($data = Array) should be compatible with Think\Model::save($data = '', $options = Array) C:\xampp\htdocs\cms\Application\Admin\Model\BasicModel.class.php 第 6 行.
NOTIC: [2] Declaration of Admin\Model\BasicModel::select() should be compatible with Think\Model::select($options = Array) C:\xampp\htdocs\cms\Application\Admin\Model\BasicModel.class.php 第 6 行.
INFO: [ view_parse ] --START--
INFO: [ template_filter ] --START--
INFO: Run Behavior\ContentReplaceBehavior [ RunTime:0.000000s ]
INFO: [ template_filter ] --END-- [ RunTime:0.000000s ]
NOTIC: [2] Declaration of Admin\Model\MenuModel::find($id) should be compatible with Think\Model::find($options = Array) C:\xampp\htdocs\cms\Application\Admin\Model\MenuModel.class.php 第 110 行.
SQL: SHOW COLUMNS FROM `cms_menu` [ RunTime:0.0040s ]
SQL: SELECT * FROM `cms_menu` WHERE `status` <> -1 AND `type` = 1 ORDER BY listorder desc,menu_id desc  [ RunTime:0.0030s ]
NOTIC: [8] Undefined index: a C:\xampp\htdocs\cms\Application\Common\Common\function.php 第 41 行.
NOTIC: [8] Undefined index: a C:\xampp\htdocs\cms\Application\Common\Common\function.php 第 41 行.
NOTIC: [8] Undefined index: a C:\xampp\htdocs\cms\Application\Common\Common\function.php 第 41 行.
NOTIC: [8] Undefined index: a C:\xampp\htdocs\cms\Application\Common\Common\function.php 第 41 行.
NOTIC: [8] Undefined index: a C:\xampp\htdocs\cms\Application\Common\Common\function.php 第 41 行.
NOTIC: [8] Undefined index: a C:\xampp\htdocs\cms\Application\Common\Common\function.php 第 41 行.
INFO: Run Behavior\ParseTemplateBehavior [ RunTime:0.045003s ]
INFO: [ view_parse ] --END-- [ RunTime:0.045003s ]
INFO: [ view_filter ] --START--
INFO: Run Behavior\WriteHtmlCacheBehavior [ RunTime:0.001000s ]
INFO: [ view_filter ] --END-- [ RunTime:0.001000s ]
INFO: [ app_end ] --START--
INFO: Run Behavior\ShowPageTraceBehavior [ RunTime:0.001000s ]
INFO: [ app_end ] --END-- [ RunTime:0.001000s ]

[ 2017-04-17T22:24:30+08:00 ] ::1 /admin.php?c=admin
INFO: [ app_init ] --START--
INFO: Run Behavior\BuildLiteBehavior [ RunTime:0.000000s ]
INFO: [ app_init ] --END-- [ RunTime:0.000000s ]
INFO: [ app_begin ] --START--
INFO: Run Behavior\ReadHtmlCacheBehavior [ RunTime:0.001000s ]
INFO: [ app_begin ] --END-- [ RunTime:0.001000s ]
NOTIC: [2] Declaration of Admin\Controller\AdminController::setStatus() should be compatible with Admin\Controller\CommonController::setStatus($data, $models) C:\xampp\htdocs\cms\Application\Admin\Controller\AdminController.class.php 第 9 行.
SQL: SHOW COLUMNS FROM `cms_admin` [ RunTime:0.0030s ]
SQL: SELECT * FROM `cms_admin` WHERE `status` <> -1  [ RunTime:0.0010s ]
INFO: [ view_parse ] --START--
INFO: [ template_filter ] --START--
INFO: Run Behavior\ContentReplaceBehavior [ RunTime:0.000000s ]
INFO: [ template_filter ] --END-- [ RunTime:0.000000s ]
NOTIC: [2] Declaration of Admin\Model\MenuModel::find($id) should be compatible with Think\Model::find($options = Array) C:\xampp\htdocs\cms\Application\Admin\Model\MenuModel.class.php 第 110 行.
SQL: SHOW COLUMNS FROM `cms_menu` [ RunTime:0.0040s ]
SQL: SELECT * FROM `cms_menu` WHERE `status` <> -1 AND `type` = 1 ORDER BY listorder desc,menu_id desc  [ RunTime:0.0010s ]
NOTIC: [8] Undefined index: a C:\xampp\htdocs\cms\Application\Common\Common\function.php 第 41 行.
NOTIC: [8] Undefined index: a C:\xampp\htdocs\cms\Application\Common\Common\function.php 第 41 行.
NOTIC: [8] Undefined index: a C:\xampp\htdocs\cms\Application\Common\Common\function.php 第 41 行.
NOTIC: [8] Undefined index: a C:\xampp\htdocs\cms\Application\Common\Common\function.php 第 41 行.
NOTIC: [8] Undefined index: a C:\xampp\htdocs\cms\Application\Common\Common\function.php 第 41 行.
NOTIC: [8] Undefined index: a C:\xampp\htdocs\cms\Application\Common\Common\function.php 第 41 行.
NOTIC: [8] Undefined variable: nav C:\xampp\htdocs\cms\Application\Runtime\Cache\Admin\b682812e058c4f7cab74d08ab9eabe11.php 第 102 行.
INFO: Run Behavior\ParseTemplateBehavior [ RunTime:0.018001s ]
INFO: [ view_parse ] --END-- [ RunTime:0.018001s ]
INFO: [ view_filter ] --START--
INFO: Run Behavior\WriteHtmlCacheBehavior [ RunTime:0.001000s ]
INFO: [ view_filter ] --END-- [ RunTime:0.001000s ]
INFO: [ app_end ] --START--
INFO: Run Behavior\ShowPageTraceBehavior [ RunTime:0.001000s ]
INFO: [ app_end ] --END-- [ RunTime:0.001000s ]

[ 2017-04-17T22:24:31+08:00 ] ::1 /admin.php?c=positioncontent
INFO: [ app_init ] --START--
INFO: Run Behavior\BuildLiteBehavior [ RunTime:0.000000s ]
INFO: [ app_init ] --END-- [ RunTime:0.001000s ]
INFO: [ app_begin ] --START--
INFO: Run Behavior\ReadHtmlCacheBehavior [ RunTime:0.002000s ]
INFO: [ app_begin ] --END-- [ RunTime:0.002000s ]
NOTIC: [2] Declaration of Admin\Controller\PositioncontentController::setStatus() should be compatible with Admin\Controller\CommonController::setStatus($data, $models) C:\xampp\htdocs\cms\Application\Admin\Controller\PositioncontentController.class.php 第 5 行.
NOTIC: [2] Declaration of Admin\Controller\PositioncontentController::listorder() should be compatible with Admin\Controller\CommonController::listorder($model = '') C:\xampp\htdocs\cms\Application\Admin\Controller\PositioncontentController.class.php 第 5 行.
NOTIC: [2] Declaration of Admin\Model\PositionModel::find($id) should be compatible with Think\Model::find($options = Array) C:\xampp\htdocs\cms\Application\Admin\Model\PositionModel.class.php 第 5 行.
SQL: SHOW COLUMNS FROM `cms_position` [ RunTime:0.0030s ]
SQL: SELECT * FROM `cms_position` WHERE `status` <> -1 ORDER BY id  [ RunTime:0.0020s ]
NOTIC: [8] Undefined index: title C:\xampp\htdocs\cms\Application\Admin\Controller\PositioncontentController.class.php 第 12 行.
NOTIC: [8] Undefined index: position_id C:\xampp\htdocs\cms\Application\Admin\Controller\PositioncontentController.class.php 第 17 行.
NOTIC: [8] Undefined index: p C:\xampp\htdocs\cms\Application\Admin\Controller\PositioncontentController.class.php 第 23 行.
NOTIC: [8] Undefined index: pageSize C:\xampp\htdocs\cms\Application\Admin\Controller\PositioncontentController.class.php 第 24 行.
NOTIC: [2] Declaration of Admin\Model\PositionContentModel::find($id) should be compatible with Think\Model::find($options = Array) C:\xampp\htdocs\cms\Application\Admin\Model\PositionContentModel.class.php 第 100 行.
SQL: SHOW COLUMNS FROM `cms_position_content` [ RunTime:0.0040s ]
SQL: SELECT * FROM `cms_position_content` WHERE `status` <> -1 ORDER BY listorder desc, id desc LIMIT 0,2   [ RunTime:0.0000s ]
SQL: SELECT COUNT(*) AS tp_count FROM `cms_position_content` WHERE `status` <> -1 LIMIT 1   [ RunTime:0.0010s ]
INFO: [ view_parse ] --START--
INFO: [ template_filter ] --START--
INFO: Run Behavior\ContentReplaceBehavior [ RunTime:0.000000s ]
INFO: [ template_filter ] --END-- [ RunTime:0.000000s ]
NOTIC: [2] Declaration of Admin\Model\MenuModel::find($id) should be compatible with Think\Model::find($options = Array) C:\xampp\htdocs\cms\Application\Admin\Model\MenuModel.class.php 第 110 行.
SQL: SHOW COLUMNS FROM `cms_menu` [ RunTime:0.0060s ]
SQL: SELECT * FROM `cms_menu` WHERE `status` <> -1 AND `type` = 1 ORDER BY listorder desc,menu_id desc  [ RunTime:0.0000s ]
NOTIC: [8] Undefined index: a C:\xampp\htdocs\cms\Application\Common\Common\function.php 第 41 行.
NOTIC: [8] Undefined index: a C:\xampp\htdocs\cms\Application\Common\Common\function.php 第 41 行.
NOTIC: [8] Undefined index: a C:\xampp\htdocs\cms\Application\Common\Common\function.php 第 41 行.
NOTIC: [8] Undefined index: a C:\xampp\htdocs\cms\Application\Common\Common\function.php 第 41 行.
NOTIC: [8] Undefined index: a C:\xampp\htdocs\cms\Application\Common\Common\function.php 第 41 行.
NOTIC: [8] Undefined index: a C:\xampp\htdocs\cms\Application\Common\Common\function.php 第 41 行.
NOTIC: [8] Undefined variable: positionId C:\xampp\htdocs\cms\Application\Runtime\Cache\Admin\b8a8b9d170e6c07d7b463ea02385894d.php 第 114 行.
NOTIC: [8] Undefined variable: positionId C:\xampp\htdocs\cms\Application\Runtime\Cache\Admin\b8a8b9d170e6c07d7b463ea02385894d.php 第 114 行.
NOTIC: [8] Undefined variable: positionId C:\xampp\htdocs\cms\Application\Runtime\Cache\Admin\b8a8b9d170e6c07d7b463ea02385894d.php 第 114 行.
NOTIC: [8] Undefined variable: title C:\xampp\htdocs\cms\Application\Runtime\Cache\Admin\b8a8b9d170e6c07d7b463ea02385894d.php 第 122 行.
INFO: Run Behavior\ParseTemplateBehavior [ RunTime:0.024002s ]
INFO: [ view_parse ] --END-- [ RunTime:0.024002s ]
INFO: [ view_filter ] --START--
INFO: Run Behavior\WriteHtmlCacheBehavior [ RunTime:0.001000s ]
INFO: [ view_filter ] --END-- [ RunTime:0.001000s ]
INFO: [ app_end ] --START--
INFO: Run Behavior\ShowPageTraceBehavior [ RunTime:0.001000s ]
INFO: [ app_end ] --END-- [ RunTime:0.001000s ]

[ 2017-04-17T22:24:32+08:00 ] ::1 /admin.php?c=position
INFO: [ app_init ] --START--
INFO: Run Behavior\BuildLiteBehavior [ RunTime:0.000000s ]
INFO: [ app_init ] --END-- [ RunTime:0.001000s ]
INFO: [ app_begin ] --START--
INFO: Run Behavior\ReadHtmlCacheBehavior [ RunTime:0.001000s ]
INFO: [ app_begin ] --END-- [ RunTime:0.001000s ]
NOTIC: [2] Declaration of Admin\Controller\PositionController::setStatus() should be compatible with Admin\Controller\CommonController::setStatus($data, $models) C:\xampp\htdocs\cms\Application\Admin\Controller\PositionController.class.php 第 5 行.
NOTIC: [2] Declaration of Admin\Model\PositionModel::find($id) should be compatible with Think\Model::find($options = Array) C:\xampp\htdocs\cms\Application\Admin\Model\PositionModel.class.php 第 5 行.
SQL: SHOW COLUMNS FROM `cms_position` [ RunTime:0.0030s ]
SQL: SELECT * FROM `cms_position` WHERE `status` <> -1 ORDER BY id  [ RunTime:0.0000s ]
INFO: [ view_parse ] --START--
INFO: [ template_filter ] --START--
INFO: Run Behavior\ContentReplaceBehavior [ RunTime:0.000000s ]
INFO: [ template_filter ] --END-- [ RunTime:0.000000s ]
NOTIC: [2] Declaration of Admin\Model\MenuModel::find($id) should be compatible with Think\Model::find($options = Array) C:\xampp\htdocs\cms\Application\Admin\Model\MenuModel.class.php 第 110 行.
SQL: SHOW COLUMNS FROM `cms_menu` [ RunTime:0.0030s ]
SQL: SELECT * FROM `cms_menu` WHERE `status` <> -1 AND `type` = 1 ORDER BY listorder desc,menu_id desc  [ RunTime:0.0010s ]
NOTIC: [8] Undefined index: a C:\xampp\htdocs\cms\Application\Common\Common\function.php 第 41 行.
NOTIC: [8] Undefined index: a C:\xampp\htdocs\cms\Application\Common\Common\function.php 第 41 行.
NOTIC: [8] Undefined index: a C:\xampp\htdocs\cms\Application\Common\Common\function.php 第 41 行.
NOTIC: [8] Undefined index: a C:\xampp\htdocs\cms\Application\Common\Common\function.php 第 41 行.
NOTIC: [8] Undefined index: a C:\xampp\htdocs\cms\Application\Common\Common\function.php 第 41 行.
NOTIC: [8] Undefined index: a C:\xampp\htdocs\cms\Application\Common\Common\function.php 第 41 行.
NOTIC: [8] Undefined variable: nav C:\xampp\htdocs\cms\Application\Runtime\Cache\Admin\3a437f75b5b60a521a3ad0fc93a5ab5f.php 第 99 行.
INFO: Run Behavior\ParseTemplateBehavior [ RunTime:0.017001s ]
INFO: [ view_parse ] --END-- [ RunTime:0.017001s ]
INFO: [ view_filter ] --START--
INFO: Run Behavior\WriteHtmlCacheBehavior [ RunTime:0.001000s ]
INFO: [ view_filter ] --END-- [ RunTime:0.001000s ]
INFO: [ app_end ] --START--
INFO: Run Behavior\ShowPageTraceBehavior [ RunTime:0.001001s ]
INFO: [ app_end ] --END-- [ RunTime:0.001001s ]

[ 2017-04-17T22:24:33+08:00 ] ::1 /admin.php?c=content
INFO: [ app_init ] --START--
INFO: Run Behavior\BuildLiteBehavior [ RunTime:0.000000s ]
INFO: [ app_init ] --END-- [ RunTime:0.000000s ]
INFO: [ app_begin ] --START--
INFO: Run Behavior\ReadHtmlCacheBehavior [ RunTime:0.001000s ]
INFO: [ app_begin ] --END-- [ RunTime:0.001000s ]
NOTIC: [2] Declaration of Admin\Controller\ContentController::setStatus() should be compatible with Admin\Controller\CommonController::setStatus($data, $models) C:\xampp\htdocs\cms\Application\Admin\Controller\ContentController.class.php 第 9 行.
NOTIC: [2] Declaration of Admin\Controller\ContentController::listorder() should be compatible with Admin\Controller\CommonController::listorder($model = '') C:\xampp\htdocs\cms\Application\Admin\Controller\ContentController.class.php 第 9 行.
NOTIC: [8] Undefined index: title C:\xampp\htdocs\cms\Application\Admin\Controller\ContentController.class.php 第 12 行.
NOTIC: [8] Undefined index: catid C:\xampp\htdocs\cms\Application\Admin\Controller\ContentController.class.php 第 17 行.
NOTIC: [8] Undefined index: p C:\xampp\htdocs\cms\Application\Admin\Controller\ContentController.class.php 第 23 行.
NOTIC: [2] Declaration of Admin\Model\NewsModel::find($id) should be compatible with Think\Model::find($options = Array) C:\xampp\htdocs\cms\Application\Admin\Model\NewsModel.class.php 第 8 行.
SQL: SHOW COLUMNS FROM `cms_news` [ RunTime:0.0050s ]
SQL: SELECT * FROM `cms_news` WHERE `status` <> -1 ORDER BY listorder desc ,news_id desc LIMIT 0,3   [ RunTime:0.0000s ]
SQL: SELECT COUNT(*) AS tp_count FROM `cms_news` WHERE `status` <> -1 LIMIT 1   [ RunTime:0.0010s ]
NOTIC: [2] Declaration of Admin\Model\MenuModel::find($id) should be compatible with Think\Model::find($options = Array) C:\xampp\htdocs\cms\Application\Admin\Model\MenuModel.class.php 第 110 行.
SQL: SHOW COLUMNS FROM `cms_menu` [ RunTime:0.0040s ]
SQL: SELECT * FROM `cms_menu` WHERE `status` = 1 AND `type` = 0 ORDER BY listorder desc,menu_id desc  [ RunTime:0.0010s ]
NOTIC: [2] Declaration of Admin\Model\PositionModel::find($id) should be compatible with Think\Model::find($options = Array) C:\xampp\htdocs\cms\Application\Admin\Model\PositionModel.class.php 第 71 行.
SQL: SHOW COLUMNS FROM `cms_position` [ RunTime:0.0030s ]
SQL: SELECT * FROM `cms_position` WHERE `status` <> -1 ORDER BY id  [ RunTime:0.0010s ]
INFO: [ view_parse ] --START--
INFO: [ template_filter ] --START--
INFO: Run Behavior\ContentReplaceBehavior [ RunTime:0.000000s ]
INFO: [ template_filter ] --END-- [ RunTime:0.000000s ]
SQL: SELECT * FROM `cms_menu` WHERE `status` <> -1 AND `type` = 1 ORDER BY listorder desc,menu_id desc  [ RunTime:0.0000s ]
NOTIC: [8] Undefined index: a C:\xampp\htdocs\cms\Application\Common\Common\function.php 第 41 行.
NOTIC: [8] Undefined index: a C:\xampp\htdocs\cms\Application\Common\Common\function.php 第 41 行.
NOTIC: [8] Undefined index: a C:\xampp\htdocs\cms\Application\Common\Common\function.php 第 41 行.
NOTIC: [8] Undefined index: a C:\xampp\htdocs\cms\Application\Common\Common\function.php 第 41 行.
NOTIC: [8] Undefined index: a C:\xampp\htdocs\cms\Application\Common\Common\function.php 第 41 行.
NOTIC: [8] Undefined index: a C:\xampp\htdocs\cms\Application\Common\Common\function.php 第 41 行.
NOTIC: [8] Undefined variable: catid C:\xampp\htdocs\cms\Application\Runtime\Cache\Admin\ccc9ced3ad798311a07cb47b740981c5.php 第 116 行.
NOTIC: [8] Undefined variable: catid C:\xampp\htdocs\cms\Application\Runtime\Cache\Admin\ccc9ced3ad798311a07cb47b740981c5.php 第 116 行.
NOTIC: [8] Undefined variable: catid C:\xampp\htdocs\cms\Application\Runtime\Cache\Admin\ccc9ced3ad798311a07cb47b740981c5.php 第 116 行.
NOTIC: [8] Undefined variable: title C:\xampp\htdocs\cms\Application\Runtime\Cache\Admin\ccc9ced3ad798311a07cb47b740981c5.php 第 124 行.
INFO: Run Behavior\ParseTemplateBehavior [ RunTime:0.016001s ]
INFO: [ view_parse ] --END-- [ RunTime:0.018001s ]
INFO: [ view_filter ] --START--
INFO: Run Behavior\WriteHtmlCacheBehavior [ RunTime:0.000000s ]
INFO: [ view_filter ] --END-- [ RunTime:0.000000s ]
INFO: [ app_end ] --START--
INFO: Run Behavior\ShowPageTraceBehavior [ RunTime:0.001000s ]
INFO: [ app_end ] --END-- [ RunTime:0.002000s ]

[ 2017-04-17T22:24:34+08:00 ] ::1 /admin.php?c=menu
INFO: [ app_init ] --START--
INFO: Run Behavior\BuildLiteBehavior [ RunTime:0.000000s ]
INFO: [ app_init ] --END-- [ RunTime:0.000000s ]
INFO: [ app_begin ] --START--
INFO: Run Behavior\ReadHtmlCacheBehavior [ RunTime:0.001000s ]
INFO: [ app_begin ] --END-- [ RunTime:0.001000s ]
NOTIC: [2] Declaration of Admin\Controller\MenuController::setStatus() should be compatible with Admin\Controller\CommonController::setStatus($data, $models) C:\xampp\htdocs\cms\Application\Admin\Controller\MenuController.class.php 第 9 行.
NOTIC: [2] Declaration of Admin\Controller\MenuController::listorder() should be compatible with Admin\Controller\CommonController::listorder($model = '') C:\xampp\htdocs\cms\Application\Admin\Controller\MenuController.class.php 第 9 行.
NOTIC: [8] Undefined index: p C:\xampp\htdocs\cms\Application\Admin\Controller\MenuController.class.php 第 57 行.
NOTIC: [8] Undefined index: pageSize C:\xampp\htdocs\cms\Application\Admin\Controller\MenuController.class.php 第 58 行.
NOTIC: [2] Declaration of Admin\Model\MenuModel::find($id) should be compatible with Think\Model::find($options = Array) C:\xampp\htdocs\cms\Application\Admin\Model\MenuModel.class.php 第 5 行.
SQL: SHOW COLUMNS FROM `cms_menu` [ RunTime:0.0050s ]
SQL: SELECT * FROM `cms_menu` WHERE `status` <> -1 ORDER BY listorder desc, menu_id desc LIMIT 0,3   [ RunTime:0.0020s ]
SQL: SELECT COUNT(*) AS tp_count FROM `cms_menu` WHERE `status` <> -1 LIMIT 1   [ RunTime:0.0000s ]
INFO: [ view_parse ] --START--
INFO: [ template_filter ] --START--
INFO: Run Behavior\ContentReplaceBehavior [ RunTime:0.000000s ]
INFO: [ template_filter ] --END-- [ RunTime:0.000000s ]
SQL: SELECT * FROM `cms_menu` WHERE `status` <> -1 AND `type` = 1 ORDER BY listorder desc,menu_id desc  [ RunTime:0.0000s ]
NOTIC: [8] Undefined index: a C:\xampp\htdocs\cms\Application\Common\Common\function.php 第 41 行.
NOTIC: [8] Undefined index: a C:\xampp\htdocs\cms\Application\Common\Common\function.php 第 41 行.
NOTIC: [8] Undefined index: a C:\xampp\htdocs\cms\Application\Common\Common\function.php 第 41 行.
NOTIC: [8] Undefined index: a C:\xampp\htdocs\cms\Application\Common\Common\function.php 第 41 行.
NOTIC: [8] Undefined index: a C:\xampp\htdocs\cms\Application\Common\Common\function.php 第 41 行.
NOTIC: [8] Undefined index: a C:\xampp\htdocs\cms\Application\Common\Common\function.php 第 41 行.
NOTIC: [8] Undefined variable: nav C:\xampp\htdocs\cms\Application\Runtime\Cache\Admin\b956215329b6f9aca22277599a4efdfc.php 第 102 行.
INFO: Run Behavior\ParseTemplateBehavior [ RunTime:0.012001s ]
INFO: [ view_parse ] --END-- [ RunTime:0.012001s ]
INFO: [ view_filter ] --START--
INFO: Run Behavior\WriteHtmlCacheBehavior [ RunTime:0.001000s ]
INFO: [ view_filter ] --END-- [ RunTime:0.001000s ]
INFO: [ app_end ] --START--
INFO: Run Behavior\ShowPageTraceBehavior [ RunTime:0.001000s ]
INFO: [ app_end ] --END-- [ RunTime:0.001000s ]

[ 2017-04-17T22:24:35+08:00 ] ::1 /admin.php
INFO: [ app_init ] --START--
INFO: Run Behavior\BuildLiteBehavior [ RunTime:0.000000s ]
INFO: [ app_init ] --END-- [ RunTime:0.001000s ]
INFO: [ app_begin ] --START--
INFO: Run Behavior\ReadHtmlCacheBehavior [ RunTime:0.001000s ]
INFO: [ app_begin ] --END-- [ RunTime:0.001000s ]
INFO: [ view_parse ] --START--
INFO: [ template_filter ] --START--
INFO: Run Behavior\ContentReplaceBehavior [ RunTime:0.000000s ]
INFO: [ template_filter ] --END-- [ RunTime:0.000000s ]
NOTIC: [2] Declaration of Admin\Model\MenuModel::find($id) should be compatible with Think\Model::find($options = Array) C:\xampp\htdocs\cms\Application\Admin\Model\MenuModel.class.php 第 5 行.
SQL: SHOW COLUMNS FROM `cms_menu` [ RunTime:0.0040s ]
SQL: SELECT * FROM `cms_menu` WHERE `status` <> -1 AND `type` = 1 ORDER BY listorder desc,menu_id desc  [ RunTime:0.0000s ]
NOTIC: [8] Undefined index: a C:\xampp\htdocs\cms\Application\Common\Common\function.php 第 41 行.
NOTIC: [8] Undefined index: a C:\xampp\htdocs\cms\Application\Common\Common\function.php 第 41 行.
NOTIC: [8] Undefined index: a C:\xampp\htdocs\cms\Application\Common\Common\function.php 第 41 行.
NOTIC: [8] Undefined index: a C:\xampp\htdocs\cms\Application\Common\Common\function.php 第 41 行.
NOTIC: [8] Undefined index: a C:\xampp\htdocs\cms\Application\Common\Common\function.php 第 41 行.
NOTIC: [8] Undefined index: a C:\xampp\htdocs\cms\Application\Common\Common\function.php 第 41 行.
NOTIC: [8] Undefined variable: news C:\xampp\htdocs\cms\Application\Runtime\Cache\Admin\b595b808c2ebeeeb0478ffc30bb4e87a.php 第 165 行.
INFO: Run Behavior\ParseTemplateBehavior [ RunTime:0.052003s ]
INFO: [ view_parse ] --END-- [ RunTime:0.052003s ]
INFO: [ view_filter ] --START--
INFO: Run Behavior\WriteHtmlCacheBehavior [ RunTime:0.001000s ]
INFO: [ view_filter ] --END-- [ RunTime:0.001000s ]
INFO: [ app_end ] --START--
INFO: Run Behavior\ShowPageTraceBehavior [ RunTime:0.002000s ]
INFO: [ app_end ] --END-- [ RunTime:0.002000s ]

[ 2017-04-17T22:24:36+08:00 ] ::1 /admin.php?c=menu
INFO: [ app_init ] --START--
INFO: Run Behavior\BuildLiteBehavior [ RunTime:0.000000s ]
INFO: [ app_init ] --END-- [ RunTime:0.001000s ]
INFO: [ app_begin ] --START--
INFO: Run Behavior\ReadHtmlCacheBehavior [ RunTime:0.001000s ]
INFO: [ app_begin ] --END-- [ RunTime:0.001000s ]
NOTIC: [2] Declaration of Admin\Controller\MenuController::setStatus() should be compatible with Admin\Controller\CommonController::setStatus($data, $models) C:\xampp\htdocs\cms\Application\Admin\Controller\MenuController.class.php 第 9 行.
NOTIC: [2] Declaration of Admin\Controller\MenuController::listorder() should be compatible with Admin\Controller\CommonController::listorder($model = '') C:\xampp\htdocs\cms\Application\Admin\Controller\MenuController.class.php 第 9 行.
NOTIC: [8] Undefined index: p C:\xampp\htdocs\cms\Application\Admin\Controller\MenuController.class.php 第 57 行.
NOTIC: [8] Undefined index: pageSize C:\xampp\htdocs\cms\Application\Admin\Controller\MenuController.class.php 第 58 行.
NOTIC: [2] Declaration of Admin\Model\MenuModel::find($id) should be compatible with Think\Model::find($options = Array) C:\xampp\htdocs\cms\Application\Admin\Model\MenuModel.class.php 第 5 行.
SQL: SHOW COLUMNS FROM `cms_menu` [ RunTime:0.0040s ]
SQL: SELECT * FROM `cms_menu` WHERE `status` <> -1 ORDER BY listorder desc, menu_id desc LIMIT 0,3   [ RunTime:0.0000s ]
SQL: SELECT COUNT(*) AS tp_count FROM `cms_menu` WHERE `status` <> -1 LIMIT 1   [ RunTime:0.0000s ]
INFO: [ view_parse ] --START--
INFO: [ template_filter ] --START--
INFO: Run Behavior\ContentReplaceBehavior [ RunTime:0.000000s ]
INFO: [ template_filter ] --END-- [ RunTime:0.000000s ]
SQL: SELECT * FROM `cms_menu` WHERE `status` <> -1 AND `type` = 1 ORDER BY listorder desc,menu_id desc  [ RunTime:0.0000s ]
NOTIC: [8] Undefined index: a C:\xampp\htdocs\cms\Application\Common\Common\function.php 第 41 行.
NOTIC: [8] Undefined index: a C:\xampp\htdocs\cms\Application\Common\Common\function.php 第 41 行.
NOTIC: [8] Undefined index: a C:\xampp\htdocs\cms\Application\Common\Common\function.php 第 41 行.
NOTIC: [8] Undefined index: a C:\xampp\htdocs\cms\Application\Common\Common\function.php 第 41 行.
NOTIC: [8] Undefined index: a C:\xampp\htdocs\cms\Application\Common\Common\function.php 第 41 行.
NOTIC: [8] Undefined index: a C:\xampp\htdocs\cms\Application\Common\Common\function.php 第 41 行.
NOTIC: [8] Undefined variable: nav C:\xampp\htdocs\cms\Application\Runtime\Cache\Admin\b956215329b6f9aca22277599a4efdfc.php 第 102 行.
INFO: Run Behavior\ParseTemplateBehavior [ RunTime:0.015001s ]
INFO: [ view_parse ] --END-- [ RunTime:0.015001s ]
INFO: [ view_filter ] --START--
INFO: Run Behavior\WriteHtmlCacheBehavior [ RunTime:0.000000s ]
INFO: [ view_filter ] --END-- [ RunTime:0.000000s ]
INFO: [ app_end ] --START--
INFO: Run Behavior\ShowPageTraceBehavior [ RunTime:0.001000s ]
INFO: [ app_end ] --END-- [ RunTime:0.001000s ]

[ 2017-04-17T22:24:37+08:00 ] ::1 /admin.php
INFO: [ app_init ] --START--
INFO: Run Behavior\BuildLiteBehavior [ RunTime:0.000000s ]
INFO: [ app_init ] --END-- [ RunTime:0.001000s ]
INFO: [ app_begin ] --START--
INFO: Run Behavior\ReadHtmlCacheBehavior [ RunTime:0.001001s ]
INFO: [ app_begin ] --END-- [ RunTime:0.001001s ]
INFO: [ view_parse ] --START--
INFO: [ template_filter ] --START--
INFO: Run Behavior\ContentReplaceBehavior [ RunTime:0.000000s ]
INFO: [ template_filter ] --END-- [ RunTime:0.000000s ]
NOTIC: [2] Declaration of Admin\Model\MenuModel::find($id) should be compatible with Think\Model::find($options = Array) C:\xampp\htdocs\cms\Application\Admin\Model\MenuModel.class.php 第 5 行.
SQL: SHOW COLUMNS FROM `cms_menu` [ RunTime:0.0040s ]
SQL: SELECT * FROM `cms_menu` WHERE `status` <> -1 AND `type` = 1 ORDER BY listorder desc,menu_id desc  [ RunTime:0.0010s ]
NOTIC: [8] Undefined index: a C:\xampp\htdocs\cms\Application\Common\Common\function.php 第 41 行.
NOTIC: [8] Undefined index: a C:\xampp\htdocs\cms\Application\Common\Common\function.php 第 41 行.
NOTIC: [8] Undefined index: a C:\xampp\htdocs\cms\Application\Common\Common\function.php 第 41 行.
NOTIC: [8] Undefined index: a C:\xampp\htdocs\cms\Application\Common\Common\function.php 第 41 行.
NOTIC: [8] Undefined index: a C:\xampp\htdocs\cms\Application\Common\Common\function.php 第 41 行.
NOTIC: [8] Undefined index: a C:\xampp\htdocs\cms\Application\Common\Common\function.php 第 41 行.
NOTIC: [8] Undefined variable: news C:\xampp\htdocs\cms\Application\Runtime\Cache\Admin\b595b808c2ebeeeb0478ffc30bb4e87a.php 第 165 行.
INFO: Run Behavior\ParseTemplateBehavior [ RunTime:0.040002s ]
INFO: [ view_parse ] --END-- [ RunTime:0.040002s ]
INFO: [ view_filter ] --START--
INFO: Run Behavior\WriteHtmlCacheBehavior [ RunTime:0.001000s ]
INFO: [ view_filter ] --END-- [ RunTime:0.001000s ]
INFO: [ app_end ] --START--
INFO: Run Behavior\ShowPageTraceBehavior [ RunTime:0.001000s ]
INFO: [ app_end ] --END-- [ RunTime:0.001000s ]

[ 2017-04-17T22:25:54+08:00 ] ::1 /admin.php?c=basic
INFO: [ app_init ] --START--
INFO: Run Behavior\BuildLiteBehavior [ RunTime:0.000000s ]
INFO: [ app_init ] --END-- [ RunTime:0.000000s ]
INFO: [ app_begin ] --START--
INFO: Run Behavior\ReadHtmlCacheBehavior [ RunTime:0.002000s ]
INFO: [ app_begin ] --END-- [ RunTime:0.002000s ]
NOTIC: [2] Declaration of Admin\Model\BasicModel::save($data = Array) should be compatible with Think\Model::save($data = '', $options = Array) C:\xampp\htdocs\cms\Application\Admin\Model\BasicModel.class.php 第 6 行.
NOTIC: [2] Declaration of Admin\Model\BasicModel::select() should be compatible with Think\Model::select($options = Array) C:\xampp\htdocs\cms\Application\Admin\Model\BasicModel.class.php 第 6 行.
INFO: [ view_parse ] --START--
INFO: [ template_filter ] --START--
INFO: Run Behavior\ContentReplaceBehavior [ RunTime:0.000000s ]
INFO: [ template_filter ] --END-- [ RunTime:0.000000s ]
NOTIC: [2] Declaration of Admin\Model\MenuModel::find($id) should be compatible with Think\Model::find($options = Array) C:\xampp\htdocs\cms\Application\Admin\Model\MenuModel.class.php 第 110 行.
SQL: SHOW COLUMNS FROM `cms_menu` [ RunTime:0.0040s ]
SQL: SELECT * FROM `cms_menu` WHERE `status` <> -1 AND `type` = 1 ORDER BY listorder desc,menu_id desc  [ RunTime:0.0010s ]
NOTIC: [8] Undefined index: a C:\xampp\htdocs\cms\Application\Common\Common\function.php 第 41 行.
NOTIC: [8] Undefined index: a C:\xampp\htdocs\cms\Application\Common\Common\function.php 第 41 行.
NOTIC: [8] Undefined index: a C:\xampp\htdocs\cms\Application\Common\Common\function.php 第 41 行.
NOTIC: [8] Undefined index: a C:\xampp\htdocs\cms\Application\Common\Common\function.php 第 41 行.
NOTIC: [8] Undefined index: a C:\xampp\htdocs\cms\Application\Common\Common\function.php 第 41 行.
NOTIC: [8] Undefined index: a C:\xampp\htdocs\cms\Application\Common\Common\function.php 第 41 行.
INFO: Run Behavior\ParseTemplateBehavior [ RunTime:0.025002s ]
INFO: [ view_parse ] --END-- [ RunTime:0.025002s ]
INFO: [ view_filter ] --START--
INFO: Run Behavior\WriteHtmlCacheBehavior [ RunTime:0.001000s ]
INFO: [ view_filter ] --END-- [ RunTime:0.001000s ]
INFO: [ app_end ] --START--
INFO: Run Behavior\ShowPageTraceBehavior [ RunTime:0.001000s ]
INFO: [ app_end ] --END-- [ RunTime:0.001000s ]

[ 2017-04-17T22:25:55+08:00 ] ::1 /admin.php?c=admin
INFO: [ app_init ] --START--
INFO: Run Behavior\BuildLiteBehavior [ RunTime:0.000000s ]
INFO: [ app_init ] --END-- [ RunTime:0.001000s ]
INFO: [ app_begin ] --START--
INFO: Run Behavior\ReadHtmlCacheBehavior [ RunTime:0.001000s ]
INFO: [ app_begin ] --END-- [ RunTime:0.001000s ]
NOTIC: [2] Declaration of Admin\Controller\AdminController::setStatus() should be compatible with Admin\Controller\CommonController::setStatus($data, $models) C:\xampp\htdocs\cms\Application\Admin\Controller\AdminController.class.php 第 9 行.
SQL: SHOW COLUMNS FROM `cms_admin` [ RunTime:0.0030s ]
SQL: SELECT * FROM `cms_admin` WHERE `status` <> -1  [ RunTime:0.0000s ]
INFO: [ view_parse ] --START--
INFO: [ template_filter ] --START--
INFO: Run Behavior\ContentReplaceBehavior [ RunTime:0.000000s ]
INFO: [ template_filter ] --END-- [ RunTime:0.000000s ]
NOTIC: [2] Declaration of Admin\Model\MenuModel::find($id) should be compatible with Think\Model::find($options = Array) C:\xampp\htdocs\cms\Application\Admin\Model\MenuModel.class.php 第 110 行.
SQL: SHOW COLUMNS FROM `cms_menu` [ RunTime:0.0030s ]
SQL: SELECT * FROM `cms_menu` WHERE `status` <> -1 AND `type` = 1 ORDER BY listorder desc,menu_id desc  [ RunTime:0.0000s ]
NOTIC: [8] Undefined index: a C:\xampp\htdocs\cms\Application\Common\Common\function.php 第 41 行.
NOTIC: [8] Undefined index: a C:\xampp\htdocs\cms\Application\Common\Common\function.php 第 41 行.
NOTIC: [8] Undefined index: a C:\xampp\htdocs\cms\Application\Common\Common\function.php 第 41 行.
NOTIC: [8] Undefined index: a C:\xampp\htdocs\cms\Application\Common\Common\function.php 第 41 行.
NOTIC: [8] Undefined index: a C:\xampp\htdocs\cms\Application\Common\Common\function.php 第 41 行.
NOTIC: [8] Undefined index: a C:\xampp\htdocs\cms\Application\Common\Common\function.php 第 41 行.
NOTIC: [8] Undefined variable: nav C:\xampp\htdocs\cms\Application\Runtime\Cache\Admin\b682812e058c4f7cab74d08ab9eabe11.php 第 102 行.
INFO: Run Behavior\ParseTemplateBehavior [ RunTime:0.016001s ]
INFO: [ view_parse ] --END-- [ RunTime:0.016001s ]
INFO: [ view_filter ] --START--
INFO: Run Behavior\WriteHtmlCacheBehavior [ RunTime:0.000000s ]
INFO: [ view_filter ] --END-- [ RunTime:0.000000s ]
INFO: [ app_end ] --START--
INFO: Run Behavior\ShowPageTraceBehavior [ RunTime:0.001000s ]
INFO: [ app_end ] --END-- [ RunTime:0.001000s ]

